{"/home/traning/Documents/Nihit/ChatbotMain18-9-17/Main_chatBot/Server/routes/product/addProduct.js":{"path":"/home/traning/Documents/Nihit/ChatbotMain18-9-17/Main_chatBot/Server/routes/product/addProduct.js","statementMap":{"0":{"start":{"line":3,"column":0},"end":{"line":5,"column":3}},"1":{"start":{"line":7,"column":21},"end":{"line":7,"column":57}},"2":{"start":{"line":9,"column":22},"end":{"line":9,"column":60}},"3":{"start":{"line":11,"column":20},"end":{"line":11,"column":56}},"4":{"start":{"line":13,"column":21},"end":{"line":13,"column":58}},"5":{"start":{"line":15,"column":39},"end":{"line":15,"column":93}},"6":{"start":{"line":17,"column":0},"end":{"line":28,"column":2}},"7":{"start":{"line":18,"column":4},"end":{"line":27,"column":7}},"8":{"start":{"line":20,"column":8},"end":{"line":26,"column":11}},"9":{"start":{"line":21,"column":12},"end":{"line":25,"column":13}},"10":{"start":{"line":22,"column":16},"end":{"line":22,"column":93}},"11":{"start":{"line":24,"column":16},"end":{"line":24,"column":104}}},"fnMap":{"0":{"name":"_interopRequireDefault","decl":{"start":{"line":15,"column":9},"end":{"line":15,"column":31}},"loc":{"start":{"line":15,"column":37},"end":{"line":15,"column":95}},"line":15},"1":{"name":"(anonymous_1)","decl":{"start":{"line":17,"column":18},"end":{"line":17,"column":19}},"loc":{"start":{"line":17,"column":33},"end":{"line":28,"column":1}},"line":17},"2":{"name":"(anonymous_2)","decl":{"start":{"line":18,"column":28},"end":{"line":18,"column":29}},"loc":{"start":{"line":18,"column":48},"end":{"line":27,"column":5}},"line":18},"3":{"name":"(anonymous_3)","decl":{"start":{"line":20,"column":49},"end":{"line":20,"column":50}},"loc":{"start":{"line":20,"column":70},"end":{"line":26,"column":9}},"line":20}},"branchMap":{"0":{"loc":{"start":{"line":15,"column":46},"end":{"line":15,"column":92}},"type":"cond-expr","locations":[{"start":{"line":15,"column":70},"end":{"line":15,"column":73}},{"start":{"line":15,"column":76},"end":{"line":15,"column":92}}],"line":15},"1":{"loc":{"start":{"line":15,"column":46},"end":{"line":15,"column":67}},"type":"binary-expr","locations":[{"start":{"line":15,"column":46},"end":{"line":15,"column":49}},{"start":{"line":15,"column":53},"end":{"line":15,"column":67}}],"line":15},"2":{"loc":{"start":{"line":21,"column":12},"end":{"line":25,"column":13}},"type":"if","locations":[{"start":{"line":21,"column":12},"end":{"line":25,"column":13}},{"start":{"line":21,"column":12},"end":{"line":25,"column":13}}],"line":21}},"s":{"0":1,"1":1,"2":1,"3":1,"4":1,"5":2,"6":1,"7":1,"8":0,"9":0,"10":0,"11":0},"f":{"0":2,"1":1,"2":0,"3":0},"b":{"0":[1,1],"1":[2,2],"2":[0,0]},"_coverageSchema":"332fd63041d2c1bcb487cc26dd0d5f7d97098a6c","hash":"464c0ff670623d78a0eb242b27f4ec4d4a859028","contentHash":"28eaf2cb00c0c0137255345255371109_11.2.1"},"/home/traning/Documents/Nihit/ChatbotMain18-9-17/Main_chatBot/Server/model/productschema.js":{"path":"/home/traning/Documents/Nihit/ChatbotMain18-9-17/Main_chatBot/Server/model/productschema.js","statementMap":{"0":{"start":{"line":3,"column":0},"end":{"line":5,"column":3}},"1":{"start":{"line":7,"column":16},"end":{"line":7,"column":35}},"2":{"start":{"line":9,"column":17},"end":{"line":9,"column":50}},"3":{"start":{"line":11,"column":39},"end":{"line":11,"column":93}},"4":{"start":{"line":13,"column":0},"end":{"line":13,"column":38}},"5":{"start":{"line":14,"column":13},"end":{"line":14,"column":38}},"6":{"start":{"line":16,"column":20},"end":{"line":21,"column":54}},"7":{"start":{"line":23,"column":0},"end":{"line":23,"column":75}}},"fnMap":{"0":{"name":"_interopRequireDefault","decl":{"start":{"line":11,"column":9},"end":{"line":11,"column":31}},"loc":{"start":{"line":11,"column":37},"end":{"line":11,"column":95}},"line":11}},"branchMap":{"0":{"loc":{"start":{"line":11,"column":46},"end":{"line":11,"column":92}},"type":"cond-expr","locations":[{"start":{"line":11,"column":70},"end":{"line":11,"column":73}},{"start":{"line":11,"column":76},"end":{"line":11,"column":92}}],"line":11},"1":{"loc":{"start":{"line":11,"column":46},"end":{"line":11,"column":67}},"type":"binary-expr","locations":[{"start":{"line":11,"column":46},"end":{"line":11,"column":49}},{"start":{"line":11,"column":53},"end":{"line":11,"column":67}}],"line":11}},"s":{"0":1,"1":1,"2":1,"3":1,"4":1,"5":1,"6":1,"7":1},"f":{"0":1},"b":{"0":[0,1],"1":[1,1]},"_coverageSchema":"332fd63041d2c1bcb487cc26dd0d5f7d97098a6c","hash":"44169b708e3ce336328201bbc6ec4abb3b9bdc9d","contentHash":"36da1704d9bda81e09540b1500a12dc5_11.2.1"},"/home/traning/Documents/Nihit/ChatbotMain18-9-17/Main_chatBot/Server/config/staticconfig.js":{"path":"/home/traning/Documents/Nihit/ChatbotMain18-9-17/Main_chatBot/Server/config/staticconfig.js","statementMap":{"0":{"start":{"line":5,"column":44},"end":{"line":5,"column":195}},"1":{"start":{"line":5,"column":62},"end":{"line":5,"column":166}},"2":{"start":{"line":5,"column":176},"end":{"line":5,"column":193}},"3":{"start":{"line":5,"column":196},"end":{"line":5,"column":207}},"4":{"start":{"line":7,"column":0},"end":{"line":209,"column":21}}},"fnMap":{"0":{"name":"_defineProperty","decl":{"start":{"line":5,"column":9},"end":{"line":5,"column":24}},"loc":{"start":{"line":5,"column":42},"end":{"line":5,"column":209}},"line":5}},"branchMap":{"0":{"loc":{"start":{"line":5,"column":44},"end":{"line":5,"column":195}},"type":"if","locations":[{"start":{"line":5,"column":44},"end":{"line":5,"column":195}},{"start":{"line":5,"column":44},"end":{"line":5,"column":195}}],"line":5}},"s":{"0":18,"1":3,"2":15,"3":18,"4":1},"f":{"0":18},"b":{"0":[3,15]},"_coverageSchema":"332fd63041d2c1bcb487cc26dd0d5f7d97098a6c","hash":"da72ab7fac5f0e457e342171dff7aa1bb2b83388","contentHash":"a235c7d86b435f4e06e690f4f65c30b5_11.2.1"},"/home/traning/Documents/Nihit/ChatbotMain18-9-17/Main_chatBot/Server/routes/deleteUser/deleteUser.js":{"path":"/home/traning/Documents/Nihit/ChatbotMain18-9-17/Main_chatBot/Server/routes/deleteUser/deleteUser.js","statementMap":{"0":{"start":{"line":3,"column":15},"end":{"line":3,"column":33}},"1":{"start":{"line":5,"column":16},"end":{"line":5,"column":48}},"2":{"start":{"line":7,"column":23},"end":{"line":7,"column":61}},"3":{"start":{"line":9,"column":24},"end":{"line":9,"column":64}},"4":{"start":{"line":11,"column":20},"end":{"line":11,"column":56}},"5":{"start":{"line":13,"column":21},"end":{"line":13,"column":58}},"6":{"start":{"line":15,"column":39},"end":{"line":15,"column":93}},"7":{"start":{"line":17,"column":44},"end":{"line":17,"column":195}},"8":{"start":{"line":17,"column":62},"end":{"line":17,"column":166}},"9":{"start":{"line":17,"column":176},"end":{"line":17,"column":193}},"10":{"start":{"line":17,"column":196},"end":{"line":17,"column":207}},"11":{"start":{"line":19,"column":0},"end":{"line":42,"column":2}},"12":{"start":{"line":21,"column":2},"end":{"line":21,"column":26}},"13":{"start":{"line":22,"column":2},"end":{"line":41,"column":5}},"14":{"start":{"line":24,"column":4},"end":{"line":40,"column":5}},"15":{"start":{"line":25,"column":6},"end":{"line":25,"column":23}},"16":{"start":{"line":26,"column":6},"end":{"line":26,"column":101}},"17":{"start":{"line":27,"column":11},"end":{"line":40,"column":5}},"18":{"start":{"line":28,"column":6},"end":{"line":28,"column":101}},"19":{"start":{"line":30,"column":6},"end":{"line":30,"column":24}},"20":{"start":{"line":31,"column":6},"end":{"line":39,"column":9}},"21":{"start":{"line":32,"column":8},"end":{"line":38,"column":11}},"22":{"start":{"line":32,"column":17},"end":{"line":32,"column":117}},"23":{"start":{"line":33,"column":13},"end":{"line":38,"column":11}},"24":{"start":{"line":34,"column":12},"end":{"line":34,"column":112}},"25":{"start":{"line":36,"column":12},"end":{"line":36,"column":36}},"26":{"start":{"line":37,"column":12},"end":{"line":37,"column":146}}},"fnMap":{"0":{"name":"_interopRequireDefault","decl":{"start":{"line":15,"column":9},"end":{"line":15,"column":31}},"loc":{"start":{"line":15,"column":37},"end":{"line":15,"column":95}},"line":15},"1":{"name":"_defineProperty","decl":{"start":{"line":17,"column":9},"end":{"line":17,"column":24}},"loc":{"start":{"line":17,"column":42},"end":{"line":17,"column":209}},"line":17},"2":{"name":"(anonymous_2)","decl":{"start":{"line":19,"column":17},"end":{"line":19,"column":18}},"loc":{"start":{"line":19,"column":37},"end":{"line":42,"column":1}},"line":19},"3":{"name":"(anonymous_3)","decl":{"start":{"line":22,"column":59},"end":{"line":22,"column":60}},"loc":{"start":{"line":22,"column":80},"end":{"line":41,"column":3}},"line":22},"4":{"name":"(anonymous_4)","decl":{"start":{"line":31,"column":37},"end":{"line":31,"column":38}},"loc":{"start":{"line":31,"column":58},"end":{"line":39,"column":7}},"line":31}},"branchMap":{"0":{"loc":{"start":{"line":15,"column":46},"end":{"line":15,"column":92}},"type":"cond-expr","locations":[{"start":{"line":15,"column":70},"end":{"line":15,"column":73}},{"start":{"line":15,"column":76},"end":{"line":15,"column":92}}],"line":15},"1":{"loc":{"start":{"line":15,"column":46},"end":{"line":15,"column":67}},"type":"binary-expr","locations":[{"start":{"line":15,"column":46},"end":{"line":15,"column":49}},{"start":{"line":15,"column":53},"end":{"line":15,"column":67}}],"line":15},"2":{"loc":{"start":{"line":17,"column":44},"end":{"line":17,"column":195}},"type":"if","locations":[{"start":{"line":17,"column":44},"end":{"line":17,"column":195}},{"start":{"line":17,"column":44},"end":{"line":17,"column":195}}],"line":17},"3":{"loc":{"start":{"line":24,"column":4},"end":{"line":40,"column":5}},"type":"if","locations":[{"start":{"line":24,"column":4},"end":{"line":40,"column":5}},{"start":{"line":24,"column":4},"end":{"line":40,"column":5}}],"line":24},"4":{"loc":{"start":{"line":27,"column":11},"end":{"line":40,"column":5}},"type":"if","locations":[{"start":{"line":27,"column":11},"end":{"line":40,"column":5}},{"start":{"line":27,"column":11},"end":{"line":40,"column":5}}],"line":27},"5":{"loc":{"start":{"line":32,"column":8},"end":{"line":38,"column":11}},"type":"if","locations":[{"start":{"line":32,"column":8},"end":{"line":38,"column":11}},{"start":{"line":32,"column":8},"end":{"line":38,"column":11}}],"line":32},"6":{"loc":{"start":{"line":33,"column":13},"end":{"line":38,"column":11}},"type":"if","locations":[{"start":{"line":33,"column":13},"end":{"line":38,"column":11}},{"start":{"line":33,"column":13},"end":{"line":38,"column":11}}],"line":33}},"s":{"0":1,"1":1,"2":1,"3":1,"4":1,"5":1,"6":3,"7":1,"8":1,"9":0,"10":1,"11":1,"12":3,"13":3,"14":3,"15":0,"16":0,"17":3,"18":1,"19":2,"20":2,"21":2,"22":0,"23":2,"24":1,"25":1,"26":1},"f":{"0":3,"1":1,"2":3,"3":3,"4":2},"b":{"0":[0,3],"1":[3,3],"2":[1,0],"3":[0,3],"4":[1,2],"5":[0,2],"6":[1,1]},"_coverageSchema":"332fd63041d2c1bcb487cc26dd0d5f7d97098a6c","hash":"bf30472c887c5a08c447e97eec66a3dfca3efb20","contentHash":"12fe755b9d044973d16d862e85c6cf47_11.2.1"},"/home/traning/Documents/Nihit/ChatbotMain18-9-17/Main_chatBot/Server/model/register_schema.js":{"path":"/home/traning/Documents/Nihit/ChatbotMain18-9-17/Main_chatBot/Server/model/register_schema.js","statementMap":{"0":{"start":{"line":3,"column":15},"end":{"line":3,"column":34}},"1":{"start":{"line":4,"column":0},"end":{"line":4,"column":28}},"2":{"start":{"line":5,"column":13},"end":{"line":5,"column":28}},"3":{"start":{"line":7,"column":15},"end":{"line":16,"column":55}},"4":{"start":{"line":18,"column":0},"end":{"line":22,"column":2}},"5":{"start":{"line":19,"column":1},"end":{"line":21,"column":24}},"6":{"start":{"line":20,"column":2},"end":{"line":20,"column":17}},"7":{"start":{"line":21,"column":8},"end":{"line":21,"column":24}},"8":{"start":{"line":24,"column":21},"end":{"line":24,"column":63}},"9":{"start":{"line":26,"column":0},"end":{"line":26,"column":32}}},"fnMap":{"0":{"name":"(anonymous_0)","decl":{"start":{"line":18,"column":35},"end":{"line":18,"column":36}},"loc":{"start":{"line":18,"column":53},"end":{"line":22,"column":1}},"line":18}},"branchMap":{"0":{"loc":{"start":{"line":19,"column":1},"end":{"line":21,"column":24}},"type":"if","locations":[{"start":{"line":19,"column":1},"end":{"line":21,"column":24}},{"start":{"line":19,"column":1},"end":{"line":21,"column":24}}],"line":19}},"s":{"0":1,"1":1,"2":1,"3":1,"4":1,"5":0,"6":0,"7":0,"8":1,"9":1},"f":{"0":0},"b":{"0":[0,0]},"_coverageSchema":"332fd63041d2c1bcb487cc26dd0d5f7d97098a6c","hash":"282db44accecda849cf986d39978d9617d0cfa2e","contentHash":"77e37d96246a02b62343df9036f25bf4_11.2.1"},"/home/traning/Documents/Nihit/ChatbotMain18-9-17/Main_chatBot/Server/model/ChartSurvey.js":{"path":"/home/traning/Documents/Nihit/ChatbotMain18-9-17/Main_chatBot/Server/model/ChartSurvey.js","statementMap":{"0":{"start":{"line":3,"column":15},"end":{"line":3,"column":34}},"1":{"start":{"line":4,"column":0},"end":{"line":4,"column":28}},"2":{"start":{"line":5,"column":13},"end":{"line":5,"column":28}},"3":{"start":{"line":7,"column":18},"end":{"line":13,"column":47}},"4":{"start":{"line":14,"column":21},"end":{"line":14,"column":58}},"5":{"start":{"line":16,"column":0},"end":{"line":16,"column":32}}},"fnMap":{},"branchMap":{},"s":{"0":1,"1":1,"2":1,"3":1,"4":1,"5":1},"f":{},"b":{},"_coverageSchema":"332fd63041d2c1bcb487cc26dd0d5f7d97098a6c","hash":"3fd85dc77e18243ea52ee4c892f3396ca49cb568","contentHash":"6b870949662ee9dea18c6c39353c9cdb_11.2.1"},"/home/traning/Documents/Nihit/ChatbotMain18-9-17/Main_chatBot/Server/model/schema.js":{"path":"/home/traning/Documents/Nihit/ChatbotMain18-9-17/Main_chatBot/Server/model/schema.js","statementMap":{"0":{"start":{"line":3,"column":15},"end":{"line":3,"column":34}},"1":{"start":{"line":4,"column":0},"end":{"line":4,"column":28}},"2":{"start":{"line":5,"column":13},"end":{"line":5,"column":28}},"3":{"start":{"line":7,"column":14},"end":{"line":11,"column":52}},"4":{"start":{"line":13,"column":12},"end":{"line":13,"column":50}},"5":{"start":{"line":15,"column":0},"end":{"line":15,"column":23}}},"fnMap":{},"branchMap":{},"s":{"0":1,"1":1,"2":1,"3":1,"4":1,"5":1},"f":{},"b":{},"_coverageSchema":"332fd63041d2c1bcb487cc26dd0d5f7d97098a6c","hash":"d9f5a0bf7c5565ee010be9fb395770cab65e3adc","contentHash":"6003ec12452f1355bb728c19534a8842_11.2.1"},"/home/traning/Documents/Nihit/ChatbotMain18-9-17/Main_chatBot/Server/app.js":{"path":"/home/traning/Documents/Nihit/ChatbotMain18-9-17/Main_chatBot/Server/app.js","statementMap":{"0":{"start":{"line":3,"column":0},"end":{"line":5,"column":3}},"1":{"start":{"line":7,"column":18},"end":{"line":7,"column":40}},"2":{"start":{"line":9,"column":19},"end":{"line":9,"column":54}},"3":{"start":{"line":11,"column":20},"end":{"line":11,"column":44}},"4":{"start":{"line":13,"column":21},"end":{"line":13,"column":58}},"5":{"start":{"line":15,"column":13},"end":{"line":15,"column":29}},"6":{"start":{"line":17,"column":14},"end":{"line":17,"column":44}},"7":{"start":{"line":19,"column":15},"end":{"line":19,"column":33}},"8":{"start":{"line":21,"column":16},"end":{"line":21,"column":48}},"9":{"start":{"line":23,"column":14},"end":{"line":23,"column":31}},"10":{"start":{"line":25,"column":15},"end":{"line":25,"column":46}},"11":{"start":{"line":27,"column":12},"end":{"line":27,"column":27}},"12":{"start":{"line":29,"column":13},"end":{"line":29,"column":42}},"13":{"start":{"line":31,"column":15},"end":{"line":31,"column":42}},"14":{"start":{"line":33,"column":16},"end":{"line":33,"column":48}},"15":{"start":{"line":35,"column":23},"end":{"line":35,"column":58}},"16":{"start":{"line":37,"column":24},"end":{"line":37,"column":64}},"17":{"start":{"line":39,"column":19},"end":{"line":39,"column":50}},"18":{"start":{"line":41,"column":20},"end":{"line":41,"column":56}},"19":{"start":{"line":43,"column":22},"end":{"line":43,"column":56}},"20":{"start":{"line":45,"column":23},"end":{"line":45,"column":62}},"21":{"start":{"line":47,"column":22},"end":{"line":47,"column":56}},"22":{"start":{"line":49,"column":23},"end":{"line":49,"column":62}},"23":{"start":{"line":51,"column":18},"end":{"line":51,"column":48}},"24":{"start":{"line":53,"column":19},"end":{"line":53,"column":54}},"25":{"start":{"line":55,"column":18},"end":{"line":55,"column":48}},"26":{"start":{"line":57,"column":19},"end":{"line":57,"column":54}},"27":{"start":{"line":59,"column":18},"end":{"line":59,"column":48}},"28":{"start":{"line":61,"column":19},"end":{"line":61,"column":54}},"29":{"start":{"line":63,"column":19},"end":{"line":63,"column":50}},"30":{"start":{"line":65,"column":20},"end":{"line":65,"column":56}},"31":{"start":{"line":67,"column":12},"end":{"line":67,"column":36}},"32":{"start":{"line":69,"column":13},"end":{"line":69,"column":42}},"33":{"start":{"line":71,"column":18},"end":{"line":71,"column":48}},"34":{"start":{"line":73,"column":19},"end":{"line":73,"column":54}},"35":{"start":{"line":75,"column":15},"end":{"line":75,"column":42}},"36":{"start":{"line":77,"column":16},"end":{"line":77,"column":48}},"37":{"start":{"line":79,"column":23},"end":{"line":79,"column":58}},"38":{"start":{"line":81,"column":24},"end":{"line":81,"column":64}},"39":{"start":{"line":83,"column":19},"end":{"line":83,"column":50}},"40":{"start":{"line":85,"column":20},"end":{"line":85,"column":56}},"41":{"start":{"line":87,"column":19},"end":{"line":87,"column":50}},"42":{"start":{"line":89,"column":20},"end":{"line":89,"column":56}},"43":{"start":{"line":91,"column":24},"end":{"line":91,"column":60}},"44":{"start":{"line":93,"column":25},"end":{"line":93,"column":66}},"45":{"start":{"line":95,"column":12},"end":{"line":95,"column":36}},"46":{"start":{"line":97,"column":13},"end":{"line":97,"column":42}},"47":{"start":{"line":99,"column":17},"end":{"line":99,"column":46}},"48":{"start":{"line":101,"column":18},"end":{"line":101,"column":52}},"49":{"start":{"line":103,"column":16},"end":{"line":103,"column":44}},"50":{"start":{"line":105,"column":17},"end":{"line":105,"column":50}},"51":{"start":{"line":107,"column":22},"end":{"line":107,"column":48}},"52":{"start":{"line":109,"column":23},"end":{"line":109,"column":62}},"53":{"start":{"line":111,"column":15},"end":{"line":111,"column":42}},"54":{"start":{"line":113,"column":16},"end":{"line":113,"column":48}},"55":{"start":{"line":115,"column":14},"end":{"line":115,"column":40}},"56":{"start":{"line":117,"column":15},"end":{"line":117,"column":46}},"57":{"start":{"line":119,"column":14},"end":{"line":119,"column":40}},"58":{"start":{"line":121,"column":15},"end":{"line":121,"column":46}},"59":{"start":{"line":123,"column":16},"end":{"line":123,"column":44}},"60":{"start":{"line":125,"column":17},"end":{"line":125,"column":50}},"61":{"start":{"line":127,"column":17},"end":{"line":127,"column":46}},"62":{"start":{"line":129,"column":18},"end":{"line":129,"column":52}},"63":{"start":{"line":131,"column":20},"end":{"line":131,"column":52}},"64":{"start":{"line":133,"column":21},"end":{"line":133,"column":58}},"65":{"start":{"line":135,"column":21},"end":{"line":135,"column":54}},"66":{"start":{"line":137,"column":22},"end":{"line":137,"column":60}},"67":{"start":{"line":139,"column":39},"end":{"line":139,"column":93}},"68":{"start":{"line":141,"column":15},"end":{"line":141,"column":34}},"69":{"start":{"line":143,"column":9},"end":{"line":143,"column":22}},"70":{"start":{"line":145,"column":15},"end":{"line":145,"column":34}},"71":{"start":{"line":146,"column":13},"end":{"line":146,"column":39}},"72":{"start":{"line":147,"column":11},"end":{"line":147,"column":26}},"73":{"start":{"line":148,"column":13},"end":{"line":148,"column":45}},"74":{"start":{"line":153,"column":11},"end":{"line":153,"column":26}},"75":{"start":{"line":156,"column":10},"end":{"line":156,"column":34}},"76":{"start":{"line":157,"column":0},"end":{"line":157,"column":31}},"77":{"start":{"line":158,"column":0},"end":{"line":158,"column":34}},"78":{"start":{"line":160,"column":0},"end":{"line":160,"column":28}},"79":{"start":{"line":162,"column":0},"end":{"line":166,"column":4}},"80":{"start":{"line":167,"column":12},"end":{"line":167,"column":54}},"81":{"start":{"line":170,"column":0},"end":{"line":170,"column":38}},"82":{"start":{"line":171,"column":0},"end":{"line":171,"column":37}},"83":{"start":{"line":172,"column":0},"end":{"line":174,"column":4}},"84":{"start":{"line":176,"column":0},"end":{"line":176,"column":29}},"85":{"start":{"line":177,"column":0},"end":{"line":179,"column":3}},"86":{"start":{"line":178,"column":2},"end":{"line":178,"column":27}},"87":{"start":{"line":181,"column":0},"end":{"line":181,"column":16}},"88":{"start":{"line":182,"column":0},"end":{"line":182,"column":39}},"89":{"start":{"line":184,"column":0},"end":{"line":184,"column":76}},"90":{"start":{"line":186,"column":0},"end":{"line":186,"column":29}},"91":{"start":{"line":187,"column":0},"end":{"line":187,"column":31}},"92":{"start":{"line":188,"column":0},"end":{"line":188,"column":31}},"93":{"start":{"line":189,"column":0},"end":{"line":189,"column":39}},"94":{"start":{"line":190,"column":0},"end":{"line":190,"column":55}},"95":{"start":{"line":191,"column":0},"end":{"line":191,"column":48}},"96":{"start":{"line":192,"column":0},"end":{"line":192,"column":53}},"97":{"start":{"line":193,"column":0},"end":{"line":193,"column":53}},"98":{"start":{"line":194,"column":0},"end":{"line":194,"column":45}},"99":{"start":{"line":195,"column":0},"end":{"line":195,"column":45}},"100":{"start":{"line":196,"column":0},"end":{"line":196,"column":45}},"101":{"start":{"line":197,"column":0},"end":{"line":197,"column":33}},"102":{"start":{"line":198,"column":0},"end":{"line":198,"column":41}},"103":{"start":{"line":199,"column":0},"end":{"line":199,"column":43}},"104":{"start":{"line":200,"column":0},"end":{"line":200,"column":47}},"105":{"start":{"line":201,"column":0},"end":{"line":201,"column":45}},"106":{"start":{"line":202,"column":0},"end":{"line":202,"column":39}},"107":{"start":{"line":203,"column":0},"end":{"line":203,"column":43}},"108":{"start":{"line":204,"column":0},"end":{"line":204,"column":55}},"109":{"start":{"line":205,"column":0},"end":{"line":205,"column":47}},"110":{"start":{"line":206,"column":0},"end":{"line":206,"column":47}},"111":{"start":{"line":207,"column":0},"end":{"line":207,"column":49}},"112":{"start":{"line":208,"column":0},"end":{"line":208,"column":51}},"113":{"start":{"line":209,"column":0},"end":{"line":209,"column":57}},"114":{"start":{"line":210,"column":0},"end":{"line":210,"column":32}},"115":{"start":{"line":213,"column":0},"end":{"line":217,"column":3}},"116":{"start":{"line":214,"column":12},"end":{"line":214,"column":34}},"117":{"start":{"line":215,"column":2},"end":{"line":215,"column":19}},"118":{"start":{"line":216,"column":2},"end":{"line":216,"column":12}},"119":{"start":{"line":235,"column":0},"end":{"line":237,"column":3}},"120":{"start":{"line":236,"column":2},"end":{"line":236,"column":35}},"121":{"start":{"line":238,"column":0},"end":{"line":238,"column":22}}},"fnMap":{"0":{"name":"_interopRequireDefault","decl":{"start":{"line":139,"column":9},"end":{"line":139,"column":31}},"loc":{"start":{"line":139,"column":37},"end":{"line":139,"column":95}},"line":139},"1":{"name":"(anonymous_1)","decl":{"start":{"line":177,"column":36},"end":{"line":177,"column":37}},"loc":{"start":{"line":177,"column":48},"end":{"line":179,"column":1}},"line":177},"2":{"name":"(anonymous_2)","decl":{"start":{"line":213,"column":8},"end":{"line":213,"column":9}},"loc":{"start":{"line":213,"column":34},"end":{"line":217,"column":1}},"line":213},"3":{"name":"(anonymous_3)","decl":{"start":{"line":235,"column":17},"end":{"line":235,"column":18}},"loc":{"start":{"line":235,"column":29},"end":{"line":237,"column":1}},"line":235}},"branchMap":{"0":{"loc":{"start":{"line":139,"column":46},"end":{"line":139,"column":92}},"type":"cond-expr","locations":[{"start":{"line":139,"column":70},"end":{"line":139,"column":73}},{"start":{"line":139,"column":76},"end":{"line":139,"column":92}}],"line":139},"1":{"loc":{"start":{"line":139,"column":46},"end":{"line":139,"column":67}},"type":"binary-expr","locations":[{"start":{"line":139,"column":46},"end":{"line":139,"column":49}},{"start":{"line":139,"column":53},"end":{"line":139,"column":67}}],"line":139}},"s":{"0":1,"1":1,"2":1,"3":1,"4":1,"5":1,"6":1,"7":1,"8":1,"9":1,"10":1,"11":1,"12":1,"13":1,"14":1,"15":1,"16":1,"17":1,"18":1,"19":1,"20":1,"21":1,"22":1,"23":1,"24":1,"25":1,"26":1,"27":1,"28":1,"29":1,"30":1,"31":1,"32":1,"33":1,"34":1,"35":1,"36":1,"37":1,"38":1,"39":1,"40":1,"41":1,"42":1,"43":1,"44":1,"45":1,"46":1,"47":1,"48":1,"49":1,"50":1,"51":1,"52":1,"53":1,"54":1,"55":1,"56":1,"57":1,"58":1,"59":1,"60":1,"61":1,"62":1,"63":1,"64":1,"65":1,"66":1,"67":33,"68":1,"69":1,"70":1,"71":1,"72":1,"73":1,"74":1,"75":1,"76":1,"77":1,"78":1,"79":1,"80":1,"81":1,"82":1,"83":1,"84":1,"85":1,"86":0,"87":1,"88":1,"89":1,"90":1,"91":1,"92":1,"93":1,"94":1,"95":1,"96":1,"97":1,"98":1,"99":1,"100":1,"101":1,"102":1,"103":1,"104":1,"105":1,"106":1,"107":1,"108":1,"109":1,"110":1,"111":1,"112":1,"113":1,"114":1,"115":1,"116":0,"117":0,"118":0,"119":1,"120":1,"121":1},"f":{"0":33,"1":0,"2":0,"3":1},"b":{"0":[26,7],"1":[33,33]},"_coverageSchema":"332fd63041d2c1bcb487cc26dd0d5f7d97098a6c","hash":"960bde1714770eb1f86594f07f33f993921af1e6","contentHash":"1dca8516fb3c94a377e9ff7cb71280b5_11.2.1"},"/home/traning/Documents/Nihit/ChatbotMain18-9-17/Main_chatBot/Server/routes/answers/index.js":{"path":"/home/traning/Documents/Nihit/ChatbotMain18-9-17/Main_chatBot/Server/routes/answers/index.js","statementMap":{"0":{"start":{"line":3,"column":0},"end":{"line":5,"column":3}},"1":{"start":{"line":7,"column":15},"end":{"line":7,"column":33}},"2":{"start":{"line":9,"column":16},"end":{"line":9,"column":48}},"3":{"start":{"line":11,"column":15},"end":{"line":11,"column":35}},"4":{"start":{"line":13,"column":16},"end":{"line":13,"column":48}},"5":{"start":{"line":15,"column":39},"end":{"line":15,"column":93}},"6":{"start":{"line":17,"column":13},"end":{"line":17,"column":39}},"7":{"start":{"line":18,"column":0},"end":{"line":18,"column":43}},"8":{"start":{"line":19,"column":0},"end":{"line":19,"column":25}}},"fnMap":{"0":{"name":"_interopRequireDefault","decl":{"start":{"line":15,"column":9},"end":{"line":15,"column":31}},"loc":{"start":{"line":15,"column":37},"end":{"line":15,"column":95}},"line":15}},"branchMap":{"0":{"loc":{"start":{"line":15,"column":46},"end":{"line":15,"column":92}},"type":"cond-expr","locations":[{"start":{"line":15,"column":70},"end":{"line":15,"column":73}},{"start":{"line":15,"column":76},"end":{"line":15,"column":92}}],"line":15},"1":{"loc":{"start":{"line":15,"column":46},"end":{"line":15,"column":67}},"type":"binary-expr","locations":[{"start":{"line":15,"column":46},"end":{"line":15,"column":49}},{"start":{"line":15,"column":53},"end":{"line":15,"column":67}}],"line":15}},"s":{"0":1,"1":1,"2":1,"3":1,"4":1,"5":2,"6":1,"7":1,"8":1},"f":{"0":2},"b":{"0":[0,2],"1":[2,2]},"_coverageSchema":"332fd63041d2c1bcb487cc26dd0d5f7d97098a6c","hash":"f9662bb036116f89ab4190638c6df74d1e61e147","contentHash":"e1b426b7995f25e1aef34b082257625d_11.2.1"},"/home/traning/Documents/Nihit/ChatbotMain18-9-17/Main_chatBot/Server/routes/answers/answers.js":{"path":"/home/traning/Documents/Nihit/ChatbotMain18-9-17/Main_chatBot/Server/routes/answers/answers.js","statementMap":{"0":{"start":{"line":3,"column":20},"end":{"line":3,"column":56}},"1":{"start":{"line":5,"column":21},"end":{"line":5,"column":58}},"2":{"start":{"line":7,"column":39},"end":{"line":7,"column":93}},"3":{"start":{"line":9,"column":14},"end":{"line":9,"column":32}},"4":{"start":{"line":11,"column":11},"end":{"line":11,"column":47}},"5":{"start":{"line":13,"column":0},"end":{"line":25,"column":2}},"6":{"start":{"line":14,"column":1},"end":{"line":24,"column":4}},"7":{"start":{"line":20,"column":2},"end":{"line":23,"column":4}},"8":{"start":{"line":20,"column":11},"end":{"line":20,"column":80}},"9":{"start":{"line":22,"column":4},"end":{"line":22,"column":87}}},"fnMap":{"0":{"name":"_interopRequireDefault","decl":{"start":{"line":7,"column":9},"end":{"line":7,"column":31}},"loc":{"start":{"line":7,"column":37},"end":{"line":7,"column":95}},"line":7},"1":{"name":"(anonymous_1)","decl":{"start":{"line":13,"column":17},"end":{"line":13,"column":18}},"loc":{"start":{"line":13,"column":43},"end":{"line":25,"column":1}},"line":13},"2":{"name":"(anonymous_2)","decl":{"start":{"line":19,"column":4},"end":{"line":19,"column":5}},"loc":{"start":{"line":19,"column":25},"end":{"line":24,"column":2}},"line":19}},"branchMap":{"0":{"loc":{"start":{"line":7,"column":46},"end":{"line":7,"column":92}},"type":"cond-expr","locations":[{"start":{"line":7,"column":70},"end":{"line":7,"column":73}},{"start":{"line":7,"column":76},"end":{"line":7,"column":92}}],"line":7},"1":{"loc":{"start":{"line":7,"column":46},"end":{"line":7,"column":67}},"type":"binary-expr","locations":[{"start":{"line":7,"column":46},"end":{"line":7,"column":49}},{"start":{"line":7,"column":53},"end":{"line":7,"column":67}}],"line":7},"2":{"loc":{"start":{"line":20,"column":2},"end":{"line":23,"column":4}},"type":"if","locations":[{"start":{"line":20,"column":2},"end":{"line":23,"column":4}},{"start":{"line":20,"column":2},"end":{"line":23,"column":4}}],"line":20}},"s":{"0":1,"1":1,"2":1,"3":1,"4":1,"5":1,"6":0,"7":0,"8":0,"9":0},"f":{"0":1,"1":0,"2":0},"b":{"0":[0,1],"1":[1,1],"2":[0,0]},"_coverageSchema":"332fd63041d2c1bcb487cc26dd0d5f7d97098a6c","hash":"1564d9f5f81f5414e4b3ddb618739308339e5463","contentHash":"e8ae3bdc86507af68aadf86792d5535e_11.2.1"},"/home/traning/Documents/Nihit/ChatbotMain18-9-17/Main_chatBot/Server/model/schemaAnswers.js":{"path":"/home/traning/Documents/Nihit/ChatbotMain18-9-17/Main_chatBot/Server/model/schemaAnswers.js","statementMap":{"0":{"start":{"line":3,"column":15},"end":{"line":3,"column":34}},"1":{"start":{"line":4,"column":0},"end":{"line":4,"column":28}},"2":{"start":{"line":5,"column":13},"end":{"line":5,"column":28}},"3":{"start":{"line":7,"column":14},"end":{"line":12,"column":51}},"4":{"start":{"line":14,"column":12},"end":{"line":14,"column":49}},"5":{"start":{"line":16,"column":0},"end":{"line":16,"column":23}}},"fnMap":{},"branchMap":{},"s":{"0":1,"1":1,"2":1,"3":1,"4":1,"5":1},"f":{},"b":{},"_coverageSchema":"332fd63041d2c1bcb487cc26dd0d5f7d97098a6c","hash":"36218a6b22d791fec8ff4812c4214fd0ae332e04","contentHash":"96a4e0555327cfd73f1bcffc9bdb112e_11.2.1"},"/home/traning/Documents/Nihit/ChatbotMain18-9-17/Main_chatBot/Server/routes/forgot_password/index.js":{"path":"/home/traning/Documents/Nihit/ChatbotMain18-9-17/Main_chatBot/Server/routes/forgot_password/index.js","statementMap":{"0":{"start":{"line":3,"column":0},"end":{"line":5,"column":3}},"1":{"start":{"line":7,"column":15},"end":{"line":7,"column":33}},"2":{"start":{"line":9,"column":16},"end":{"line":9,"column":48}},"3":{"start":{"line":11,"column":23},"end":{"line":11,"column":51}},"4":{"start":{"line":13,"column":24},"end":{"line":13,"column":64}},"5":{"start":{"line":15,"column":39},"end":{"line":15,"column":93}},"6":{"start":{"line":17,"column":13},"end":{"line":17,"column":39}},"7":{"start":{"line":19,"column":0},"end":{"line":19,"column":44}},"8":{"start":{"line":21,"column":0},"end":{"line":21,"column":25}}},"fnMap":{"0":{"name":"_interopRequireDefault","decl":{"start":{"line":15,"column":9},"end":{"line":15,"column":31}},"loc":{"start":{"line":15,"column":37},"end":{"line":15,"column":95}},"line":15}},"branchMap":{"0":{"loc":{"start":{"line":15,"column":46},"end":{"line":15,"column":92}},"type":"cond-expr","locations":[{"start":{"line":15,"column":70},"end":{"line":15,"column":73}},{"start":{"line":15,"column":76},"end":{"line":15,"column":92}}],"line":15},"1":{"loc":{"start":{"line":15,"column":46},"end":{"line":15,"column":67}},"type":"binary-expr","locations":[{"start":{"line":15,"column":46},"end":{"line":15,"column":49}},{"start":{"line":15,"column":53},"end":{"line":15,"column":67}}],"line":15}},"s":{"0":1,"1":1,"2":1,"3":1,"4":1,"5":2,"6":1,"7":1,"8":1},"f":{"0":2},"b":{"0":[0,2],"1":[2,2]},"_coverageSchema":"332fd63041d2c1bcb487cc26dd0d5f7d97098a6c","hash":"a3c62d51ff9d6d3115972dcce51251c8d0176d9d","contentHash":"5870e0d2d5a8db983c6174878838345b_11.2.1"},"/home/traning/Documents/Nihit/ChatbotMain18-9-17/Main_chatBot/Server/routes/forgot_password/forgot_password.js":{"path":"/home/traning/Documents/Nihit/ChatbotMain18-9-17/Main_chatBot/Server/routes/forgot_password/forgot_password.js","statementMap":{"0":{"start":{"line":3,"column":23},"end":{"line":3,"column":63}},"1":{"start":{"line":5,"column":24},"end":{"line":5,"column":64}},"2":{"start":{"line":7,"column":20},"end":{"line":7,"column":58}},"3":{"start":{"line":9,"column":21},"end":{"line":9,"column":58}},"4":{"start":{"line":11,"column":39},"end":{"line":11,"column":93}},"5":{"start":{"line":15,"column":17},"end":{"line":15,"column":38}},"6":{"start":{"line":17,"column":0},"end":{"line":58,"column":3}},"7":{"start":{"line":18,"column":20},"end":{"line":24,"column":4}},"8":{"start":{"line":25,"column":20},"end":{"line":25,"column":22}},"9":{"start":{"line":26,"column":2},"end":{"line":57,"column":5}},"10":{"start":{"line":27,"column":4},"end":{"line":56,"column":5}},"11":{"start":{"line":29,"column":6},"end":{"line":29,"column":102}},"12":{"start":{"line":31,"column":6},"end":{"line":55,"column":9}},"13":{"start":{"line":33,"column":8},"end":{"line":54,"column":9}},"14":{"start":{"line":34,"column":10},"end":{"line":34,"column":108}},"15":{"start":{"line":35,"column":15},"end":{"line":54,"column":9}},"16":{"start":{"line":36,"column":10},"end":{"line":36,"column":108}},"17":{"start":{"line":38,"column":10},"end":{"line":43,"column":12}},"18":{"start":{"line":44,"column":18},"end":{"line":44,"column":24}},"19":{"start":{"line":45,"column":10},"end":{"line":51,"column":13}},"20":{"start":{"line":46,"column":12},"end":{"line":50,"column":13}},"21":{"start":{"line":47,"column":14},"end":{"line":47,"column":114}},"22":{"start":{"line":49,"column":14},"end":{"line":49,"column":124}}},"fnMap":{"0":{"name":"_interopRequireDefault","decl":{"start":{"line":11,"column":9},"end":{"line":11,"column":31}},"loc":{"start":{"line":11,"column":37},"end":{"line":11,"column":95}},"line":11},"1":{"name":"(anonymous_1)","decl":{"start":{"line":17,"column":23},"end":{"line":17,"column":24}},"loc":{"start":{"line":17,"column":43},"end":{"line":58,"column":1}},"line":17},"2":{"name":"(anonymous_2)","decl":{"start":{"line":26,"column":62},"end":{"line":26,"column":63}},"loc":{"start":{"line":26,"column":84},"end":{"line":57,"column":3}},"line":26},"3":{"name":"(anonymous_3)","decl":{"start":{"line":32,"column":31},"end":{"line":32,"column":32}},"loc":{"start":{"line":32,"column":54},"end":{"line":55,"column":7}},"line":32},"4":{"name":"(anonymous_4)","decl":{"start":{"line":45,"column":44},"end":{"line":45,"column":45}},"loc":{"start":{"line":45,"column":67},"end":{"line":51,"column":11}},"line":45}},"branchMap":{"0":{"loc":{"start":{"line":11,"column":46},"end":{"line":11,"column":92}},"type":"cond-expr","locations":[{"start":{"line":11,"column":70},"end":{"line":11,"column":73}},{"start":{"line":11,"column":76},"end":{"line":11,"column":92}}],"line":11},"1":{"loc":{"start":{"line":11,"column":46},"end":{"line":11,"column":67}},"type":"binary-expr","locations":[{"start":{"line":11,"column":46},"end":{"line":11,"column":49}},{"start":{"line":11,"column":53},"end":{"line":11,"column":67}}],"line":11},"2":{"loc":{"start":{"line":27,"column":4},"end":{"line":56,"column":5}},"type":"if","locations":[{"start":{"line":27,"column":4},"end":{"line":56,"column":5}},{"start":{"line":27,"column":4},"end":{"line":56,"column":5}}],"line":27},"3":{"loc":{"start":{"line":33,"column":8},"end":{"line":54,"column":9}},"type":"if","locations":[{"start":{"line":33,"column":8},"end":{"line":54,"column":9}},{"start":{"line":33,"column":8},"end":{"line":54,"column":9}}],"line":33},"4":{"loc":{"start":{"line":35,"column":15},"end":{"line":54,"column":9}},"type":"if","locations":[{"start":{"line":35,"column":15},"end":{"line":54,"column":9}},{"start":{"line":35,"column":15},"end":{"line":54,"column":9}}],"line":35},"5":{"loc":{"start":{"line":46,"column":12},"end":{"line":50,"column":13}},"type":"if","locations":[{"start":{"line":46,"column":12},"end":{"line":50,"column":13}},{"start":{"line":46,"column":12},"end":{"line":50,"column":13}}],"line":46}},"s":{"0":1,"1":1,"2":1,"3":1,"4":2,"5":1,"6":1,"7":2,"8":2,"9":2,"10":2,"11":1,"12":1,"13":1,"14":0,"15":1,"16":1,"17":0,"18":0,"19":0,"20":0,"21":0,"22":0},"f":{"0":2,"1":2,"2":2,"3":1,"4":0},"b":{"0":[0,2],"1":[2,2],"2":[1,1],"3":[0,1],"4":[1,0],"5":[0,0]},"_coverageSchema":"332fd63041d2c1bcb487cc26dd0d5f7d97098a6c","hash":"1781982c2c43d1824dda6f10f8337670cf608324","contentHash":"f5abd23bf396cd58a6160b2ea46ab2f7_11.2.1"},"/home/traning/Documents/Nihit/ChatbotMain18-9-17/Main_chatBot/Server/routes/setpassword/index.js":{"path":"/home/traning/Documents/Nihit/ChatbotMain18-9-17/Main_chatBot/Server/routes/setpassword/index.js","statementMap":{"0":{"start":{"line":3,"column":0},"end":{"line":5,"column":3}},"1":{"start":{"line":7,"column":15},"end":{"line":7,"column":33}},"2":{"start":{"line":9,"column":16},"end":{"line":9,"column":48}},"3":{"start":{"line":11,"column":20},"end":{"line":11,"column":45}},"4":{"start":{"line":13,"column":21},"end":{"line":13,"column":58}},"5":{"start":{"line":15,"column":39},"end":{"line":15,"column":93}},"6":{"start":{"line":17,"column":13},"end":{"line":17,"column":39}},"7":{"start":{"line":19,"column":0},"end":{"line":19,"column":53}},"8":{"start":{"line":21,"column":0},"end":{"line":21,"column":25}}},"fnMap":{"0":{"name":"_interopRequireDefault","decl":{"start":{"line":15,"column":9},"end":{"line":15,"column":31}},"loc":{"start":{"line":15,"column":37},"end":{"line":15,"column":95}},"line":15}},"branchMap":{"0":{"loc":{"start":{"line":15,"column":46},"end":{"line":15,"column":92}},"type":"cond-expr","locations":[{"start":{"line":15,"column":70},"end":{"line":15,"column":73}},{"start":{"line":15,"column":76},"end":{"line":15,"column":92}}],"line":15},"1":{"loc":{"start":{"line":15,"column":46},"end":{"line":15,"column":67}},"type":"binary-expr","locations":[{"start":{"line":15,"column":46},"end":{"line":15,"column":49}},{"start":{"line":15,"column":53},"end":{"line":15,"column":67}}],"line":15}},"s":{"0":1,"1":1,"2":1,"3":1,"4":1,"5":2,"6":1,"7":1,"8":1},"f":{"0":2},"b":{"0":[1,1],"1":[2,2]},"_coverageSchema":"332fd63041d2c1bcb487cc26dd0d5f7d97098a6c","hash":"ab6979dee5f496f2c226df76d77c96779dbb59db","contentHash":"2107157c4f332ab82de705bc13a2b059_11.2.1"},"/home/traning/Documents/Nihit/ChatbotMain18-9-17/Main_chatBot/Server/routes/setpassword/set_password.js":{"path":"/home/traning/Documents/Nihit/ChatbotMain18-9-17/Main_chatBot/Server/routes/setpassword/set_password.js","statementMap":{"0":{"start":{"line":3,"column":0},"end":{"line":5,"column":3}},"1":{"start":{"line":7,"column":15},"end":{"line":7,"column":33}},"2":{"start":{"line":9,"column":16},"end":{"line":9,"column":48}},"3":{"start":{"line":11,"column":23},"end":{"line":11,"column":61}},"4":{"start":{"line":13,"column":24},"end":{"line":13,"column":64}},"5":{"start":{"line":15,"column":20},"end":{"line":15,"column":56}},"6":{"start":{"line":17,"column":21},"end":{"line":17,"column":58}},"7":{"start":{"line":19,"column":39},"end":{"line":19,"column":93}},"8":{"start":{"line":22,"column":0},"end":{"line":46,"column":2}},"9":{"start":{"line":24,"column":4},"end":{"line":45,"column":7}},"10":{"start":{"line":26,"column":8},"end":{"line":44,"column":13}},"11":{"start":{"line":27,"column":12},"end":{"line":27,"column":85}},"12":{"start":{"line":28,"column":15},"end":{"line":44,"column":13}},"13":{"start":{"line":29,"column":12},"end":{"line":29,"column":71}},"14":{"start":{"line":32,"column":13},"end":{"line":44,"column":13}},"15":{"start":{"line":33,"column":16},"end":{"line":41,"column":19}},"16":{"start":{"line":34,"column":20},"end":{"line":40,"column":21}},"17":{"start":{"line":35,"column":24},"end":{"line":35,"column":99}},"18":{"start":{"line":36,"column":27},"end":{"line":40,"column":21}},"19":{"start":{"line":37,"column":24},"end":{"line":37,"column":83}},"20":{"start":{"line":39,"column":24},"end":{"line":39,"column":120}},"21":{"start":{"line":43,"column":16},"end":{"line":43,"column":104}}},"fnMap":{"0":{"name":"_interopRequireDefault","decl":{"start":{"line":19,"column":9},"end":{"line":19,"column":31}},"loc":{"start":{"line":19,"column":37},"end":{"line":19,"column":95}},"line":19},"1":{"name":"(anonymous_1)","decl":{"start":{"line":22,"column":18},"end":{"line":22,"column":19}},"loc":{"start":{"line":22,"column":38},"end":{"line":46,"column":1}},"line":22},"2":{"name":"(anonymous_2)","decl":{"start":{"line":24,"column":90},"end":{"line":24,"column":91}},"loc":{"start":{"line":24,"column":111},"end":{"line":45,"column":5}},"line":24},"3":{"name":"(anonymous_3)","decl":{"start":{"line":33,"column":161},"end":{"line":33,"column":162}},"loc":{"start":{"line":33,"column":183},"end":{"line":41,"column":17}},"line":33}},"branchMap":{"0":{"loc":{"start":{"line":19,"column":46},"end":{"line":19,"column":92}},"type":"cond-expr","locations":[{"start":{"line":19,"column":70},"end":{"line":19,"column":73}},{"start":{"line":19,"column":76},"end":{"line":19,"column":92}}],"line":19},"1":{"loc":{"start":{"line":19,"column":46},"end":{"line":19,"column":67}},"type":"binary-expr","locations":[{"start":{"line":19,"column":46},"end":{"line":19,"column":49}},{"start":{"line":19,"column":53},"end":{"line":19,"column":67}}],"line":19},"2":{"loc":{"start":{"line":26,"column":8},"end":{"line":44,"column":13}},"type":"if","locations":[{"start":{"line":26,"column":8},"end":{"line":44,"column":13}},{"start":{"line":26,"column":8},"end":{"line":44,"column":13}}],"line":26},"3":{"loc":{"start":{"line":28,"column":15},"end":{"line":44,"column":13}},"type":"if","locations":[{"start":{"line":28,"column":15},"end":{"line":44,"column":13}},{"start":{"line":28,"column":15},"end":{"line":44,"column":13}}],"line":28},"4":{"loc":{"start":{"line":32,"column":13},"end":{"line":44,"column":13}},"type":"if","locations":[{"start":{"line":32,"column":13},"end":{"line":44,"column":13}},{"start":{"line":32,"column":13},"end":{"line":44,"column":13}}],"line":32},"5":{"loc":{"start":{"line":34,"column":20},"end":{"line":40,"column":21}},"type":"if","locations":[{"start":{"line":34,"column":20},"end":{"line":40,"column":21}},{"start":{"line":34,"column":20},"end":{"line":40,"column":21}}],"line":34},"6":{"loc":{"start":{"line":36,"column":27},"end":{"line":40,"column":21}},"type":"if","locations":[{"start":{"line":36,"column":27},"end":{"line":40,"column":21}},{"start":{"line":36,"column":27},"end":{"line":40,"column":21}}],"line":36}},"s":{"0":1,"1":1,"2":1,"3":1,"4":1,"5":1,"6":1,"7":3,"8":1,"9":3,"10":3,"11":0,"12":3,"13":1,"14":2,"15":0,"16":0,"17":0,"18":0,"19":0,"20":0,"21":2},"f":{"0":3,"1":3,"2":3,"3":0},"b":{"0":[0,3],"1":[3,3],"2":[0,3],"3":[1,2],"4":[0,2],"5":[0,0],"6":[0,0]},"_coverageSchema":"332fd63041d2c1bcb487cc26dd0d5f7d97098a6c","hash":"afcd48af28837d8f230eafd8487bb1acc75953b0","contentHash":"d1d457a96f31f366fdf80c882ee747b2_11.2.1"},"/home/traning/Documents/Nihit/ChatbotMain18-9-17/Main_chatBot/Server/routes/reset_password/index.js":{"path":"/home/traning/Documents/Nihit/ChatbotMain18-9-17/Main_chatBot/Server/routes/reset_password/index.js","statementMap":{"0":{"start":{"line":3,"column":0},"end":{"line":5,"column":3}},"1":{"start":{"line":7,"column":15},"end":{"line":7,"column":33}},"2":{"start":{"line":9,"column":16},"end":{"line":9,"column":48}},"3":{"start":{"line":11,"column":22},"end":{"line":11,"column":49}},"4":{"start":{"line":13,"column":23},"end":{"line":13,"column":62}},"5":{"start":{"line":15,"column":39},"end":{"line":15,"column":93}},"6":{"start":{"line":17,"column":13},"end":{"line":17,"column":39}},"7":{"start":{"line":18,"column":0},"end":{"line":18,"column":48}},"8":{"start":{"line":19,"column":0},"end":{"line":19,"column":25}}},"fnMap":{"0":{"name":"_interopRequireDefault","decl":{"start":{"line":15,"column":9},"end":{"line":15,"column":31}},"loc":{"start":{"line":15,"column":37},"end":{"line":15,"column":95}},"line":15}},"branchMap":{"0":{"loc":{"start":{"line":15,"column":46},"end":{"line":15,"column":92}},"type":"cond-expr","locations":[{"start":{"line":15,"column":70},"end":{"line":15,"column":73}},{"start":{"line":15,"column":76},"end":{"line":15,"column":92}}],"line":15},"1":{"loc":{"start":{"line":15,"column":46},"end":{"line":15,"column":67}},"type":"binary-expr","locations":[{"start":{"line":15,"column":46},"end":{"line":15,"column":49}},{"start":{"line":15,"column":53},"end":{"line":15,"column":67}}],"line":15}},"s":{"0":1,"1":1,"2":1,"3":1,"4":1,"5":2,"6":1,"7":1,"8":1},"f":{"0":2},"b":{"0":[0,2],"1":[2,2]},"_coverageSchema":"332fd63041d2c1bcb487cc26dd0d5f7d97098a6c","hash":"cdaabc523cda33db08693622286703612235eafd","contentHash":"d25cdab57ec8215a73c608bfc6fa5f58_11.2.1"},"/home/traning/Documents/Nihit/ChatbotMain18-9-17/Main_chatBot/Server/routes/reset_password/reset_password.js":{"path":"/home/traning/Documents/Nihit/ChatbotMain18-9-17/Main_chatBot/Server/routes/reset_password/reset_password.js","statementMap":{"0":{"start":{"line":3,"column":15},"end":{"line":3,"column":33}},"1":{"start":{"line":5,"column":16},"end":{"line":5,"column":48}},"2":{"start":{"line":7,"column":23},"end":{"line":7,"column":61}},"3":{"start":{"line":9,"column":24},"end":{"line":9,"column":64}},"4":{"start":{"line":11,"column":20},"end":{"line":11,"column":56}},"5":{"start":{"line":13,"column":21},"end":{"line":13,"column":58}},"6":{"start":{"line":15,"column":39},"end":{"line":15,"column":93}},"7":{"start":{"line":17,"column":0},"end":{"line":49,"column":2}},"8":{"start":{"line":20,"column":4},"end":{"line":48,"column":7}},"9":{"start":{"line":22,"column":8},"end":{"line":47,"column":9}},"10":{"start":{"line":23,"column":12},"end":{"line":23,"column":67}},"11":{"start":{"line":24,"column":15},"end":{"line":47,"column":9}},"12":{"start":{"line":25,"column":12},"end":{"line":25,"column":107}},"13":{"start":{"line":28,"column":12},"end":{"line":46,"column":13}},"14":{"start":{"line":29,"column":16},"end":{"line":29,"column":37}},"15":{"start":{"line":30,"column":16},"end":{"line":42,"column":19}},"16":{"start":{"line":32,"column":20},"end":{"line":41,"column":21}},"17":{"start":{"line":34,"column":24},"end":{"line":34,"column":120}},"18":{"start":{"line":35,"column":27},"end":{"line":41,"column":21}},"19":{"start":{"line":36,"column":24},"end":{"line":36,"column":85}},"20":{"start":{"line":38,"column":24},"end":{"line":38,"column":49}},"21":{"start":{"line":40,"column":24},"end":{"line":40,"column":84}},"22":{"start":{"line":45,"column":16},"end":{"line":45,"column":112}}},"fnMap":{"0":{"name":"_interopRequireDefault","decl":{"start":{"line":15,"column":9},"end":{"line":15,"column":31}},"loc":{"start":{"line":15,"column":37},"end":{"line":15,"column":95}},"line":15},"1":{"name":"(anonymous_1)","decl":{"start":{"line":17,"column":17},"end":{"line":17,"column":18}},"loc":{"start":{"line":17,"column":37},"end":{"line":49,"column":1}},"line":17},"2":{"name":"(anonymous_2)","decl":{"start":{"line":20,"column":66},"end":{"line":20,"column":67}},"loc":{"start":{"line":20,"column":88},"end":{"line":48,"column":5}},"line":20},"3":{"name":"(anonymous_3)","decl":{"start":{"line":31,"column":80},"end":{"line":31,"column":81}},"loc":{"start":{"line":31,"column":102},"end":{"line":42,"column":17}},"line":31}},"branchMap":{"0":{"loc":{"start":{"line":15,"column":46},"end":{"line":15,"column":92}},"type":"cond-expr","locations":[{"start":{"line":15,"column":70},"end":{"line":15,"column":73}},{"start":{"line":15,"column":76},"end":{"line":15,"column":92}}],"line":15},"1":{"loc":{"start":{"line":15,"column":46},"end":{"line":15,"column":67}},"type":"binary-expr","locations":[{"start":{"line":15,"column":46},"end":{"line":15,"column":49}},{"start":{"line":15,"column":53},"end":{"line":15,"column":67}}],"line":15},"2":{"loc":{"start":{"line":22,"column":8},"end":{"line":47,"column":9}},"type":"if","locations":[{"start":{"line":22,"column":8},"end":{"line":47,"column":9}},{"start":{"line":22,"column":8},"end":{"line":47,"column":9}}],"line":22},"3":{"loc":{"start":{"line":24,"column":15},"end":{"line":47,"column":9}},"type":"if","locations":[{"start":{"line":24,"column":15},"end":{"line":47,"column":9}},{"start":{"line":24,"column":15},"end":{"line":47,"column":9}}],"line":24},"4":{"loc":{"start":{"line":28,"column":12},"end":{"line":46,"column":13}},"type":"if","locations":[{"start":{"line":28,"column":12},"end":{"line":46,"column":13}},{"start":{"line":28,"column":12},"end":{"line":46,"column":13}}],"line":28},"5":{"loc":{"start":{"line":32,"column":20},"end":{"line":41,"column":21}},"type":"if","locations":[{"start":{"line":32,"column":20},"end":{"line":41,"column":21}},{"start":{"line":32,"column":20},"end":{"line":41,"column":21}}],"line":32},"6":{"loc":{"start":{"line":35,"column":27},"end":{"line":41,"column":21}},"type":"if","locations":[{"start":{"line":35,"column":27},"end":{"line":41,"column":21}},{"start":{"line":35,"column":27},"end":{"line":41,"column":21}}],"line":35}},"s":{"0":1,"1":1,"2":1,"3":1,"4":1,"5":1,"6":3,"7":1,"8":4,"9":4,"10":0,"11":4,"12":2,"13":2,"14":1,"15":1,"16":1,"17":0,"18":1,"19":0,"20":1,"21":1,"22":1},"f":{"0":3,"1":4,"2":4,"3":1},"b":{"0":[0,3],"1":[3,3],"2":[0,4],"3":[2,2],"4":[1,1],"5":[0,1],"6":[0,1]},"_coverageSchema":"332fd63041d2c1bcb487cc26dd0d5f7d97098a6c","hash":"4cd011ec805a77a4bdd4698b16f15f922fd3786f","contentHash":"1df0e0463db3151dec4e1498f7efa008_11.2.1"},"/home/traning/Documents/Nihit/ChatbotMain18-9-17/Main_chatBot/Server/routes/delete_account/index.js":{"path":"/home/traning/Documents/Nihit/ChatbotMain18-9-17/Main_chatBot/Server/routes/delete_account/index.js","statementMap":{"0":{"start":{"line":3,"column":0},"end":{"line":5,"column":3}},"1":{"start":{"line":7,"column":15},"end":{"line":7,"column":33}},"2":{"start":{"line":9,"column":16},"end":{"line":9,"column":48}},"3":{"start":{"line":11,"column":22},"end":{"line":11,"column":49}},"4":{"start":{"line":13,"column":23},"end":{"line":13,"column":62}},"5":{"start":{"line":15,"column":39},"end":{"line":15,"column":93}},"6":{"start":{"line":17,"column":13},"end":{"line":17,"column":39}},"7":{"start":{"line":19,"column":0},"end":{"line":19,"column":48}},"8":{"start":{"line":21,"column":0},"end":{"line":21,"column":25}}},"fnMap":{"0":{"name":"_interopRequireDefault","decl":{"start":{"line":15,"column":9},"end":{"line":15,"column":31}},"loc":{"start":{"line":15,"column":37},"end":{"line":15,"column":95}},"line":15}},"branchMap":{"0":{"loc":{"start":{"line":15,"column":46},"end":{"line":15,"column":92}},"type":"cond-expr","locations":[{"start":{"line":15,"column":70},"end":{"line":15,"column":73}},{"start":{"line":15,"column":76},"end":{"line":15,"column":92}}],"line":15},"1":{"loc":{"start":{"line":15,"column":46},"end":{"line":15,"column":67}},"type":"binary-expr","locations":[{"start":{"line":15,"column":46},"end":{"line":15,"column":49}},{"start":{"line":15,"column":53},"end":{"line":15,"column":67}}],"line":15}},"s":{"0":1,"1":1,"2":1,"3":1,"4":1,"5":2,"6":1,"7":1,"8":1},"f":{"0":2},"b":{"0":[0,2],"1":[2,2]},"_coverageSchema":"332fd63041d2c1bcb487cc26dd0d5f7d97098a6c","hash":"7f1982edda53c088e47788323d24a68327b0faaf","contentHash":"9177e5b81f914b4d707bc03a8ea0ab9e_11.2.1"},"/home/traning/Documents/Nihit/ChatbotMain18-9-17/Main_chatBot/Server/routes/delete_account/delete_account.js":{"path":"/home/traning/Documents/Nihit/ChatbotMain18-9-17/Main_chatBot/Server/routes/delete_account/delete_account.js","statementMap":{"0":{"start":{"line":3,"column":15},"end":{"line":3,"column":33}},"1":{"start":{"line":5,"column":16},"end":{"line":5,"column":48}},"2":{"start":{"line":7,"column":23},"end":{"line":7,"column":63}},"3":{"start":{"line":9,"column":24},"end":{"line":9,"column":64}},"4":{"start":{"line":11,"column":20},"end":{"line":11,"column":58}},"5":{"start":{"line":13,"column":21},"end":{"line":13,"column":58}},"6":{"start":{"line":15,"column":39},"end":{"line":15,"column":93}},"7":{"start":{"line":17,"column":13},"end":{"line":17,"column":39}},"8":{"start":{"line":19,"column":0},"end":{"line":47,"column":2}},"9":{"start":{"line":21,"column":4},"end":{"line":21,"column":39}},"10":{"start":{"line":22,"column":4},"end":{"line":46,"column":7}},"11":{"start":{"line":23,"column":8},"end":{"line":45,"column":9}},"12":{"start":{"line":24,"column":12},"end":{"line":24,"column":110}},"13":{"start":{"line":27,"column":12},"end":{"line":44,"column":17}},"14":{"start":{"line":29,"column":16},"end":{"line":39,"column":19}},"15":{"start":{"line":32,"column":20},"end":{"line":38,"column":21}},"16":{"start":{"line":33,"column":24},"end":{"line":33,"column":122}},"17":{"start":{"line":34,"column":27},"end":{"line":38,"column":21}},"18":{"start":{"line":35,"column":24},"end":{"line":35,"column":122}},"19":{"start":{"line":37,"column":24},"end":{"line":37,"column":133}},"20":{"start":{"line":43,"column":20},"end":{"line":43,"column":120}}},"fnMap":{"0":{"name":"_interopRequireDefault","decl":{"start":{"line":15,"column":9},"end":{"line":15,"column":31}},"loc":{"start":{"line":15,"column":37},"end":{"line":15,"column":95}},"line":15},"1":{"name":"(anonymous_1)","decl":{"start":{"line":19,"column":17},"end":{"line":19,"column":18}},"loc":{"start":{"line":19,"column":37},"end":{"line":47,"column":1}},"line":19},"2":{"name":"(anonymous_2)","decl":{"start":{"line":22,"column":66},"end":{"line":22,"column":67}},"loc":{"start":{"line":22,"column":88},"end":{"line":46,"column":5}},"line":22},"3":{"name":"(anonymous_3)","decl":{"start":{"line":30,"column":63},"end":{"line":30,"column":64}},"loc":{"start":{"line":30,"column":85},"end":{"line":39,"column":17}},"line":30}},"branchMap":{"0":{"loc":{"start":{"line":15,"column":46},"end":{"line":15,"column":92}},"type":"cond-expr","locations":[{"start":{"line":15,"column":70},"end":{"line":15,"column":73}},{"start":{"line":15,"column":76},"end":{"line":15,"column":92}}],"line":15},"1":{"loc":{"start":{"line":15,"column":46},"end":{"line":15,"column":67}},"type":"binary-expr","locations":[{"start":{"line":15,"column":46},"end":{"line":15,"column":49}},{"start":{"line":15,"column":53},"end":{"line":15,"column":67}}],"line":15},"2":{"loc":{"start":{"line":23,"column":8},"end":{"line":45,"column":9}},"type":"if","locations":[{"start":{"line":23,"column":8},"end":{"line":45,"column":9}},{"start":{"line":23,"column":8},"end":{"line":45,"column":9}}],"line":23},"3":{"loc":{"start":{"line":27,"column":12},"end":{"line":44,"column":17}},"type":"if","locations":[{"start":{"line":27,"column":12},"end":{"line":44,"column":17}},{"start":{"line":27,"column":12},"end":{"line":44,"column":17}}],"line":27},"4":{"loc":{"start":{"line":32,"column":20},"end":{"line":38,"column":21}},"type":"if","locations":[{"start":{"line":32,"column":20},"end":{"line":38,"column":21}},{"start":{"line":32,"column":20},"end":{"line":38,"column":21}}],"line":32},"5":{"loc":{"start":{"line":34,"column":27},"end":{"line":38,"column":21}},"type":"if","locations":[{"start":{"line":34,"column":27},"end":{"line":38,"column":21}},{"start":{"line":34,"column":27},"end":{"line":38,"column":21}}],"line":34}},"s":{"0":1,"1":1,"2":1,"3":1,"4":1,"5":1,"6":3,"7":1,"8":1,"9":4,"10":4,"11":4,"12":1,"13":3,"14":2,"15":2,"16":0,"17":2,"18":1,"19":1,"20":1},"f":{"0":3,"1":4,"2":4,"3":2},"b":{"0":[0,3],"1":[3,3],"2":[1,3],"3":[2,1],"4":[0,2],"5":[1,1]},"_coverageSchema":"332fd63041d2c1bcb487cc26dd0d5f7d97098a6c","hash":"ee55c1729c92812d8670e91bc8560234558c0c5d","contentHash":"ce1ddc6350f8b82f22ef8d021af86720_11.2.1"},"/home/traning/Documents/Nihit/ChatbotMain18-9-17/Main_chatBot/Server/routes/userstatus/index.js":{"path":"/home/traning/Documents/Nihit/ChatbotMain18-9-17/Main_chatBot/Server/routes/userstatus/index.js","statementMap":{"0":{"start":{"line":3,"column":0},"end":{"line":5,"column":3}},"1":{"start":{"line":7,"column":15},"end":{"line":7,"column":33}},"2":{"start":{"line":9,"column":16},"end":{"line":9,"column":48}},"3":{"start":{"line":11,"column":21},"end":{"line":11,"column":47}},"4":{"start":{"line":13,"column":22},"end":{"line":13,"column":60}},"5":{"start":{"line":15,"column":22},"end":{"line":15,"column":49}},"6":{"start":{"line":17,"column":23},"end":{"line":17,"column":62}},"7":{"start":{"line":19,"column":39},"end":{"line":19,"column":93}},"8":{"start":{"line":21,"column":13},"end":{"line":21,"column":39}},"9":{"start":{"line":23,"column":0},"end":{"line":23,"column":45}},"10":{"start":{"line":24,"column":0},"end":{"line":24,"column":43}},"11":{"start":{"line":26,"column":0},"end":{"line":26,"column":25}}},"fnMap":{"0":{"name":"_interopRequireDefault","decl":{"start":{"line":19,"column":9},"end":{"line":19,"column":31}},"loc":{"start":{"line":19,"column":37},"end":{"line":19,"column":95}},"line":19}},"branchMap":{"0":{"loc":{"start":{"line":19,"column":46},"end":{"line":19,"column":92}},"type":"cond-expr","locations":[{"start":{"line":19,"column":70},"end":{"line":19,"column":73}},{"start":{"line":19,"column":76},"end":{"line":19,"column":92}}],"line":19},"1":{"loc":{"start":{"line":19,"column":46},"end":{"line":19,"column":67}},"type":"binary-expr","locations":[{"start":{"line":19,"column":46},"end":{"line":19,"column":49}},{"start":{"line":19,"column":53},"end":{"line":19,"column":67}}],"line":19}},"s":{"0":1,"1":1,"2":1,"3":1,"4":1,"5":1,"6":1,"7":3,"8":1,"9":1,"10":1,"11":1},"f":{"0":3},"b":{"0":[0,3],"1":[3,3]},"_coverageSchema":"332fd63041d2c1bcb487cc26dd0d5f7d97098a6c","hash":"908dfcaa44d45422d48b348566205f5052e617d0","contentHash":"0681fdba6ca8434fc933cf45f9ae59dd_11.2.1"},"/home/traning/Documents/Nihit/ChatbotMain18-9-17/Main_chatBot/Server/routes/userstatus/getuserstatus.js":{"path":"/home/traning/Documents/Nihit/ChatbotMain18-9-17/Main_chatBot/Server/routes/userstatus/getuserstatus.js","statementMap":{"0":{"start":{"line":3,"column":15},"end":{"line":3,"column":33}},"1":{"start":{"line":5,"column":16},"end":{"line":5,"column":48}},"2":{"start":{"line":7,"column":23},"end":{"line":7,"column":61}},"3":{"start":{"line":9,"column":24},"end":{"line":9,"column":64}},"4":{"start":{"line":11,"column":20},"end":{"line":11,"column":56}},"5":{"start":{"line":13,"column":21},"end":{"line":13,"column":58}},"6":{"start":{"line":15,"column":39},"end":{"line":15,"column":93}},"7":{"start":{"line":17,"column":0},"end":{"line":28,"column":2}},"8":{"start":{"line":18,"column":2},"end":{"line":18,"column":26}},"9":{"start":{"line":19,"column":2},"end":{"line":27,"column":5}},"10":{"start":{"line":20,"column":4},"end":{"line":26,"column":5}},"11":{"start":{"line":21,"column":6},"end":{"line":21,"column":157}},"12":{"start":{"line":22,"column":11},"end":{"line":26,"column":5}},"13":{"start":{"line":23,"column":6},"end":{"line":23,"column":64}},"14":{"start":{"line":25,"column":6},"end":{"line":25,"column":163}}},"fnMap":{"0":{"name":"_interopRequireDefault","decl":{"start":{"line":15,"column":9},"end":{"line":15,"column":31}},"loc":{"start":{"line":15,"column":37},"end":{"line":15,"column":95}},"line":15},"1":{"name":"(anonymous_1)","decl":{"start":{"line":17,"column":17},"end":{"line":17,"column":18}},"loc":{"start":{"line":17,"column":37},"end":{"line":28,"column":1}},"line":17},"2":{"name":"(anonymous_2)","decl":{"start":{"line":19,"column":60},"end":{"line":19,"column":61}},"loc":{"start":{"line":19,"column":81},"end":{"line":27,"column":3}},"line":19}},"branchMap":{"0":{"loc":{"start":{"line":15,"column":46},"end":{"line":15,"column":92}},"type":"cond-expr","locations":[{"start":{"line":15,"column":70},"end":{"line":15,"column":73}},{"start":{"line":15,"column":76},"end":{"line":15,"column":92}}],"line":15},"1":{"loc":{"start":{"line":15,"column":46},"end":{"line":15,"column":67}},"type":"binary-expr","locations":[{"start":{"line":15,"column":46},"end":{"line":15,"column":49}},{"start":{"line":15,"column":53},"end":{"line":15,"column":67}}],"line":15},"2":{"loc":{"start":{"line":20,"column":4},"end":{"line":26,"column":5}},"type":"if","locations":[{"start":{"line":20,"column":4},"end":{"line":26,"column":5}},{"start":{"line":20,"column":4},"end":{"line":26,"column":5}}],"line":20},"3":{"loc":{"start":{"line":22,"column":11},"end":{"line":26,"column":5}},"type":"if","locations":[{"start":{"line":22,"column":11},"end":{"line":26,"column":5}},{"start":{"line":22,"column":11},"end":{"line":26,"column":5}}],"line":22}},"s":{"0":1,"1":1,"2":1,"3":1,"4":1,"5":1,"6":3,"7":1,"8":1,"9":1,"10":1,"11":0,"12":1,"13":1,"14":0},"f":{"0":3,"1":1,"2":1},"b":{"0":[0,3],"1":[3,3],"2":[0,1],"3":[1,0]},"_coverageSchema":"332fd63041d2c1bcb487cc26dd0d5f7d97098a6c","hash":"406e83cf9c9cc6b4abe7e9fcd6692da2c31032ed","contentHash":"e115a656da7aa54ed27d154ef699dff6_11.2.1"},"/home/traning/Documents/Nihit/ChatbotMain18-9-17/Main_chatBot/Server/routes/userstatus/postuserstatus.js":{"path":"/home/traning/Documents/Nihit/ChatbotMain18-9-17/Main_chatBot/Server/routes/userstatus/postuserstatus.js","statementMap":{"0":{"start":{"line":3,"column":15},"end":{"line":3,"column":33}},"1":{"start":{"line":5,"column":16},"end":{"line":5,"column":48}},"2":{"start":{"line":7,"column":23},"end":{"line":7,"column":61}},"3":{"start":{"line":9,"column":24},"end":{"line":9,"column":64}},"4":{"start":{"line":11,"column":20},"end":{"line":11,"column":56}},"5":{"start":{"line":13,"column":21},"end":{"line":13,"column":58}},"6":{"start":{"line":15,"column":39},"end":{"line":15,"column":93}},"7":{"start":{"line":17,"column":0},"end":{"line":28,"column":2}},"8":{"start":{"line":19,"column":2},"end":{"line":27,"column":5}},"9":{"start":{"line":20,"column":4},"end":{"line":26,"column":5}},"10":{"start":{"line":21,"column":6},"end":{"line":21,"column":159}},"11":{"start":{"line":22,"column":11},"end":{"line":26,"column":5}},"12":{"start":{"line":23,"column":6},"end":{"line":23,"column":64}},"13":{"start":{"line":25,"column":6},"end":{"line":25,"column":169}}},"fnMap":{"0":{"name":"_interopRequireDefault","decl":{"start":{"line":15,"column":9},"end":{"line":15,"column":31}},"loc":{"start":{"line":15,"column":37},"end":{"line":15,"column":95}},"line":15},"1":{"name":"(anonymous_1)","decl":{"start":{"line":17,"column":17},"end":{"line":17,"column":18}},"loc":{"start":{"line":17,"column":37},"end":{"line":28,"column":1}},"line":17},"2":{"name":"(anonymous_2)","decl":{"start":{"line":19,"column":33},"end":{"line":19,"column":34}},"loc":{"start":{"line":19,"column":54},"end":{"line":27,"column":3}},"line":19}},"branchMap":{"0":{"loc":{"start":{"line":15,"column":46},"end":{"line":15,"column":92}},"type":"cond-expr","locations":[{"start":{"line":15,"column":70},"end":{"line":15,"column":73}},{"start":{"line":15,"column":76},"end":{"line":15,"column":92}}],"line":15},"1":{"loc":{"start":{"line":15,"column":46},"end":{"line":15,"column":67}},"type":"binary-expr","locations":[{"start":{"line":15,"column":46},"end":{"line":15,"column":49}},{"start":{"line":15,"column":53},"end":{"line":15,"column":67}}],"line":15},"2":{"loc":{"start":{"line":20,"column":4},"end":{"line":26,"column":5}},"type":"if","locations":[{"start":{"line":20,"column":4},"end":{"line":26,"column":5}},{"start":{"line":20,"column":4},"end":{"line":26,"column":5}}],"line":20},"3":{"loc":{"start":{"line":22,"column":11},"end":{"line":26,"column":5}},"type":"if","locations":[{"start":{"line":22,"column":11},"end":{"line":26,"column":5}},{"start":{"line":22,"column":11},"end":{"line":26,"column":5}}],"line":22}},"s":{"0":1,"1":1,"2":1,"3":1,"4":1,"5":1,"6":3,"7":1,"8":1,"9":1,"10":0,"11":1,"12":1,"13":0},"f":{"0":3,"1":1,"2":1},"b":{"0":[0,3],"1":[3,3],"2":[0,1],"3":[1,0]},"_coverageSchema":"332fd63041d2c1bcb487cc26dd0d5f7d97098a6c","hash":"4a1f1efcd889d34ba30d26f42ac1905bdd6cc0f5","contentHash":"85a148208560a00fe79566f5ebb803cc_11.2.1"},"/home/traning/Documents/Nihit/ChatbotMain18-9-17/Main_chatBot/Server/routes/viewPolicy/index.js":{"path":"/home/traning/Documents/Nihit/ChatbotMain18-9-17/Main_chatBot/Server/routes/viewPolicy/index.js","statementMap":{"0":{"start":{"line":3,"column":0},"end":{"line":5,"column":3}},"1":{"start":{"line":7,"column":15},"end":{"line":7,"column":33}},"2":{"start":{"line":9,"column":16},"end":{"line":9,"column":48}},"3":{"start":{"line":11,"column":18},"end":{"line":11,"column":41}},"4":{"start":{"line":13,"column":19},"end":{"line":13,"column":54}},"5":{"start":{"line":15,"column":39},"end":{"line":15,"column":93}},"6":{"start":{"line":17,"column":13},"end":{"line":17,"column":39}},"7":{"start":{"line":19,"column":0},"end":{"line":19,"column":41}},"8":{"start":{"line":21,"column":0},"end":{"line":21,"column":25}}},"fnMap":{"0":{"name":"_interopRequireDefault","decl":{"start":{"line":15,"column":9},"end":{"line":15,"column":31}},"loc":{"start":{"line":15,"column":37},"end":{"line":15,"column":95}},"line":15}},"branchMap":{"0":{"loc":{"start":{"line":15,"column":46},"end":{"line":15,"column":92}},"type":"cond-expr","locations":[{"start":{"line":15,"column":70},"end":{"line":15,"column":73}},{"start":{"line":15,"column":76},"end":{"line":15,"column":92}}],"line":15},"1":{"loc":{"start":{"line":15,"column":46},"end":{"line":15,"column":67}},"type":"binary-expr","locations":[{"start":{"line":15,"column":46},"end":{"line":15,"column":49}},{"start":{"line":15,"column":53},"end":{"line":15,"column":67}}],"line":15}},"s":{"0":1,"1":1,"2":1,"3":1,"4":1,"5":2,"6":1,"7":1,"8":1},"f":{"0":2},"b":{"0":[0,2],"1":[2,2]},"_coverageSchema":"332fd63041d2c1bcb487cc26dd0d5f7d97098a6c","hash":"975c340fbd9ab756aecbf3edb81a1d5e2c26fc50","contentHash":"25490b146ad59d812d003a3a3112c473_11.2.1"},"/home/traning/Documents/Nihit/ChatbotMain18-9-17/Main_chatBot/Server/routes/viewPolicy/viewPolicy.js":{"path":"/home/traning/Documents/Nihit/ChatbotMain18-9-17/Main_chatBot/Server/routes/viewPolicy/viewPolicy.js","statementMap":{"0":{"start":{"line":3,"column":15},"end":{"line":3,"column":33}},"1":{"start":{"line":5,"column":16},"end":{"line":5,"column":48}},"2":{"start":{"line":7,"column":23},"end":{"line":7,"column":61}},"3":{"start":{"line":9,"column":24},"end":{"line":9,"column":64}},"4":{"start":{"line":11,"column":20},"end":{"line":11,"column":56}},"5":{"start":{"line":13,"column":21},"end":{"line":13,"column":58}},"6":{"start":{"line":15,"column":39},"end":{"line":15,"column":93}},"7":{"start":{"line":18,"column":0},"end":{"line":30,"column":2}},"8":{"start":{"line":20,"column":4},"end":{"line":29,"column":7}},"9":{"start":{"line":22,"column":8},"end":{"line":28,"column":9}},"10":{"start":{"line":24,"column":16},"end":{"line":24,"column":119}},"11":{"start":{"line":27,"column":12},"end":{"line":27,"column":116}}},"fnMap":{"0":{"name":"_interopRequireDefault","decl":{"start":{"line":15,"column":9},"end":{"line":15,"column":31}},"loc":{"start":{"line":15,"column":37},"end":{"line":15,"column":95}},"line":15},"1":{"name":"(anonymous_1)","decl":{"start":{"line":18,"column":17},"end":{"line":18,"column":18}},"loc":{"start":{"line":18,"column":37},"end":{"line":30,"column":1}},"line":18},"2":{"name":"(anonymous_2)","decl":{"start":{"line":20,"column":62},"end":{"line":20,"column":63}},"loc":{"start":{"line":20,"column":83},"end":{"line":29,"column":5}},"line":20}},"branchMap":{"0":{"loc":{"start":{"line":15,"column":46},"end":{"line":15,"column":92}},"type":"cond-expr","locations":[{"start":{"line":15,"column":70},"end":{"line":15,"column":73}},{"start":{"line":15,"column":76},"end":{"line":15,"column":92}}],"line":15},"1":{"loc":{"start":{"line":15,"column":46},"end":{"line":15,"column":67}},"type":"binary-expr","locations":[{"start":{"line":15,"column":46},"end":{"line":15,"column":49}},{"start":{"line":15,"column":53},"end":{"line":15,"column":67}}],"line":15},"2":{"loc":{"start":{"line":22,"column":8},"end":{"line":28,"column":9}},"type":"if","locations":[{"start":{"line":22,"column":8},"end":{"line":28,"column":9}},{"start":{"line":22,"column":8},"end":{"line":28,"column":9}}],"line":22}},"s":{"0":1,"1":1,"2":1,"3":1,"4":1,"5":1,"6":3,"7":1,"8":0,"9":0,"10":0,"11":0},"f":{"0":3,"1":0,"2":0},"b":{"0":[0,3],"1":[3,3],"2":[0,0]},"_coverageSchema":"332fd63041d2c1bcb487cc26dd0d5f7d97098a6c","hash":"6375b045d67342506ac906759157ff4949d87e20","contentHash":"49d3716e4d420e7cfad88c78e0a20aea_11.2.1"},"/home/traning/Documents/Nihit/ChatbotMain18-9-17/Main_chatBot/Server/routes/deleteUser/index.js":{"path":"/home/traning/Documents/Nihit/ChatbotMain18-9-17/Main_chatBot/Server/routes/deleteUser/index.js","statementMap":{"0":{"start":{"line":3,"column":0},"end":{"line":5,"column":3}},"1":{"start":{"line":7,"column":15},"end":{"line":7,"column":33}},"2":{"start":{"line":9,"column":16},"end":{"line":9,"column":48}},"3":{"start":{"line":11,"column":18},"end":{"line":11,"column":41}},"4":{"start":{"line":13,"column":19},"end":{"line":13,"column":54}},"5":{"start":{"line":15,"column":39},"end":{"line":15,"column":93}},"6":{"start":{"line":17,"column":13},"end":{"line":17,"column":39}},"7":{"start":{"line":18,"column":0},"end":{"line":18,"column":44}},"8":{"start":{"line":19,"column":0},"end":{"line":19,"column":25}}},"fnMap":{"0":{"name":"_interopRequireDefault","decl":{"start":{"line":15,"column":9},"end":{"line":15,"column":31}},"loc":{"start":{"line":15,"column":37},"end":{"line":15,"column":95}},"line":15}},"branchMap":{"0":{"loc":{"start":{"line":15,"column":46},"end":{"line":15,"column":92}},"type":"cond-expr","locations":[{"start":{"line":15,"column":70},"end":{"line":15,"column":73}},{"start":{"line":15,"column":76},"end":{"line":15,"column":92}}],"line":15},"1":{"loc":{"start":{"line":15,"column":46},"end":{"line":15,"column":67}},"type":"binary-expr","locations":[{"start":{"line":15,"column":46},"end":{"line":15,"column":49}},{"start":{"line":15,"column":53},"end":{"line":15,"column":67}}],"line":15}},"s":{"0":1,"1":1,"2":1,"3":1,"4":1,"5":2,"6":1,"7":1,"8":1},"f":{"0":2},"b":{"0":[0,2],"1":[2,2]},"_coverageSchema":"332fd63041d2c1bcb487cc26dd0d5f7d97098a6c","hash":"354d6d703bb2002f0fc6e03f077ca5a326119836","contentHash":"ab727d912b898bc9ea56d4b96a63c435_11.2.1"},"/home/traning/Documents/Nihit/ChatbotMain18-9-17/Main_chatBot/Server/routes/verify_user/index.js":{"path":"/home/traning/Documents/Nihit/ChatbotMain18-9-17/Main_chatBot/Server/routes/verify_user/index.js","statementMap":{"0":{"start":{"line":3,"column":0},"end":{"line":5,"column":3}},"1":{"start":{"line":7,"column":15},"end":{"line":7,"column":33}},"2":{"start":{"line":9,"column":16},"end":{"line":9,"column":48}},"3":{"start":{"line":11,"column":19},"end":{"line":11,"column":43}},"4":{"start":{"line":13,"column":20},"end":{"line":13,"column":56}},"5":{"start":{"line":15,"column":39},"end":{"line":15,"column":93}},"6":{"start":{"line":17,"column":13},"end":{"line":17,"column":39}},"7":{"start":{"line":19,"column":0},"end":{"line":19,"column":42}},"8":{"start":{"line":21,"column":0},"end":{"line":21,"column":25}}},"fnMap":{"0":{"name":"_interopRequireDefault","decl":{"start":{"line":15,"column":9},"end":{"line":15,"column":31}},"loc":{"start":{"line":15,"column":37},"end":{"line":15,"column":95}},"line":15}},"branchMap":{"0":{"loc":{"start":{"line":15,"column":46},"end":{"line":15,"column":92}},"type":"cond-expr","locations":[{"start":{"line":15,"column":70},"end":{"line":15,"column":73}},{"start":{"line":15,"column":76},"end":{"line":15,"column":92}}],"line":15},"1":{"loc":{"start":{"line":15,"column":46},"end":{"line":15,"column":67}},"type":"binary-expr","locations":[{"start":{"line":15,"column":46},"end":{"line":15,"column":49}},{"start":{"line":15,"column":53},"end":{"line":15,"column":67}}],"line":15}},"s":{"0":1,"1":1,"2":1,"3":1,"4":1,"5":2,"6":1,"7":1,"8":1},"f":{"0":2},"b":{"0":[0,2],"1":[2,2]},"_coverageSchema":"332fd63041d2c1bcb487cc26dd0d5f7d97098a6c","hash":"2850a63122c7e70acf6fb7e97d2b8442d985856e","contentHash":"d9e416e51c12d65d89289e097e9f5618_11.2.1"},"/home/traning/Documents/Nihit/ChatbotMain18-9-17/Main_chatBot/Server/routes/verify_user/verify_user.js":{"path":"/home/traning/Documents/Nihit/ChatbotMain18-9-17/Main_chatBot/Server/routes/verify_user/verify_user.js","statementMap":{"0":{"start":{"line":3,"column":23},"end":{"line":3,"column":61}},"1":{"start":{"line":5,"column":24},"end":{"line":5,"column":64}},"2":{"start":{"line":7,"column":20},"end":{"line":7,"column":56}},"3":{"start":{"line":9,"column":21},"end":{"line":9,"column":58}},"4":{"start":{"line":11,"column":15},"end":{"line":11,"column":33}},"5":{"start":{"line":13,"column":16},"end":{"line":13,"column":48}},"6":{"start":{"line":15,"column":39},"end":{"line":15,"column":93}},"7":{"start":{"line":19,"column":0},"end":{"line":49,"column":2}},"8":{"start":{"line":21,"column":2},"end":{"line":48,"column":5}},"9":{"start":{"line":23,"column":4},"end":{"line":47,"column":7}},"10":{"start":{"line":24,"column":6},"end":{"line":24,"column":96}},"11":{"start":{"line":25,"column":11},"end":{"line":47,"column":7}},"12":{"start":{"line":27,"column":6},"end":{"line":27,"column":61}},"13":{"start":{"line":31,"column":9},"end":{"line":47,"column":7}},"14":{"start":{"line":32,"column":8},"end":{"line":44,"column":11}},"15":{"start":{"line":33,"column":10},"end":{"line":43,"column":11}},"16":{"start":{"line":34,"column":12},"end":{"line":34,"column":105}},"17":{"start":{"line":35,"column":17},"end":{"line":43,"column":11}},"18":{"start":{"line":37,"column":12},"end":{"line":37,"column":67}},"19":{"start":{"line":39,"column":12},"end":{"line":42,"column":15}},"20":{"start":{"line":41,"column":14},"end":{"line":41,"column":122}},"21":{"start":{"line":46,"column":8},"end":{"line":46,"column":108}}},"fnMap":{"0":{"name":"_interopRequireDefault","decl":{"start":{"line":15,"column":9},"end":{"line":15,"column":31}},"loc":{"start":{"line":15,"column":37},"end":{"line":15,"column":95}},"line":15},"1":{"name":"(anonymous_1)","decl":{"start":{"line":19,"column":17},"end":{"line":19,"column":18}},"loc":{"start":{"line":19,"column":37},"end":{"line":49,"column":1}},"line":19},"2":{"name":"(anonymous_2)","decl":{"start":{"line":21,"column":57},"end":{"line":21,"column":58}},"loc":{"start":{"line":21,"column":79},"end":{"line":48,"column":3}},"line":21},"3":{"name":"(anonymous_3)","decl":{"start":{"line":32,"column":113},"end":{"line":32,"column":114}},"loc":{"start":{"line":32,"column":134},"end":{"line":44,"column":9}},"line":32},"4":{"name":"(anonymous_4)","decl":{"start":{"line":39,"column":67},"end":{"line":39,"column":68}},"loc":{"start":{"line":39,"column":88},"end":{"line":42,"column":13}},"line":39}},"branchMap":{"0":{"loc":{"start":{"line":15,"column":46},"end":{"line":15,"column":92}},"type":"cond-expr","locations":[{"start":{"line":15,"column":70},"end":{"line":15,"column":73}},{"start":{"line":15,"column":76},"end":{"line":15,"column":92}}],"line":15},"1":{"loc":{"start":{"line":15,"column":46},"end":{"line":15,"column":67}},"type":"binary-expr","locations":[{"start":{"line":15,"column":46},"end":{"line":15,"column":49}},{"start":{"line":15,"column":53},"end":{"line":15,"column":67}}],"line":15},"2":{"loc":{"start":{"line":23,"column":4},"end":{"line":47,"column":7}},"type":"if","locations":[{"start":{"line":23,"column":4},"end":{"line":47,"column":7}},{"start":{"line":23,"column":4},"end":{"line":47,"column":7}}],"line":23},"3":{"loc":{"start":{"line":25,"column":11},"end":{"line":47,"column":7}},"type":"if","locations":[{"start":{"line":25,"column":11},"end":{"line":47,"column":7}},{"start":{"line":25,"column":11},"end":{"line":47,"column":7}}],"line":25},"4":{"loc":{"start":{"line":31,"column":9},"end":{"line":47,"column":7}},"type":"if","locations":[{"start":{"line":31,"column":9},"end":{"line":47,"column":7}},{"start":{"line":31,"column":9},"end":{"line":47,"column":7}}],"line":31},"5":{"loc":{"start":{"line":33,"column":10},"end":{"line":43,"column":11}},"type":"if","locations":[{"start":{"line":33,"column":10},"end":{"line":43,"column":11}},{"start":{"line":33,"column":10},"end":{"line":43,"column":11}}],"line":33},"6":{"loc":{"start":{"line":35,"column":17},"end":{"line":43,"column":11}},"type":"if","locations":[{"start":{"line":35,"column":17},"end":{"line":43,"column":11}},{"start":{"line":35,"column":17},"end":{"line":43,"column":11}}],"line":35}},"s":{"0":1,"1":1,"2":1,"3":1,"4":1,"5":1,"6":3,"7":1,"8":2,"9":2,"10":0,"11":2,"12":1,"13":1,"14":1,"15":1,"16":0,"17":1,"18":0,"19":1,"20":1,"21":0},"f":{"0":3,"1":2,"2":2,"3":1,"4":1},"b":{"0":[0,3],"1":[3,3],"2":[0,2],"3":[1,1],"4":[1,0],"5":[0,1],"6":[0,1]},"_coverageSchema":"332fd63041d2c1bcb487cc26dd0d5f7d97098a6c","hash":"5f4dd92ebf8db7c328173e1bfe0eac55d3d1d698","contentHash":"a20a24114685ba012ad408a4e75fda26_11.2.1"},"/home/traning/Documents/Nihit/ChatbotMain18-9-17/Main_chatBot/Server/routes/chat/index.js":{"path":"/home/traning/Documents/Nihit/ChatbotMain18-9-17/Main_chatBot/Server/routes/chat/index.js","statementMap":{"0":{"start":{"line":3,"column":0},"end":{"line":5,"column":3}},"1":{"start":{"line":7,"column":15},"end":{"line":7,"column":33}},"2":{"start":{"line":9,"column":16},"end":{"line":9,"column":48}},"3":{"start":{"line":11,"column":12},"end":{"line":11,"column":29}},"4":{"start":{"line":13,"column":13},"end":{"line":13,"column":42}},"5":{"start":{"line":15,"column":12},"end":{"line":15,"column":29}},"6":{"start":{"line":17,"column":13},"end":{"line":17,"column":42}},"7":{"start":{"line":19,"column":39},"end":{"line":19,"column":93}},"8":{"start":{"line":21,"column":13},"end":{"line":21,"column":39}},"9":{"start":{"line":24,"column":0},"end":{"line":24,"column":32}},"10":{"start":{"line":25,"column":0},"end":{"line":25,"column":36}},"11":{"start":{"line":27,"column":0},"end":{"line":27,"column":25}}},"fnMap":{"0":{"name":"_interopRequireDefault","decl":{"start":{"line":19,"column":9},"end":{"line":19,"column":31}},"loc":{"start":{"line":19,"column":37},"end":{"line":19,"column":95}},"line":19}},"branchMap":{"0":{"loc":{"start":{"line":19,"column":46},"end":{"line":19,"column":92}},"type":"cond-expr","locations":[{"start":{"line":19,"column":70},"end":{"line":19,"column":73}},{"start":{"line":19,"column":76},"end":{"line":19,"column":92}}],"line":19},"1":{"loc":{"start":{"line":19,"column":46},"end":{"line":19,"column":67}},"type":"binary-expr","locations":[{"start":{"line":19,"column":46},"end":{"line":19,"column":49}},{"start":{"line":19,"column":53},"end":{"line":19,"column":67}}],"line":19}},"s":{"0":1,"1":1,"2":1,"3":1,"4":1,"5":1,"6":1,"7":3,"8":1,"9":1,"10":1,"11":1},"f":{"0":3},"b":{"0":[2,1],"1":[3,3]},"_coverageSchema":"332fd63041d2c1bcb487cc26dd0d5f7d97098a6c","hash":"6675efefdba42fd7ef2340708dccd480dd53324c","contentHash":"3544ccd4efaf2e568cd05eec2d98855e_11.2.1"},"/home/traning/Documents/Nihit/ChatbotMain18-9-17/Main_chatBot/Server/routes/chat/chat.js":{"path":"/home/traning/Documents/Nihit/ChatbotMain18-9-17/Main_chatBot/Server/routes/chat/chat.js","statementMap":{"0":{"start":{"line":3,"column":0},"end":{"line":5,"column":3}},"1":{"start":{"line":7,"column":15},"end":{"line":7,"column":33}},"2":{"start":{"line":9,"column":16},"end":{"line":9,"column":48}},"3":{"start":{"line":11,"column":20},"end":{"line":11,"column":56}},"4":{"start":{"line":13,"column":21},"end":{"line":13,"column":58}},"5":{"start":{"line":15,"column":39},"end":{"line":15,"column":93}},"6":{"start":{"line":17,"column":11},"end":{"line":17,"column":40}},"7":{"start":{"line":18,"column":13},"end":{"line":18,"column":39}},"8":{"start":{"line":19,"column":11},"end":{"line":19,"column":47}},"9":{"start":{"line":22,"column":0},"end":{"line":32,"column":2}},"10":{"start":{"line":23,"column":4},"end":{"line":31,"column":7}},"11":{"start":{"line":24,"column":8},"end":{"line":30,"column":9}},"12":{"start":{"line":25,"column":12},"end":{"line":25,"column":111}},"13":{"start":{"line":26,"column":15},"end":{"line":30,"column":9}},"14":{"start":{"line":27,"column":12},"end":{"
[...]
37},"end":{"line":11,"column":95}},"line":11},"1":{"name":"(anonymous_1)","decl":{"start":{"line":18,"column":17},"end":{"line":18,"column":18}},"loc":{"start":{"line":18,"column":37},"end":{"line":28,"column":1}},"line":18},"2":{"name":"(anonymous_2)","decl":{"start":{"line":19,"column":11},"end":{"line":19,"column":12}},"loc":{"start":{"line":19,"column":32},"end":{"line":27,"column":2}},"line":19}},"branchMap":{"0":{"loc":{"start":{"line":11,"column":46},"end":{"line":11,"column":92}},"type":"cond-expr","locations":[{"start":{"line":11,"column":70},"end":{"line":11,"column":73}},{"start":{"line":11,"column":76},"end":{"line":11,"column":92}}],"line":11},"1":{"loc":{"start":{"line":11,"column":46},"end":{"line":11,"column":67}},"type":"binary-expr","locations":[{"start":{"line":11,"column":46},"end":{"line":11,"column":49}},{"start":{"line":11,"column":53},"end":{"line":11,"column":67}}],"line":11},"2":{"loc":{"start":{"line":20,"column":2},"end":{"line":26,"column":3}},"type":"if","locations":[{"start":{"line":20,"column":2},"end":{"line":26,"column":3}},{"start":{"line":20,"column":2},"end":{"line":26,"column":3}}],"line":20},"3":{"loc":{"start":{"line":22,"column":9},"end":{"line":26,"column":3}},"type":"if","locations":[{"start":{"line":22,"column":9},"end":{"line":26,"column":3}},{"start":{"line":22,"column":9},"end":{"line":26,"column":3}}],"line":22}},"s":{"0":1,"1":1,"2":1,"3":1,"4":2,"5":1,"6":1,"7":1,"8":2,"9":2,"10":0,"11":2,"12":1,"13":1},"f":{"0":2,"1":2,"2":2},"b":{"0":[0,2],"1":[2,2],"2":[0,2],"3":[1,1]},"_coverageSchema":"332fd63041d2c1bcb487cc26dd0d5f7d97098a6c","hash":"4cc8cfe15cd06c4e6f29dae3d2fa068bee0acb19","contentHash":"e6d94094dd4f3424cc8b8120a0ddfbf1_11.2.1"},"/home/traning/Documents/Nihit/ChatbotMain18-9-17/Main_chatBot/Server/routes/getsurvey/putsurvey.js":{"path":"/home/traning/Documents/Nihit/ChatbotMain18-9-17/Main_chatBot/Server/routes/getsurvey/putsurvey.js","statementMap":{"0":{"start":{"line":3,"column":15},"end":{"line":3,"column":33}},"1":{"start":{"line":5,"column":16},"end":{"line":5,"column":48}},"2":{"start":{"line":7,"column":20},"end":{"line":7,"column":56}},"3":{"start":{"line":9,"column":21},"end":{"line":9,"column":58}},"4":{"start":{"line":11,"column":39},"end":{"line":11,"column":93}},"5":{"start":{"line":13,"column":11},"end":{"line":13,"column":45}},"6":{"start":{"line":14,"column":13},"end":{"line":14,"column":39}},"7":{"start":{"line":17,"column":0},"end":{"line":35,"column":2}},"8":{"start":{"line":18,"column":1},"end":{"line":34,"column":4}},"9":{"start":{"line":19,"column":2},"end":{"line":33,"column":3}},"10":{"start":{"line":20,"column":3},"end":{"line":20,"column":98}},"11":{"start":{"line":21,"column":9},"end":{"line":33,"column":3}},"12":{"start":{"line":22,"column":3},"end":{"line":22,"column":98}},"13":{"start":{"line":24,"column":3},"end":{"line":32,"column":6}},"14":{"start":{"line":25,"column":4},"end":{"line":31,"column":5}},"15":{"start":{"line":26,"column":5},"end":{"line":26,"column":100}},"16":{"start":{"line":27,"column":11},"end":{"line":31,"column":5}},"17":{"start":{"line":28,"column":5},"end":{"line":28,"column":100}},"18":{"start":{"line":30,"column":5},"end":{"line":30,"column":103}}},"fnMap":{"0":{"name":"_interopRequireDefault","decl":{"start":{"line":11,"column":9},"end":{"line":11,"column":31}},"loc":{"start":{"line":11,"column":37},"end":{"line":11,"column":95}},"line":11},"1":{"name":"(anonymous_1)","decl":{"start":{"line":17,"column":17},"end":{"line":17,"column":18}},"loc":{"start":{"line":17,"column":37},"end":{"line":35,"column":1}},"line":17},"2":{"name":"(anonymous_2)","decl":{"start":{"line":18,"column":71},"end":{"line":18,"column":72}},"loc":{"start":{"line":18,"column":92},"end":{"line":34,"column":2}},"line":18},"3":{"name":"(anonymous_3)","decl":{"start":{"line":24,"column":17},"end":{"line":24,"column":18}},"loc":{"start":{"line":24,"column":39},"end":{"line":32,"column":4}},"line":24}},"branchMap":{"0":{"loc":{"start":{"line":11,"column":46},"end":{"line":11,"column":92}},"type":"cond-expr","locations":[{"start":{"line":11,"column":70},"end":{"line":11,"column":73}},{"start":{"line":11,"column":76},"end":{"line":11,"column":92}}],"line":11},"1":{"loc":{"start":{"line":11,"column":46},"end":{"line":11,"column":67}},"type":"binary-expr","locations":[{"start":{"line":11,"column":46},"end":{"line":11,"column":49}},{"start":{"line":11,"column":53},"end":{"line":11,"column":67}}],"line":11},"2":{"loc":{"start":{"line":19,"column":2},"end":{"line":33,"column":3}},"type":"if","locations":[{"start":{"line":19,"column":2},"end":{"line":33,"column":3}},{"start":{"line":19,"column":2},"end":{"line":33,"column":3}}],"line":19},"3":{"loc":{"start":{"line":21,"column":9},"end":{"line":33,"column":3}},"type":"if","locations":[{"start":{"line":21,"column":9},"end":{"line":33,"column":3}},{"start":{"line":21,"column":9},"end":{"line":33,"column":3}}],"line":21},"4":{"loc":{"start":{"line":25,"column":4},"end":{"line":31,"column":5}},"type":"if","locations":[{"start":{"line":25,"column":4},"end":{"line":31,"column":5}},{"start":{"line":25,"column":4},"end":{"line":31,"column":5}}],"line":25},"5":{"loc":{"start":{"line":27,"column":11},"end":{"line":31,"column":5}},"type":"if","locations":[{"start":{"line":27,"column":11},"end":{"line":31,"column":5}},{"start":{"line":27,"column":11},"end":{"line":31,"column":5}}],"line":27}},"s":{"0":1,"1":1,"2":1,"3":1,"4":2,"5":1,"6":1,"7":1,"8":3,"9":3,"10":0,"11":3,"12":1,"13":2,"14":2,"15":0,"16":2,"17":1,"18":1},"f":{"0":2,"1":3,"2":3,"3":2},"b":{"0":[0,2],"1":[2,2],"2":[0,3],"3":[1,2],"4":[0,2],"5":[1,1]},"_coverageSchema":"332fd63041d2c1bcb487cc26dd0d5f7d97098a6c","hash":"82d70d7abc505d652ab2b908afa292b93e0e06f5","contentHash":"d2cbe9bc71a8afcf80a03df797c156a0_11.2.1"},"/home/traning/Documents/Nihit/ChatbotMain18-9-17/Main_chatBot/Server/routes/getsurvey/deletesurvey.js":{"path":"/home/traning/Documents/Nihit/ChatbotMain18-9-17/Main_chatBot/Server/routes/getsurvey/deletesurvey.js","statementMap":{"0":{"start":{"line":3,"column":15},"end":{"line":3,"column":33}},"1":{"start":{"line":5,"column":16},"end":{"line":5,"column":48}},"2":{"start":{"line":7,"column":20},"end":{"line":7,"column":56}},"3":{"start":{"line":9,"column":21},"end":{"line":9,"column":58}},"4":{"start":{"line":11,"column":39},"end":{"line":11,"column":93}},"5":{"start":{"line":13,"column":11},"end":{"line":13,"column":45}},"6":{"start":{"line":14,"column":13},"end":{"line":14,"column":39}},"7":{"start":{"line":17,"column":0},"end":{"line":39,"column":2}},"8":{"start":{"line":18,"column":1},"end":{"line":18,"column":25}},"9":{"start":{"line":19,"column":1},"end":{"line":38,"column":4}},"10":{"start":{"line":20,"column":2},"end":{"line":37,"column":3}},"11":{"start":{"line":21,"column":3},"end":{"line":21,"column":27}},"12":{"start":{"line":22,"column":3},"end":{"line":22,"column":83}},"13":{"start":{"line":23,"column":9},"end":{"line":37,"column":3}},"14":{"start":{"line":24,"column":3},"end":{"line":24,"column":86}},"15":{"start":{"line":26,"column":3},"end":{"line":26,"column":23}},"16":{"start":{"line":27,"column":3},"end":{"line":36,"column":6}},"17":{"start":{"line":28,"column":4},"end":{"line":35,"column":5}},"18":{"start":{"line":29,"column":5},"end":{"line":29,"column":88}},"19":{"start":{"line":30,"column":11},"end":{"line":35,"column":5}},"20":{"start":{"line":31,"column":5},"end":{"line":31,"column":88}},"21":{"start":{"line":33,"column":5},"end":{"line":33,"column":33}},"22":{"start":{"line":34,"column":5},"end":{"line":34,"column":103}}},"fnMap":{"0":{"name":"_interopRequireDefault","decl":{"start":{"line":11,"column":9},"end":{"line":11,"column":31}},"loc":{"start":{"line":11,"column":37},"end":{"line":11,"column":95}},"line":11},"1":{"name":"(anonymous_1)","decl":{"start":{"line":17,"column":17},"end":{"line":17,"column":18}},"loc":{"start":{"line":17,"column":37},"end":{"line":39,"column":1}},"line":17},"2":{"name":"(anonymous_2)","decl":{"start":{"line":19,"column":39},"end":{"line":19,"column":40}},"loc":{"start":{"line":19,"column":60},"end":{"line":38,"column":2}},"line":19},"3":{"name":"(anonymous_3)","decl":{"start":{"line":27,"column":13},"end":{"line":27,"column":14}},"loc":{"start":{"line":27,"column":35},"end":{"line":36,"column":4}},"line":27}},"branchMap":{"0":{"loc":{"start":{"line":11,"column":46},"end":{"line":11,"column":92}},"type":"cond-expr","locations":[{"start":{"line":11,"column":70},"end":{"line":11,"column":73}},{"start":{"line":11,"column":76},"end":{"line":11,"column":92}}],"line":11},"1":{"loc":{"start":{"line":11,"column":46},"end":{"line":11,"column":67}},"type":"binary-expr","locations":[{"start":{"line":11,"column":46},"end":{"line":11,"column":49}},{"start":{"line":11,"column":53},"end":{"line":11,"column":67}}],"line":11},"2":{"loc":{"start":{"line":20,"column":2},"end":{"line":37,"column":3}},"type":"if","locations":[{"start":{"line":20,"column":2},"end":{"line":37,"column":3}},{"start":{"line":20,"column":2},"end":{"line":37,"column":3}}],"line":20},"3":{"loc":{"start":{"line":23,"column":9},"end":{"line":37,"column":3}},"type":"if","locations":[{"start":{"line":23,"column":9},"end":{"line":37,"column":3}},{"start":{"line":23,"column":9},"end":{"line":37,"column":3}}],"line":23},"4":{"loc":{"start":{"line":28,"column":4},"end":{"line":35,"column":5}},"type":"if","locations":[{"start":{"line":28,"column":4},"end":{"line":35,"column":5}},{"start":{"line":28,"column":4},"end":{"line":35,"column":5}}],"line":28},"5":{"loc":{"start":{"line":30,"column":11},"end":{"line":35,"column":5}},"type":"if","locations":[{"start":{"line":30,"column":11},"end":{"line":35,"column":5}},{"start":{"line":30,"column":11},"end":{"line":35,"column":5}}],"line":30}},"s":{"0":1,"1":1,"2":1,"3":1,"4":2,"5":1,"6":1,"7":1,"8":5,"9":5,"10":5,"11":0,"12":0,"13":5,"14":1,"15":4,"16":4,"17":4,"18":0,"19":4,"20":1,"21":3,"22":3},"f":{"0":2,"1":5,"2":5,"3":4},"b":{"0":[0,2],"1":[2,2],"2":[0,5],"3":[1,4],"4":[0,4],"5":[1,3]},"_coverageSchema":"332fd63041d2c1bcb487cc26dd0d5f7d97098a6c","hash":"edfd0234e545ec282c221017e3f4c37631fb68d4","contentHash":"e18c4c094fe867c3239770f1d2848489_11.2.1"},"/home/traning/Documents/Nihit/ChatbotMain18-9-17/Main_chatBot/Server/routes/createsurvey/index.js":{"path":"/home/traning/Documents/Nihit/ChatbotMain18-9-17/Main_chatBot/Server/routes/createsurvey/index.js","statementMap":{"0":{"start":{"line":3,"column":0},"end":{"line":5,"column":3}},"1":{"start":{"line":7,"column":15},"end":{"line":7,"column":33}},"2":{"start":{"line":9,"column":16},"end":{"line":9,"column":48}},"3":{"start":{"line":11,"column":20},"end":{"line":11,"column":45}},"4":{"start":{"line":13,"column":21},"end":{"line":13,"column":58}},"5":{"start":{"line":15,"column":39},"end":{"line":15,"column":93}},"6":{"start":{"line":17,"column":13},"end":{"line":17,"column":39}},"7":{"start":{"line":18,"column":0},"end":{"line":18,"column":41}},"8":{"start":{"line":19,"column":0},"end":{"line":19,"column":25}}},"fnMap":{"0":{"name":"_interopRequireDefault","decl":{"start":{"line":15,"column":9},"end":{"line":15,"column":31}},"loc":{"start":{"line":15,"column":37},"end":{"line":15,"column":95}},"line":15}},"branchMap":{"0":{"loc":{"start":{"line":15,"column":46},"end":{"line":15,"column":92}},"type":"cond-expr","locations":[{"start":{"line":15,"column":70},"end":{"line":15,"column":73}},{"start":{"line":15,"column":76},"end":{"line":15,"column":92}}],"line":15},"1":{"loc":{"start":{"line":15,"column":46},"end":{"line":15,"column":67}},"type":"binary-expr","locations":[{"start":{"line":15,"column":46},"end":{"line":15,"column":49}},{"start":{"line":15,"column":53},"end":{"line":15,"column":67}}],"line":15}},"s":{"0":1,"1":1,"2":1,"3":1,"4":1,"5":2,"6":1,"7":1,"8":1},"f":{"0":2},"b":{"0":[0,2],"1":[2,2]},"_coverageSchema":"332fd63041d2c1bcb487cc26dd0d5f7d97098a6c","hash":"86a2a3cdd5bcfd9c29fded8923e9df77a49a6015","contentHash":"888e943b9dfc414ff40cefb436a236dc_11.2.1"},"/home/traning/Documents/Nihit/ChatbotMain18-9-17/Main_chatBot/Server/routes/createsurvey/createsurvey.js":{"path":"/home/traning/Documents/Nihit/ChatbotMain18-9-17/Main_chatBot/Server/routes/createsurvey/createsurvey.js","statementMap":{"0":{"start":{"line":3,"column":15},"end":{"line":3,"column":33}},"1":{"start":{"line":5,"column":16},"end":{"line":5,"column":48}},"2":{"start":{"line":7,"column":20},"end":{"line":7,"column":56}},"3":{"start":{"line":9,"column":21},"end":{"line":9,"column":58}},"4":{"start":{"line":11,"column":39},"end":{"line":11,"column":93}},"5":{"start":{"line":31,"column":12},"end":{"line":31,"column":46}},"6":{"start":{"line":32,"column":0},"end":{"line":42,"column":2}},"7":{"start":{"line":33,"column":2},"end":{"line":41,"column":5}},"8":{"start":{"line":34,"column":4},"end":{"line":40,"column":5}},"9":{"start":{"line":35,"column":6},"end":{"line":35,"column":104}},"10":{"start":{"line":36,"column":11},"end":{"line":40,"column":5}},"11":{"start":{"line":37,"column":6},"end":{"line":37,"column":66}},"12":{"start":{"line":39,"column":6},"end":{"line":39,"column":103}}},"fnMap":{"0":{"name":"_interopRequireDefault","decl":{"start":{"line":11,"column":9},"end":{"line":11,"column":31}},"loc":{"start":{"line":11,"column":37},"end":{"line":11,"column":95}},"line":11},"1":{"name":"(anonymous_1)","decl":{"start":{"line":32,"column":17},"end":{"line":32,"column":18}},"loc":{"start":{"line":32,"column":37},"end":{"line":42,"column":1}},"line":32},"2":{"name":"(anonymous_2)","decl":{"start":{"line":33,"column":29},"end":{"line":33,"column":30}},"loc":{"start":{"line":33,"column":50},"end":{"line":41,"column":3}},"line":33}},"branchMap":{"0":{"loc":{"start":{"line":11,"column":46},"end":{"line":11,"column":92}},"type":"cond-expr","locations":[{"start":{"line":11,"column":70},"end":{"line":11,"column":73}},{"start":{"line":11,"column":76},"end":{"line":11,"column":92}}],"line":11},"1":{"loc":{"start":{"line":11,"column":46},"end":{"line":11,"column":67}},"type":"binary-expr","locations":[{"start":{"line":11,"column":46},"end":{"line":11,"column":49}},{"start":{"line":11,"column":53},"end":{"line":11,"column":67}}],"line":11},"2":{"loc":{"start":{"line":34,"column":4},"end":{"line":40,"column":5}},"type":"if","locations":[{"start":{"line":34,"column":4},"end":{"line":40,"column":5}},{"start":{"line":34,"column":4},"end":{"line":40,"column":5}}],"line":34},"3":{"loc":{"start":{"line":36,"column":11},"end":{"line":40,"column":5}},"type":"if","locations":[{"start":{"line":36,"column":11},"end":{"line":40,"column":5}},{"start":{"line":36,"column":11},"end":{"line":40,"column":5}}],"line":36}},"s":{"0":1,"1":1,"2":1,"3":1,"4":2,"5":1,"6":1,"7":2,"8":2,"9":0,"10":2,"11":1,"12":1},"f":{"0":2,"1":2,"2":2},"b":{"0":[0,2],"1":[2,2],"2":[0,2],"3":[1,1]},"_coverageSchema":"332fd63041d2c1bcb487cc26dd0d5f7d97098a6c","hash":"cefa7066f90ab0c008fafd9be6ac3424af8cca64","contentHash":"6e1a477051b5fc11f65bc464f491dcd4_11.2.1"},"/home/traning/Documents/Nihit/ChatbotMain18-9-17/Main_chatBot/Server/routes/publishsurvey/index.js":{"path":"/home/traning/Documents/Nihit/ChatbotMain18-9-17/Main_chatBot/Server/routes/publishsurvey/index.js","statementMap":{"0":{"start":{"line":3,"column":0},"end":{"line":5,"column":3}},"1":{"start":{"line":7,"column":15},"end":{"line":7,"column":33}},"2":{"start":{"line":9,"column":16},"end":{"line":9,"column":48}},"3":{"start":{"line":11,"column":21},"end":{"line":11,"column":47}},"4":{"start":{"line":13,"column":22},"end":{"line":13,"column":60}},"5":{"start":{"line":15,"column":39},"end":{"line":15,"column":93}},"6":{"start":{"line":17,"column":13},"end":{"line":17,"column":39}},"7":{"start":{"line":18,"column":0},"end":{"line":18,"column":41}},"8":{"start":{"line":19,"column":0},"end":{"line":19,"column":25}}},"fnMap":{"0":{"name":"_interopRequireDefault","decl":{"start":{"line":15,"column":9},"end":{"line":15,"column":31}},"loc":{"start":{"line":15,"column":37},"end":{"line":15,"column":95}},"line":15}},"branchMap":{"0":{"loc":{"start":{"line":15,"column":46},"end":{"line":15,"column":92}},"type":"cond-expr","locations":[{"start":{"line":15,"column":70},"end":{"line":15,"column":73}},{"start":{"line":15,"column":76},"end":{"line":15,"column":92}}],"line":15},"1":{"loc":{"start":{"line":15,"column":46},"end":{"line":15,"column":67}},"type":"binary-expr","locations":[{"start":{"line":15,"column":46},"end":{"line":15,"column":49}},{"start":{"line":15,"column":53},"end":{"line":15,"column":67}}],"line":15}},"s":{"0":1,"1":1,"2":1,"3":1,"4":1,"5":2,"6":1,"7":1,"8":1},"f":{"0":2},"b":{"0":[0,2],"1":[2,2]},"_coverageSchema":"332fd63041d2c1bcb487cc26dd0d5f7d97098a6c","hash":"9d0499bc9dc016edaee5a6ddba8350d4e50768e4","contentHash":"26510a42a68c8dab5defe189a87d70fe_11.2.1"},"/home/traning/Documents/Nihit/ChatbotMain18-9-17/Main_chatBot/Server/routes/publishsurvey/publishsurvey.js":{"path":"/home/traning/Documents/Nihit/ChatbotMain18-9-17/Main_chatBot/Server/routes/publishsurvey/publishsurvey.js","statementMap":{"0":{"start":{"line":3,"column":15},"end":{"line":3,"column":33}},"1":{"start":{"line":5,"column":16},"end":{"line":5,"column":48}},"2":{"start":{"line":7,"column":20},"end":{"line":7,"column":56}},"3":{"start":{"line":9,"column":21},"end":{"line":9,"column":58}},"4":{"start":{"line":11,"column":39},"end":{"line":11,"column":93}},"5":{"start":{"line":13,"column":11},"end":{"line":13,"column":45}},"6":{"start":{"line":14,"column":0},"end":{"line":28,"column":2}},"7":{"start":{"line":16,"column":4},"end":{"line":27,"column":7}},"8":{"start":{"line":17,"column":8},"end":{"line":26,"column":9}},"9":{"start":{"line":18,"column":12},"end":{"line":18,"column":105}},"10":{"start":{"line":19,"column":15},"end":{"line":26,"column":9}},"11":{"start":{"line":20,"column":12},"end":{"line":20,"column":70}},"12":{"start":{"line":23,"column":12},"end":{"line":25,"column":15}},"13":{"start":{"line":24,"column":16},"end":{"line":24,"column":114}}},"fnMap":{"0":{"name":"_interopRequireDefault","decl":{"start":{"line":11,"column":9},"end":{"line":11,"column":31}},"loc":{"start":{"line":11,"column":37},"end":{"line":11,"column":95}},"line":11},"1":{"name":"(anonymous_1)","decl":{"start":{"line":14,"column":17},"end":{"line":14,"column":18}},"loc":{"start":{"line":14,"column":37},"end":{"line":28,"column":1}},"line":14},"2":{"name":"(anonymous_2)","decl":{"start":{"line":16,"column":68},"end":{"line":16,"column":69}},"loc":{"start":{"line":16,"column":89},"end":{"line":27,"column":5}},"line":16},"3":{"name":"(anonymous_3)","decl":{"start":{"line":23,"column":26},"end":{"line":23,"column":27}},"loc":{"start":{"line":23,"column":48},"end":{"line":25,"column":13}},"line":23}},"branchMap":{"0":{"loc":{"start":{"line":11,"column":46},"end":{"line":11,"column":92}},"type":"cond-expr","locations":[{"start":{"line":11,"column":70},"end":{"line":11,"column":73}},{"start":{"line":11,"column":76},"end":{"line":11,"column":92}}],"line":11},"1":{"loc":{"start":{"line":11,"column":46},"end":{"line":11,"column":67}},"type":"binary-expr","locations":[{"start":{"line":11,"column":46},"end":{"line":11,"column":49}},{"start":{"line":11,"column":53},"end":{"line":11,"column":67}}],"line":11},"2":{"loc":{"start":{"line":17,"column":8},"end":{"line":26,"column":9}},"type":"if","locations":[{"start":{"line":17,"column":8},"end":{"line":26,"column":9}},{"start":{"line":17,"column":8},"end":{"line":26,"column":9}}],"line":17},"3":{"loc":{"start":{"line":19,"column":15},"end":{"line":26,"column":9}},"type":"if","locations":[{"start":{"line":19,"column":15},"end":{"line":26,"column":9}},{"start":{"line":19,"column":15},"end":{"line":26,"column":9}}],"line":19}},"s":{"0":1,"1":1,"2":1,"3":1,"4":2,"5":1,"6":1,"7":2,"8":2,"9":0,"10":2,"11":1,"12":1,"13":1},"f":{"0":2,"1":2,"2":2,"3":1},"b":{"0":[0,2],"1":[2,2],"2":[0,2],"3":[1,1]},"_coverageSchema":"332fd63041d2c1bcb487cc26dd0d5f7d97098a6c","hash":"93db08fa229c6d8979fc8f567f8c507e04627e6b","contentHash":"7946336bccdf4c47c8dafa2f57a9dab0_11.2.1"}}