{"/home/traning/Naman/Investment_Assistant/Server/routes/product/addProduct.js":{"path":"/home/traning/Naman/Investment_Assistant/Server/routes/product/addProduct.js","statementMap":{"0":{"start":{"line":3,"column":0},"end":{"line":5,"column":3}},"1":{"start":{"line":7,"column":21},"end":{"line":7,"column":57}},"2":{"start":{"line":9,"column":22},"end":{"line":9,"column":60}},"3":{"start":{"line":11,"column":20},"end":{"line":11,"column":56}},"4":{"start":{"line":13,"column":21},"end":{"line":13,"column":58}},"5":{"start":{"line":15,"column":39},"end":{"line":15,"column":93}},"6":{"start":{"line":17,"column":0},"end":{"line":28,"column":2}},"7":{"start":{"line":18,"column":4},"end":{"line":27,"column":7}},"8":{"start":{"line":20,"column":8},"end":{"line":26,"column":11}},"9":{"start":{"line":21,"column":12},"end":{"line":25,"column":13}},"10":{"start":{"line":22,"column":16},"end":{"line":22,"column":93}},"11":{"start":{"line":24,"column":16},"end":{"line":24,"column":104}}},"fnMap":{"0":{"name":"_interopRequireDefault","decl":{"start":{"line":15,"column":9},"end":{"line":15,"column":31}},"loc":{"start":{"line":15,"column":37},"end":{"line":15,"column":95}},"line":15},"1":{"name":"(anonymous_1)","decl":{"start":{"line":17,"column":18},"end":{"line":17,"column":19}},"loc":{"start":{"line":17,"column":33},"end":{"line":28,"column":1}},"line":17},"2":{"name":"(anonymous_2)","decl":{"start":{"line":18,"column":28},"end":{"line":18,"column":29}},"loc":{"start":{"line":18,"column":48},"end":{"line":27,"column":5}},"line":18},"3":{"name":"(anonymous_3)","decl":{"start":{"line":20,"column":49},"end":{"line":20,"column":50}},"loc":{"start":{"line":20,"column":70},"end":{"line":26,"column":9}},"line":20}},"branchMap":{"0":{"loc":{"start":{"line":15,"column":46},"end":{"line":15,"column":92}},"type":"cond-expr","locations":[{"start":{"line":15,"column":70},"end":{"line":15,"column":73}},{"start":{"line":15,"column":76},"end":{"line":15,"column":92}}],"line":15},"1":{"loc":{"start":{"line":15,"column":46},"end":{"line":15,"column":67}},"type":"binary-expr","locations":[{"start":{"line":15,"column":46},"end":{"line":15,"column":49}},{"start":{"line":15,"column":53},"end":{"line":15,"column":67}}],"line":15},"2":{"loc":{"start":{"line":21,"column":12},"end":{"line":25,"column":13}},"type":"if","locations":[{"start":{"line":21,"column":12},"end":{"line":25,"column":13}},{"start":{"line":21,"column":12},"end":{"line":25,"column":13}}],"line":21}},"s":{"0":1,"1":1,"2":1,"3":1,"4":1,"5":2,"6":1,"7":1,"8":0,"9":0,"10":0,"11":0},"f":{"0":2,"1":1,"2":0,"3":0},"b":{"0":[1,1],"1":[2,2],"2":[0,0]},"_coverageSchema":"332fd63041d2c1bcb487cc26dd0d5f7d97098a6c","hash":"4a71939e8d7ae5ea6888c609be15bca816be6e77","contentHash":"e8fa7e6f9fe5abe56feb43b87d6fac74_11.2.1"},"/home/traning/Naman/Investment_Assistant/Server/model/productschema.js":{"path":"/home/traning/Naman/Investment_Assistant/Server/model/productschema.js","statementMap":{"0":{"start":{"line":3,"column":0},"end":{"line":5,"column":3}},"1":{"start":{"line":7,"column":16},"end":{"line":7,"column":35}},"2":{"start":{"line":9,"column":17},"end":{"line":9,"column":50}},"3":{"start":{"line":11,"column":39},"end":{"line":11,"column":93}},"4":{"start":{"line":13,"column":0},"end":{"line":13,"column":38}},"5":{"start":{"line":14,"column":13},"end":{"line":14,"column":38}},"6":{"start":{"line":16,"column":20},"end":{"line":21,"column":54}},"7":{"start":{"line":23,"column":0},"end":{"line":23,"column":75}}},"fnMap":{"0":{"name":"_interopRequireDefault","decl":{"start":{"line":11,"column":9},"end":{"line":11,"column":31}},"loc":{"start":{"line":11,"column":37},"end":{"line":11,"column":95}},"line":11}},"branchMap":{"0":{"loc":{"start":{"line":11,"column":46},"end":{"line":11,"column":92}},"type":"cond-expr","locations":[{"start":{"line":11,"column":70},"end":{"line":11,"column":73}},{"start":{"line":11,"column":76},"end":{"line":11,"column":92}}],"line":11},"1":{"loc":{"start":{"line":11,"column":46},"end":{"line":11,"column":67}},"type":"binary-expr","locations":[{"start":{"line":11,"column":46},"end":{"line":11,"column":49}},{"start":{"line":11,"column":53},"end":{"line":11,"column":67}}],"line":11}},"s":{"0":1,"1":1,"2":1,"3":1,"4":1,"5":1,"6":1,"7":1},"f":{"0":1},"b":{"0":[0,1],"1":[1,1]},"_coverageSchema":"332fd63041d2c1bcb487cc26dd0d5f7d97098a6c","hash":"e1dad5bba9768f6ce21e489f4269b0919fd8dd29","contentHash":"b741c199786b64c8e96087aad0880e2f_11.2.1"},"/home/traning/Naman/Investment_Assistant/Server/config/staticconfig.js":{"path":"/home/traning/Naman/Investment_Assistant/Server/config/staticconfig.js","statementMap":{"0":{"start":{"line":5,"column":44},"end":{"line":5,"column":195}},"1":{"start":{"line":5,"column":62},"end":{"line":5,"column":166}},"2":{"start":{"line":5,"column":176},"end":{"line":5,"column":193}},"3":{"start":{"line":5,"column":196},"end":{"line":5,"column":207}},"4":{"start":{"line":7,"column":0},"end":{"line":209,"column":21}}},"fnMap":{"0":{"name":"_defineProperty","decl":{"start":{"line":5,"column":9},"end":{"line":5,"column":24}},"loc":{"start":{"line":5,"column":42},"end":{"line":5,"column":209}},"line":5}},"branchMap":{"0":{"loc":{"start":{"line":5,"column":44},"end":{"line":5,"column":195}},"type":"if","locations":[{"start":{"line":5,"column":44},"end":{"line":5,"column":195}},{"start":{"line":5,"column":44},"end":{"line":5,"column":195}}],"line":5}},"s":{"0":18,"1":3,"2":15,"3":18,"4":1},"f":{"0":18},"b":{"0":[3,15]},"_coverageSchema":"332fd63041d2c1bcb487cc26dd0d5f7d97098a6c","hash":"1cc45e1467e72742cade49421d8693f6344cd18b","contentHash":"e45a780ce6863cce82f2d154c3c88513_11.2.1"},"/home/traning/Naman/Investment_Assistant/Server/routes/deleteUser/deleteUser.js":{"path":"/home/traning/Naman/Investment_Assistant/Server/routes/deleteUser/deleteUser.js","statementMap":{"0":{"start":{"line":3,"column":15},"end":{"line":3,"column":33}},"1":{"start":{"line":5,"column":16},"end":{"line":5,"column":48}},"2":{"start":{"line":7,"column":23},"end":{"line":7,"column":61}},"3":{"start":{"line":9,"column":24},"end":{"line":9,"column":64}},"4":{"start":{"line":11,"column":20},"end":{"line":11,"column":56}},"5":{"start":{"line":13,"column":21},"end":{"line":13,"column":58}},"6":{"start":{"line":15,"column":39},"end":{"line":15,"column":93}},"7":{"start":{"line":17,"column":44},"end":{"line":17,"column":195}},"8":{"start":{"line":17,"column":62},"end":{"line":17,"column":166}},"9":{"start":{"line":17,"column":176},"end":{"line":17,"column":193}},"10":{"start":{"line":17,"column":196},"end":{"line":17,"column":207}},"11":{"start":{"line":19,"column":0},"end":{"line":42,"column":2}},"12":{"start":{"line":21,"column":2},"end":{"line":21,"column":26}},"13":{"start":{"line":22,"column":2},"end":{"line":41,"column":5}},"14":{"start":{"line":24,"column":4},"end":{"line":40,"column":5}},"15":{"start":{"line":25,"column":6},"end":{"line":25,"column":23}},"16":{"start":{"line":26,"column":6},"end":{"line":26,"column":101}},"17":{"start":{"line":27,"column":11},"end":{"line":40,"column":5}},"18":{"start":{"line":28,"column":6},"end":{"line":28,"column":101}},"19":{"start":{"line":30,"column":6},"end":{"line":30,"column":24}},"20":{"start":{"line":31,"column":6},"end":{"line":39,"column":9}},"21":{"start":{"line":32,"column":8},"end":{"line":38,"column":11}},"22":{"start":{"line":32,"column":17},"end":{"line":32,"column":117}},"23":{"start":{"line":33,"column":13},"end":{"line":38,"column":11}},"24":{"start":{"line":34,"column":12},"end":{"line":34,"column":112}},"25":{"start":{"line":36,"column":12},"end":{"line":36,"column":36}},"26":{"start":{"line":37,"column":12},"end":{"line":37,"column":146}}},"fnMap":{"0":{"name":"_interopRequireDefault","decl":{"start":{"line":15,"column":9},"end":{"line":15,"column":31}},"loc":{"start":{"line":15,"column":37},"end":{"line":15,"column":95}},"line":15},"1":{"name":"_defineProperty","decl":{"start":{"line":17,"column":9},"end":{"line":17,"column":24}},"loc":{"start":{"line":17,"column":42},"end":{"line":17,"column":209}},"line":17},"2":{"name":"(anonymous_2)","decl":{"start":{"line":19,"column":17},"end":{"line":19,"column":18}},"loc":{"start":{"line":19,"column":37},"end":{"line":42,"column":1}},"line":19},"3":{"name":"(anonymous_3)","decl":{"start":{"line":22,"column":59},"end":{"line":22,"column":60}},"loc":{"start":{"line":22,"column":80},"end":{"line":41,"column":3}},"line":22},"4":{"name":"(anonymous_4)","decl":{"start":{"line":31,"column":37},"end":{"line":31,"column":38}},"loc":{"start":{"line":31,"column":58},"end":{"line":39,"column":7}},"line":31}},"branchMap":{"0":{"loc":{"start":{"line":15,"column":46},"end":{"line":15,"column":92}},"type":"cond-expr","locations":[{"start":{"line":15,"column":70},"end":{"line":15,"column":73}},{"start":{"line":15,"column":76},"end":{"line":15,"column":92}}],"line":15},"1":{"loc":{"start":{"line":15,"column":46},"end":{"line":15,"column":67}},"type":"binary-expr","locations":[{"start":{"line":15,"column":46},"end":{"line":15,"column":49}},{"start":{"line":15,"column":53},"end":{"line":15,"column":67}}],"line":15},"2":{"loc":{"start":{"line":17,"column":44},"end":{"line":17,"column":195}},"type":"if","locations":[{"start":{"line":17,"column":44},"end":{"line":17,"column":195}},{"start":{"line":17,"column":44},"end":{"line":17,"column":195}}],"line":17},"3":{"loc":{"start":{"line":24,"column":4},"end":{"line":40,"column":5}},"type":"if","locations":[{"start":{"line":24,"column":4},"end":{"line":40,"column":5}},{"start":{"line":24,"column":4},"end":{"line":40,"column":5}}],"line":24},"4":{"loc":{"start":{"line":27,"column":11},"end":{"line":40,"column":5}},"type":"if","locations":[{"start":{"line":27,"column":11},"end":{"line":40,"column":5}},{"start":{"line":27,"column":11},"end":{"line":40,"column":5}}],"line":27},"5":{"loc":{"start":{"line":32,"column":8},"end":{"line":38,"column":11}},"type":"if","locations":[{"start":{"line":32,"column":8},"end":{"line":38,"column":11}},{"start":{"line":32,"column":8},"end":{"line":38,"column":11}}],"line":32},"6":{"loc":{"start":{"line":33,"column":13},"end":{"line":38,"column":11}},"type":"if","locations":[{"start":{"line":33,"column":13},"end":{"line":38,"column":11}},{"start":{"line":33,"column":13},"end":{"line":38,"column":11}}],"line":33}},"s":{"0":1,"1":1,"2":1,"3":1,"4":1,"5":1,"6":3,"7":1,"8":1,"9":0,"10":1,"11":1,"12":3,"13":3,"14":3,"15":0,"16":0,"17":3,"18":1,"19":2,"20":2,"21":2,"22":0,"23":2,"24":1,"25":1,"26":1},"f":{"0":3,"1":1,"2":3,"3":3,"4":2},"b":{"0":[0,3],"1":[3,3],"2":[1,0],"3":[0,3],"4":[1,2],"5":[0,2],"6":[1,1]},"_coverageSchema":"332fd63041d2c1bcb487cc26dd0d5f7d97098a6c","hash":"924b5e54e9f937960dc0a204889aacec3c047318","contentHash":"b47d9506b21fffb49bf6c5cad0981dc5_11.2.1"},"/home/traning/Naman/Investment_Assistant/Server/model/register_schema.js":{"path":"/home/traning/Naman/Investment_Assistant/Server/model/register_schema.js","statementMap":{"0":{"start":{"line":3,"column":15},"end":{"line":3,"column":34}},"1":{"start":{"line":4,"column":0},"end":{"line":4,"column":28}},"2":{"start":{"line":5,"column":13},"end":{"line":5,"column":28}},"3":{"start":{"line":7,"column":15},"end":{"line":16,"column":55}},"4":{"start":{"line":18,"column":0},"end":{"line":22,"column":2}},"5":{"start":{"line":19,"column":1},"end":{"line":21,"column":24}},"6":{"start":{"line":20,"column":2},"end":{"line":20,"column":17}},"7":{"start":{"line":21,"column":8},"end":{"line":21,"column":24}},"8":{"start":{"line":24,"column":21},"end":{"line":24,"column":63}},"9":{"start":{"line":26,"column":0},"end":{"line":26,"column":32}}},"fnMap":{"0":{"name":"(anonymous_0)","decl":{"start":{"line":18,"column":35},"end":{"line":18,"column":36}},"loc":{"start":{"line":18,"column":53},"end":{"line":22,"column":1}},"line":18}},"branchMap":{"0":{"loc":{"start":{"line":19,"column":1},"end":{"line":21,"column":24}},"type":"if","locations":[{"start":{"line":19,"column":1},"end":{"line":21,"column":24}},{"start":{"line":19,"column":1},"end":{"line":21,"column":24}}],"line":19}},"s":{"0":1,"1":1,"2":1,"3":1,"4":1,"5":0,"6":0,"7":0,"8":1,"9":1},"f":{"0":0},"b":{"0":[0,0]},"_coverageSchema":"332fd63041d2c1bcb487cc26dd0d5f7d97098a6c","hash":"223900ff68b9a3e2bd9c932b96a32f1c59ebd545","contentHash":"1691aa2432013ef516397bf7a5173b8f_11.2.1"},"/home/traning/Naman/Investment_Assistant/Server/model/ChartSurvey.js":{"path":"/home/traning/Naman/Investment_Assistant/Server/model/ChartSurvey.js","statementMap":{"0":{"start":{"line":3,"column":15},"end":{"line":3,"column":34}},"1":{"start":{"line":4,"column":0},"end":{"line":4,"column":28}},"2":{"start":{"line":5,"column":13},"end":{"line":5,"column":28}},"3":{"start":{"line":7,"column":18},"end":{"line":13,"column":47}},"4":{"start":{"line":14,"column":21},"end":{"line":14,"column":58}},"5":{"start":{"line":16,"column":0},"end":{"line":16,"column":32}}},"fnMap":{},"branchMap":{},"s":{"0":1,"1":1,"2":1,"3":1,"4":1,"5":1},"f":{},"b":{},"_coverageSchema":"332fd63041d2c1bcb487cc26dd0d5f7d97098a6c","hash":"9360a92fce7ef8d193f31b8fc75727360a141f7d","contentHash":"e3d419bd71da9d169ae1669cd4e82023_11.2.1"},"/home/traning/Naman/Investment_Assistant/Server/model/schema.js":{"path":"/home/traning/Naman/Investment_Assistant/Server/model/schema.js","statementMap":{"0":{"start":{"line":3,"column":15},"end":{"line":3,"column":34}},"1":{"start":{"line":4,"column":0},"end":{"line":4,"column":28}},"2":{"start":{"line":5,"column":13},"end":{"line":5,"column":28}},"3":{"start":{"line":7,"column":14},"end":{"line":11,"column":52}},"4":{"start":{"line":13,"column":12},"end":{"line":13,"column":50}},"5":{"start":{"line":15,"column":0},"end":{"line":15,"column":23}}},"fnMap":{},"branchMap":{},"s":{"0":1,"1":1,"2":1,"3":1,"4":1,"5":1},"f":{},"b":{},"_coverageSchema":"332fd63041d2c1bcb487cc26dd0d5f7d97098a6c","hash":"1d2e24c8fe1bbb5fd4ca3b81e2aa9ba24eac7913","contentHash":"d6d0391cf8663b67b76aaec0933ecf53_11.2.1"},"/home/traning/Naman/Investment_Assistant/Server/app.js":{"path":"/home/traning/Naman/Investment_Assistant/Server/app.js","statementMap":{"0":{"start":{"line":3,"column":0},"end":{"line":5,"column":3}},"1":{"start":{"line":7,"column":18},"end":{"line":7,"column":40}},"2":{"start":{"line":9,"column":19},"end":{"line":9,"column":54}},"3":{"start":{"line":11,"column":20},"end":{"line":11,"column":44}},"4":{"start":{"line":13,"column":21},"end":{"line":13,"column":58}},"5":{"start":{"line":15,"column":13},"end":{"line":15,"column":29}},"6":{"start":{"line":17,"column":14},"end":{"line":17,"column":44}},"7":{"start":{"line":19,"column":15},"end":{"line":19,"column":33}},"8":{"start":{"line":21,"column":16},"end":{"line":21,"column":48}},"9":{"start":{"line":23,"column":14},"end":{"line":23,"column":31}},"10":{"start":{"line":25,"column":15},"end":{"line":25,"column":46}},"11":{"start":{"line":27,"column":12},"end":{"line":27,"column":27}},"12":{"start":{"line":29,"column":13},"end":{"line":29,"column":42}},"13":{"start":{"line":31,"column":15},"end":{"line":31,"column":42}},"14":{"start":{"line":33,"column":16},"end":{"line":33,"column":48}},"15":{"start":{"line":35,"column":23},"end":{"line":35,"column":58}},"16":{"start":{"line":37,"column":24},"end":{"line":37,"column":64}},"17":{"start":{"line":39,"column":19},"end":{"line":39,"column":50}},"18":{"start":{"line":41,"column":20},"end":{"line":41,"column":56}},"19":{"start":{"line":43,"column":22},"end":{"line":43,"column":56}},"20":{"start":{"line":45,"column":23},"end":{"line":45,"column":62}},"21":{"start":{"line":47,"column":22},"end":{"line":47,"column":56}},"22":{"start":{"line":49,"column":23},"end":{"line":49,"column":62}},"23":{"start":{"line":51,"column":18},"end":{"line":51,"column":48}},"24":{"start":{"line":53,"column":19},"end":{"line":53,"column":54}},"25":{"start":{"line":55,"column":18},"end":{"line":55,"column":48}},"26":{"start":{"line":57,"column":19},"end":{"line":57,"column":54}},"27":{"start":{"line":59,"column":18},"end":{"line":59,"column":48}},"28":{"start":{"line":61,"column":19},"end":{"line":61,"column":54}},"29":{"start":{"line":63,"column":19},"end":{"line":63,"column":50}},"30":{"start":{"line":65,"column":20},"end":{"line":65,"column":56}},"31":{"start":{"line":67,"column":12},"end":{"line":67,"column":36}},"32":{"start":{"line":69,"column":13},"end":{"line":69,"column":42}},"33":{"start":{"line":71,"column":18},"end":{"line":71,"column":48}},"34":{"start":{"line":73,"column":19},"end":{"line":73,"column":54}},"35":{"start":{"line":75,"column":15},"end":{"line":75,"column":42}},"36":{"start":{"line":77,"column":16},"end":{"line":77,"column":48}},"37":{"start":{"line":79,"column":23},"end":{"line":79,"column":58}},"38":{"start":{"line":81,"column":24},"end":{"line":81,"column":64}},"39":{"start":{"line":83,"column":19},"end":{"line":83,"column":50}},"40":{"start":{"line":85,"column":20},"end":{"line":85,"column":56}},"41":{"start":{"line":87,"column":19},"end":{"line":87,"column":50}},"42":{"start":{"line":89,"column":20},"end":{"line":89,"column":56}},"43":{"start":{"line":91,"column":24},"end":{"line":91,"column":60}},"44":{"start":{"line":93,"column":25},"end":{"line":93,"column":66}},"45":{"start":{"line":95,"column":12},"end":{"line":95,"column":36}},"46":{"start":{"line":97,"column":13},"end":{"line":97,"column":42}},"47":{"start":{"line":99,"column":17},"end":{"line":99,"column":46}},"48":{"start":{"line":101,"column":18},"end":{"line":101,"column":52}},"49":{"start":{"line":103,"column":16},"end":{"line":103,"column":44}},"50":{"start":{"line":105,"column":17},"end":{"line":105,"column":50}},"51":{"start":{"line":107,"column":22},"end":{"line":107,"column":48}},"52":{"start":{"line":109,"column":23},"end":{"line":109,"column":62}},"53":{"start":{"line":111,"column":15},"end":{"line":111,"column":42}},"54":{"start":{"line":113,"column":16},"end":{"line":113,"column":48}},"55":{"start":{"line":115,"column":14},"end":{"line":115,"column":40}},"56":{"start":{"line":117,"column":15},"end":{"line":117,"column":46}},"57":{"start":{"line":119,"column":14},"end":{"line":119,"column":40}},"58":{"start":{"line":121,"column":15},"end":{"line":121,"column":46}},"59":{"start":{"line":123,"column":16},"end":{"line":123,"column":44}},"60":{"start":{"line":125,"column":17},"end":{"line":125,"column":50}},"61":{"start":{"line":127,"column":17},"end":{"line":127,"column":46}},"62":{"start":{"line":129,"column":18},"end":{"line":129,"column":52}},"63":{"start":{"line":131,"column":20},"end":{"line":131,"column":52}},"64":{"start":{"line":133,"column":21},"end":{"line":133,"column":58}},"65":{"start":{"line":135,"column":21},"end":{"line":135,"column":54}},"66":{"start":{"line":137,"column":22},"end":{"line":137,"column":60}},"67":{"start":{"line":139,"column":39},"end":{"line":139,"column":93}},"68":{"start":{"line":141,"column":15},"end":{"line":141,"column":34}},"69":{"start":{"line":143,"column":9},"end":{"line":143,"column":22}},"70":{"start":{"line":145,"column":15},"end":{"line":145,"column":34}},"71":{"start":{"line":146,"column":13},"end":{"line":146,"column":39}},"72":{"start":{"line":147,"column":11},"end":{"line":147,"column":26}},"73":{"start":{"line":148,"column":13},"end":{"line":148,"column":45}},"74":{"start":{"line":153,"column":11},"end":{"line":153,"column":26}},"75":{"start":{"line":156,"column":10},"end":{"line":156,"column":34}},"76":{"start":{"line":157,"column":0},"end":{"line":157,"column":31}},"77":{"start":{"line":158,"column":0},"end":{"line":158,"column":34}},"78":{"start":{"line":160,"column":0},"end":{"line":160,"column":28}},"79":{"start":{"line":162,"column":0},"end":{"line":166,"column":4}},"80":{"start":{"line":167,"column":12},"end":{"line":167,"column":54}},"81":{"start":{"line":170,"column":0},"end":{"line":170,"column":38}},"82":{"start":{"line":171,"column":0},"end":{"line":171,"column":37}},"83":{"start":{"line":172,"column":0},"end":{"line":174,"column":4}},"84":{"start":{"line":176,"column":0},"end":{"line":176,"column":29}},"85":{"start":{"line":177,"column":0},"end":{"line":179,"column":3}},"86":{"start":{"line":178,"column":2},"end":{"line":178,"column":27}},"87":{"start":{"line":181,"column":0},"end":{"line":181,"column":16}},"88":{"start":{"line":182,"column":0},"end":{"line":182,"column":39}},"89":{"start":{"line":184,"column":0},"end":{"line":184,"column":76}},"90":{"start":{"line":186,"column":0},"end":{"line":186,"column":29}},"91":{"start":{"line":187,"column":0},"end":{"line":187,"column":31}},"92":{"start":{"line":188,"column":0},"end":{"line":188,"column":31}},"93":{"start":{"line":189,"column":0},"end":{"line":189,"column":39}},"94":{"start":{"line":190,"column":0},"end":{"line":190,"column":55}},"95":{"start":{"line":191,"column":0},"end":{"line":191,"column":48}},"96":{"start":{"line":192,"column":0},"end":{"line":192,"column":53}},"97":{"start":{"line":193,"column":0},"end":{"line":193,"column":53}},"98":{"start":{"line":194,"column":0},"end":{"line":194,"column":45}},"99":{"start":{"line":195,"column":0},"end":{"line":195,"column":45}},"100":{"start":{"line":196,"column":0},"end":{"line":196,"column":45}},"101":{"start":{"line":197,"column":0},"end":{"line":197,"column":33}},"102":{"start":{"line":198,"column":0},"end":{"line":198,"column":41}},"103":{"start":{"line":199,"column":0},"end":{"line":199,"column":43}},"104":{"start":{"line":200,"column":0},"end":{"line":200,"column":47}},"105":{"start":{"line":201,"column":0},"end":{"line":201,"column":45}},"106":{"start":{"line":202,"column":0},"end":{"line":202,"column":39}},"107":{"start":{"line":203,"column":0},"end":{"line":203,"column":43}},"108":{"start":{"line":204,"column":0},"end":{"line":204,"column":55}},"109":{"start":{"line":205,"column":0},"end":{"line":205,"column":47}},"110":{"start":{"line":206,"column":0},"end":{"line":206,"column":47}},"111":{"start":{"line":207,"column":0},"end":{"line":207,"column":49}},"112":{"start":{"line":208,"column":0},"end":{"line":208,"column":51}},"113":{"start":{"line":209,"column":0},"end":{"line":209,"column":57}},"114":{"start":{"line":210,"column":0},"end":{"line":210,"column":32}},"115":{"start":{"line":213,"column":0},"end":{"line":217,"column":3}},"116":{"start":{"line":214,"column":12},"end":{"line":214,"column":34}},"117":{"start":{"line":215,"column":2},"end":{"line":215,"column":19}},"118":{"start":{"line":216,"column":2},"end":{"line":216,"column":12}},"119":{"start":{"line":235,"column":0},"end":{"line":237,"column":3}},"120":{"start":{"line":236,"column":2},"end":{"line":236,"column":35}},"121":{"start":{"line":238,"column":0},"end":{"line":238,"column":22}}},"fnMap":{"0":{"name":"_interopRequireDefault","decl":{"start":{"line":139,"column":9},"end":{"line":139,"column":31}},"loc":{"start":{"line":139,"column":37},"end":{"line":139,"column":95}},"line":139},"1":{"name":"(anonymous_1)","decl":{"start":{"line":177,"column":36},"end":{"line":177,"column":37}},"loc":{"start":{"line":177,"column":48},"end":{"line":179,"column":1}},"line":177},"2":{"name":"(anonymous_2)","decl":{"start":{"line":213,"column":8},"end":{"line":213,"column":9}},"loc":{"start":{"line":213,"column":34},"end":{"line":217,"column":1}},"line":213},"3":{"name":"(anonymous_3)","decl":{"start":{"line":235,"column":17},"end":{"line":235,"column":18}},"loc":{"start":{"line":235,"column":29},"end":{"line":237,"column":1}},"line":235}},"branchMap":{"0":{"loc":{"start":{"line":139,"column":46},"end":{"line":139,"column":92}},"type":"cond-expr","locations":[{"start":{"line":139,"column":70},"end":{"line":139,"column":73}},{"start":{"line":139,"column":76},"end":{"line":139,"column":92}}],"line":139},"1":{"loc":{"start":{"line":139,"column":46},"end":{"line":139,"column":67}},"type":"binary-expr","locations":[{"start":{"line":139,"column":46},"end":{"line":139,"column":49}},{"start":{"line":139,"column":53},"end":{"line":139,"column":67}}],"line":139}},"s":{"0":1,"1":1,"2":1,"3":1,"4":1,"5":1,"6":1,"7":1,"8":1,"9":1,"10":1,"11":1,"12":1,"13":1,"14":1,"15":1,"16":1,"17":1,"18":1,"19":1,"20":1,"21":1,"22":1,"23":1,"24":1,"25":1,"26":1,"27":1,"28":1,"29":1,"30":1,"31":1,"32":1,"33":1,"34":1,"35":1,"36":1,"37":1,"38":1,"39":1,"40":1,"41":1,"42":1,"43":1,"44":1,"45":1,"46":1,"47":1,"48":1,"49":1,"50":1,"51":1,"52":1,"53":1,"54":1,"55":1,"56":1,"57":1,"58":1,"59":1,"60":1,"61":1,"62":1,"63":1,"64":1,"65":1,"66":1,"67":33,"68":1,"69":1,"70":1,"71":1,"72":1,"73":1,"74":1,"75":1,"76":1,"77":1,"78":1,"79":1,"80":1,"81":1,"82":1,"83":1,"84":1,"85":1,"86":1,"87":1,"88":1,"89":1,"90":1,"91":1,"92":1,"93":1,"94":1,"95":1,"96":1,"97":1,"98":1,"99":1,"100":1,"101":1,"102":1,"103":1,"104":1,"105":1,"106":1,"107":1,"108":1,"109":1,"110":1,"111":1,"112":1,"113":1,"114":1,"115":1,"116":0,"117":0,"118":0,"119":1,"120":1,"121":1},"f":{"0":33,"1":1,"2":0,"3":1},"b":{"0":[26,7],"1":[33,33]},"_coverageSchema":"332fd63041d2c1bcb487cc26dd0d5f7d97098a6c","hash":"55ef612438f7a37c86c5d61e574d86eb12324f25","contentHash":"9f17b1a0b0c44ff8f776c657222b4132_11.2.1"},"/home/traning/Naman/Investment_Assistant/Server/routes/answers/index.js":{"path":"/home/traning/Naman/Investment_Assistant/Server/routes/answers/index.js","statementMap":{"0":{"start":{"line":3,"column":0},"end":{"line":5,"column":3}},"1":{"start":{"line":7,"column":15},"end":{"line":7,"column":33}},"2":{"start":{"line":9,"column":16},"end":{"line":9,"column":48}},"3":{"start":{"line":11,"column":15},"end":{"line":11,"column":35}},"4":{"start":{"line":13,"column":16},"end":{"line":13,"column":48}},"5":{"start":{"line":15,"column":39},"end":{"line":15,"column":93}},"6":{"start":{"line":17,"column":13},"end":{"line":17,"column":39}},"7":{"start":{"line":18,"column":0},"end":{"line":18,"column":43}},"8":{"start":{"line":19,"column":0},"end":{"line":19,"column":25}}},"fnMap":{"0":{"name":"_interopRequireDefault","decl":{"start":{"line":15,"column":9},"end":{"line":15,"column":31}},"loc":{"start":{"line":15,"column":37},"end":{"line":15,"column":95}},"line":15}},"branchMap":{"0":{"loc":{"start":{"line":15,"column":46},"end":{"line":15,"column":92}},"type":"cond-expr","locations":[{"start":{"line":15,"column":70},"end":{"line":15,"column":73}},{"start":{"line":15,"column":76},"end":{"line":15,"column":92}}],"line":15},"1":{"loc":{"start":{"line":15,"column":46},"end":{"line":15,"column":67}},"type":"binary-expr","locations":[{"start":{"line":15,"column":46},"end":{"line":15,"column":49}},{"start":{"line":15,"column":53},"end":{"line":15,"column":67}}],"line":15}},"s":{"0":1,"1":1,"2":1,"3":1,"4":1,"5":2,"6":1,"7":1,"8":1},"f":{"0":2},"b":{"0":[0,2],"1":[2,2]},"_coverageSchema":"332fd63041d2c1bcb487cc26dd0d5f7d97098a6c","hash":"c0522a18a464d13086820f32d618522fafe4ccbd","contentHash":"cda14872842f1bc7b3e8499cac78960b_11.2.1"},"/home/traning/Naman/Investment_Assistant/Server/routes/answers/answers.js":{"path":"/home/traning/Naman/Investment_Assistant/Server/routes/answers/answers.js","statementMap":{"0":{"start":{"line":3,"column":20},"end":{"line":3,"column":56}},"1":{"start":{"line":5,"column":21},"end":{"line":5,"column":58}},"2":{"start":{"line":7,"column":39},"end":{"line":7,"column":93}},"3":{"start":{"line":9,"column":14},"end":{"line":9,"column":32}},"4":{"start":{"line":11,"column":11},"end":{"line":11,"column":47}},"5":{"start":{"line":13,"column":0},"end":{"line":25,"column":2}},"6":{"start":{"line":14,"column":1},"end":{"line":24,"column":4}},"7":{"start":{"line":20,"column":2},"end":{"line":23,"column":4}},"8":{"start":{"line":20,"column":11},"end":{"line":20,"column":80}},"9":{"start":{"line":22,"column":4},"end":{"line":22,"column":87}}},"fnMap":{"0":{"name":"_interopRequireDefault","decl":{"start":{"line":7,"column":9},"end":{"line":7,"column":31}},"loc":{"start":{"line":7,"column":37},"end":{"line":7,"column":95}},"line":7},"1":{"name":"(anonymous_1)","decl":{"start":{"line":13,"column":17},"end":{"line":13,"column":18}},"loc":{"start":{"line":13,"column":43},"end":{"line":25,"column":1}},"line":13},"2":{"name":"(anonymous_2)","decl":{"start":{"line":19,"column":4},"end":{"line":19,"column":5}},"loc":{"start":{"line":19,"column":25},"end":{"line":24,"column":2}},"line":19}},"branchMap":{"0":{"loc":{"start":{"line":7,"column":46},"end":{"line":7,"column":92}},"type":"cond-expr","locations":[{"start":{"line":7,"column":70},"end":{"line":7,"column":73}},{"start":{"line":7,"column":76},"end":{"line":7,"column":92}}],"line":7},"1":{"loc":{"start":{"line":7,"column":46},"end":{"line":7,"column":67}},"type":"binary-expr","locations":[{"start":{"line":7,"column":46},"end":{"line":7,"column":49}},{"start":{"line":7,"column":53},"end":{"line":7,"column":67}}],"line":7},"2":{"loc":{"start":{"line":20,"column":2},"end":{"line":23,"column":4}},"type":"if","locations":[{"start":{"line":20,"column":2},"end":{"line":23,"column":4}},{"start":{"line":20,"column":2},"end":{"line":23,"column":4}}],"line":20}},"s":{"0":1,"1":1,"2":1,"3":1,"4":1,"5":1,"6":0,"7":0,"8":0,"9":0},"f":{"0":1,"1":0,"2":0},"b":{"0":[0,1],"1":[1,1],"2":[0,0]},"_coverageSchema":"332fd63041d2c1bcb487cc26dd0d5f7d97098a6c","hash":"4300a70991d4bbd2bd647dc433a43318397da4cc","contentHash":"94cef82e877336d23d87a8d96777b4c2_11.2.1"},"/home/traning/Naman/Investment_Assistant/Server/model/schemaAnswers.js":{"path":"/home/traning/Naman/Investment_Assistant/Server/model/schemaAnswers.js","statementMap":{"0":{"start":{"line":3,"column":15},"end":{"line":3,"column":34}},"1":{"start":{"line":4,"column":0},"end":{"line":4,"column":28}},"2":{"start":{"line":5,"column":13},"end":{"line":5,"column":28}},"3":{"start":{"line":7,"column":14},"end":{"line":12,"column":51}},"4":{"start":{"line":14,"column":12},"end":{"line":14,"column":49}},"5":{"start":{"line":16,"column":0},"end":{"line":16,"column":23}}},"fnMap":{},"branchMap":{},"s":{"0":1,"1":1,"2":1,"3":1,"4":1,"5":1},"f":{},"b":{},"_coverageSchema":"332fd63041d2c1bcb487cc26dd0d5f7d97098a6c","hash":"4493640e60198af4ac5479e31873fd1e4ec8537f","contentHash":"6e0529216183197ba3c20f7784e4ba96_11.2.1"},"/home/traning/Naman/Investment_Assistant/Server/routes/forgot_password/index.js":{"path":"/home/traning/Naman/Investment_Assistant/Server/routes/forgot_password/index.js","statementMap":{"0":{"start":{"line":3,"column":0},"end":{"line":5,"column":3}},"1":{"start":{"line":7,"column":15},"end":{"line":7,"column":33}},"2":{"start":{"line":9,"column":16},"end":{"line":9,"column":48}},"3":{"start":{"line":11,"column":23},"end":{"line":11,"column":51}},"4":{"start":{"line":13,"column":24},"end":{"line":13,"column":64}},"5":{"start":{"line":15,"column":39},"end":{"line":15,"column":93}},"6":{"start":{"line":17,"column":13},"end":{"line":17,"column":39}},"7":{"start":{"line":19,"column":0},"end":{"line":19,"column":44}},"8":{"start":{"line":21,"column":0},"end":{"line":21,"column":25}}},"fnMap":{"0":{"name":"_interopRequireDefault","decl":{"start":{"line":15,"column":9},"end":{"line":15,"column":31}},"loc":{"start":{"line":15,"column":37},"end":{"line":15,"column":95}},"line":15}},"branchMap":{"0":{"loc":{"start":{"line":15,"column":46},"end":{"line":15,"column":92}},"type":"cond-expr","locations":[{"start":{"line":15,"column":70},"end":{"line":15,"column":73}},{"start":{"line":15,"column":76},"end":{"line":15,"column":92}}],"line":15},"1":{"loc":{"start":{"line":15,"column":46},"end":{"line":15,"column":67}},"type":"binary-expr","locations":[{"start":{"line":15,"column":46},"end":{"line":15,"column":49}},{"start":{"line":15,"column":53},"end":{"line":15,"column":67}}],"line":15}},"s":{"0":1,"1":1,"2":1,"3":1,"4":1,"5":2,"6":1,"7":1,"8":1},"f":{"0":2},"b":{"0":[0,2],"1":[2,2]},"_coverageSchema":"332fd63041d2c1bcb487cc26dd0d5f7d97098a6c","hash":"cbd966fbd91c710272d2beb4ce6c399bfd090ad8","contentHash":"31f201800f8866292dadc5cbf2cfa250_11.2.1"},"/home/traning/Naman/Investment_Assistant/Server/routes/forgot_password/forgot_password.js":{"path":"/home/traning/Naman/Investment_Assistant/Server/routes/forgot_password/forgot_password.js","statementMap":{"0":{"start":{"line":3,"column":23},"end":{"line":3,"column":63}},"1":{"start":{"line":5,"column":24},"end":{"line":5,"column":64}},"2":{"start":{"line":7,"column":20},"end":{"line":7,"column":58}},"3":{"start":{"line":9,"column":21},"end":{"line":9,"column":58}},"4":{"start":{"line":11,"column":39},"end":{"line":11,"column":93}},"5":{"start":{"line":15,"column":17},"end":{"line":15,"column":38}},"6":{"start":{"line":17,"column":0},"end":{"line":58,"column":3}},"7":{"start":{"line":18,"column":20},"end":{"line":24,"column":4}},"8":{"start":{"line":25,"column":20},"end":{"line":25,"column":22}},"9":{"start":{"line":26,"column":2},"end":{"line":57,"column":5}},"10":{"start":{"line":27,"column":4},"end":{"line":56,"column":5}},"11":{"start":{"line":29,"column":6},"end":{"line":29,"column":102}},"12":{"start":{"line":31,"column":6},"end":{"line":55,"column":9}},"13":{"start":{"line":33,"column":8},"end":{"line":54,"column":9}},"14":{"start":{"line":34,"column":10},"end":{"line":34,"column":108}},"15":{"start":{"line":35,"column":15},"end":{"line":54,"column":9}},"16":{"start":{"line":36,"column":10},"end":{"line":36,"column":108}},"17":{"start":{"line":38,"column":10},"end":{"line":43,"column":12}},"18":{"start":{"line":44,"column":18},"end":{"line":44,"column":24}},"19":{"start":{"line":45,"column":10},"end":{"line":52,"column":13}},"20":{"start":{"line":46,"column":12},"end":{"line":51,"column":13}},"21":{"start":{"line":47,"column":14},"end":{"line":47,"column":114}},"22":{"start":{"line":49,"column":14},"end":{"line":49,"column":46}},"23":{"start":{"line":50,"column":14},"end":{"line":50,"column":124}}},"fnMap":{"0":{"name":"_interopRequireDefault","decl":{"start":{"line":11,"column":9},"end":{"line":11,"column":31}},"loc":{"start":{"line":11,"column":37},"end":{"line":11,"column":95}},"line":11},"1":{"name":"(anonymous_1)","decl":{"start":{"line":17,"column":23},"end":{"line":17,"column":24}},"loc":{"start":{"line":17,"column":43},"end":{"line":58,"column":1}},"line":17},"2":{"name":"(anonymous_2)","decl":{"start":{"line":26,"column":62},"end":{"line":26,"column":63}},"loc":{"start":{"line":26,"column":84},"end":{"line":57,"column":3}},"line":26},"3":{"name":"(anonymous_3)","decl":{"start":{"line":32,"column":31},"end":{"line":32,"column":32}},"loc":{"start":{"line":32,"column":54},"end":{"line":55,"column":7}},"line":32},"4":{"name":"(anonymous_4)","decl":{"start":{"line":45,"column":44},"end":{"line":45,"column":45}},"loc":{"start":{"line":45,"column":67},"end":{"line":52,"column":11}},"line":45}},"branchMap":{"0":{"loc":{"start":{"line":11,"column":46},"end":{"line":11,"column":92}},"type":"cond-expr","locations":[{"start":{"line":11,"column":70},"end":{"line":11,"column":73}},{"start":{"line":11,"column":76},"end":{"line":11,"column":92}}],"line":11},"1":{"loc":{"start":{"line":11,"column":46},"end":{"line":11,"column":67}},"type":"binary-expr","locations":[{"start":{"line":11,"column":46},"end":{"line":11,"column":49}},{"start":{"line":11,"column":53},"end":{"line":11,"column":67}}],"line":11},"2":{"loc":{"start":{"line":27,"column":4},"end":{"line":56,"column":5}},"type":"if","locations":[{"start":{"line":27,"column":4},"end":{"line":56,"column":5}},{"start":{"line":27,"column":4},"end":{"line":56,"column":5}}],"line":27},"3":{"loc":{"start":{"line":33,"column":8},"end":{"line":54,"column":9}},"type":"if","locations":[{"start":{"line":33,"column":8},"end":{"line":54,"column":9}},{"start":{"line":33,"column":8},"end":{"line":54,"column":9}}],"line":33},"4":{"loc":{"start":{"line":35,"column":15},"end":{"line":54,"column":9}},"type":"if","locations":[{"start":{"line":35,"column":15},"end":{"line":54,"column":9}},{"start":{"line":35,"column":15},"end":{"line":54,"column":9}}],"line":35},"5":{"loc":{"start":{"line":46,"column":12},"end":{"line":51,"column":13}},"type":"if","locations":[{"start":{"line":46,"column":12},"end":{"line":51,"column":13}},{"start":{"line":46,"column":12},"end":{"line":51,"column":13}}],"line":46}},"s":{"0":1,"1":1,"2":1,"3":1,"4":2,"5":1,"6":1,"7":2,"8":2,"9":2,"10":2,"11":1,"12":1,"13":1,"14":0,"15":1,"16":1,"17":0,"18":0,"19":0,"20":0,"21":0,"22":0,"23":0},"f":{"0":2,"1":2,"2":2,"3":1,"4":0},"b":{"0":[0,2],"1":[2,2],"2":[1,1],"3":[0,1],"4":[1,0],"5":[0,0]},"_coverageSchema":"332fd63041d2c1bcb487cc26dd0d5f7d97098a6c","hash":"7641c82299f9bfe165d0fd8f033b2764cdf6b063","contentHash":"e3ba2eee2557e3d3d3707b12d4a736c1_11.2.1"},"/home/traning/Naman/Investment_Assistant/Server/routes/setpassword/index.js":{"path":"/home/traning/Naman/Investment_Assistant/Server/routes/setpassword/index.js","statementMap":{"0":{"start":{"line":3,"column":0},"end":{"line":5,"column":3}},"1":{"start":{"line":7,"column":15},"end":{"line":7,"column":33}},"2":{"start":{"line":9,"column":16},"end":{"line":9,"column":48}},"3":{"start":{"line":11,"column":20},"end":{"line":11,"column":45}},"4":{"start":{"line":13,"column":21},"end":{"line":13,"column":58}},"5":{"start":{"line":15,"column":39},"end":{"line":15,"column":93}},"6":{"start":{"line":17,"column":13},"end":{"line":17,"column":39}},"7":{"start":{"line":19,"column":0},"end":{"line":19,"column":53}},"8":{"start":{"line":21,"column":0},"end":{"line":21,"column":25}}},"fnMap":{"0":{"name":"_interopRequireDefault","decl":{"start":{"line":15,"column":9},"end":{"line":15,"column":31}},"loc":{"start":{"line":15,"column":37},"end":{"line":15,"column":95}},"line":15}},"branchMap":{"0":{"loc":{"start":{"line":15,"column":46},"end":{"line":15,"column":92}},"type":"cond-expr","locations":[{"start":{"line":15,"column":70},"end":{"line":15,"column":73}},{"start":{"line":15,"column":76},"end":{"line":15,"column":92}}],"line":15},"1":{"loc":{"start":{"line":15,"column":46},"end":{"line":15,"column":67}},"type":"binary-expr","locations":[{"start":{"line":15,"column":46},"end":{"line":15,"column":49}},{"start":{"line":15,"column":53},"end":{"line":15,"column":67}}],"line":15}},"s":{"0":1,"1":1,"2":1,"3":1,"4":1,"5":2,"6":1,"7":1,"8":1},"f":{"0":2},"b":{"0":[1,1],"1":[2,2]},"_coverageSchema":"332fd63041d2c1bcb487cc26dd0d5f7d97098a6c","hash":"7ca117f5dbc9166980be0ac30afe3c1dc724baaf","contentHash":"0f24646d6f46fe4a4af9551a28a7f82c_11.2.1"},"/home/traning/Naman/Investment_Assistant/Server/routes/setpassword/set_password.js":{"path":"/home/traning/Naman/Investment_Assistant/Server/routes/setpassword/set_password.js","statementMap":{"0":{"start":{"line":3,"column":0},"end":{"line":5,"column":3}},"1":{"start":{"line":7,"column":15},"end":{"line":7,"column":33}},"2":{"start":{"line":9,"column":16},"end":{"line":9,"column":48}},"3":{"start":{"line":11,"column":23},"end":{"line":11,"column":61}},"4":{"start":{"line":13,"column":24},"end":{"line":13,"column":64}},"5":{"start":{"line":15,"column":20},"end":{"line":15,"column":56}},"6":{"start":{"line":17,"column":21},"end":{"line":17,"column":58}},"7":{"start":{"line":19,"column":39},"end":{"line":19,"column":93}},"8":{"start":{"line":22,"column":0},"end":{"line":46,"column":2}},"9":{"start":{"line":24,"column":4},"end":{"line":45,"column":7}},"10":{"start":{"line":26,"column":8},"end":{"line":44,"column":13}},"11":{"start":{"line":27,"column":12},"end":{"line":27,"column":85}},"12":{"start":{"line":28,"column":15},"end":{"line":44,"column":13}},"13":{"start":{"line":29,"column":12},"end":{"line":29,"column":71}},"14":{"start":{"line":32,"column":13},"end":{"line":44,"column":13}},"15":{"start":{"line":33,"column":16},"end":{"line":41,"column":19}},"16":{"start":{"line":34,"column":20},"end":{"line":40,"column":21}},"17":{"start":{"line":35,"column":24},"end":{"line":35,"column":99}},"18":{"start":{"line":36,"column":27},"end":{"line":40,"column":21}},"19":{"start":{"line":37,"column":24},"end":{"line":37,"column":83}},"20":{"start":{"line":39,"column":24},"end":{"line":39,"column":120}},"21":{"start":{"line":43,"column":16},"end":{"line":43,"column":104}}},"fnMap":{"0":{"name":"_interopRequireDefault","decl":{"start":{"line":19,"column":9},"end":{"line":19,"column":31}},"loc":{"start":{"line":19,"column":37},"end":{"line":19,"column":95}},"line":19},"1":{"name":"(anonymous_1)","decl":{"start":{"line":22,"column":18},"end":{"line":22,"column":19}},"loc":{"start":{"line":22,"column":38},"end":{"line":46,"column":1}},"line":22},"2":{"name":"(anonymous_2)","decl":{"start":{"line":24,"column":90},"end":{"line":24,"column":91}},"loc":{"start":{"line":24,"column":111},"end":{"line":45,"column":5}},"line":24},"3":{"name":"(anonymous_3)","decl":{"start":{"line":33,"column":161},"end":{"line":33,"column":162}},"loc":{"start":{"line":33,"column":183},"end":{"line":41,"column":17}},"line":33}},"branchMap":{"0":{"loc":{"start":{"line":19,"column":46},"end":{"line":19,"column":92}},"type":"cond-expr","locations":[{"start":{"line":19,"column":70},"end":{"line":19,"column":73}},{"start":{"line":19,"column":76},"end":{"line":19,"column":92}}],"line":19},"1":{"loc":{"start":{"line":19,"column":46},"end":{"line":19,"column":67}},"type":"binary-expr","locations":[{"start":{"line":19,"column":46},"end":{"line":19,"column":49}},{"start":{"line":19,"column":53},"end":{"line":19,"column":67}}],"line":19},"2":{"loc":{"start":{"line":26,"column":8},"end":{"line":44,"column":13}},"type":"if","locations":[{"start":{"line":26,"column":8},"end":{"line":44,"column":13}},{"start":{"line":26,"column":8},"end":{"line":44,"column":13}}],"line":26},"3":{"loc":{"start":{"line":28,"column":15},"end":{"line":44,"column":13}},"type":"if","locations":[{"start":{"line":28,"column":15},"end":{"line":44,"column":13}},{"start":{"line":28,"column":15},"end":{"line":44,"column":13}}],"line":28},"4":{"loc":{"start":{"line":32,"column":13},"end":{"line":44,"column":13}},"type":"if","locations":[{"start":{"line":32,"column":13},"end":{"line":44,"column":13}},{"start":{"line":32,"column":13},"end":{"line":44,"column":13}}],"line":32},"5":{"loc":{"start":{"line":34,"column":20},"end":{"line":40,"column":21}},"type":"if","locations":[{"start":{"line":34,"column":20},"end":{"line":40,"column":21}},{"start":{"line":34,"column":20},"end":{"line":40,"column":21}}],"line":34},"6":{"loc":{"start":{"line":36,"column":27},"end":{"line":40,"column":21}},"type":"if","locations":[{"start":{"line":36,"column":27},"end":{"line":40,"column":21}},{"start":{"line":36,"column":27},"end":{"line":40,"column":21}}],"line":36}},"s":{"0":1,"1":1,"2":1,"3":1,"4":1,"5":1,"6":1,"7":3,"8":1,"9":3,"10":3,"11":0,"12":3,"13":1,"14":2,"15":0,"16":0,"17":0,"18":0,"19":0,"20":0,"21":2},"f":{"0":3,"1":3,"2":3,"3":0},"b":{"0":[0,3],"1":[3,3],"2":[0,3],"3":[1,2],"4":[0,2],"5":[0,0],"6":[0,0]},"_coverageSchema":"332fd63041d2c1bcb487cc26dd0d5f7d97098a6c","hash":"eec02c499c03ebc4f64f91148345b8e6b247c278","contentHash":"9d7a49ae2613ac9b541ac0370e0cfa0c_11.2.1"},"/home/traning/Naman/Investment_Assistant/Server/routes/reset_password/index.js":{"path":"/home/traning/Naman/Investment_Assistant/Server/routes/reset_password/index.js","statementMap":{"0":{"start":{"line":3,"column":0},"end":{"line":5,"column":3}},"1":{"start":{"line":7,"column":15},"end":{"line":7,"column":33}},"2":{"start":{"line":9,"column":16},"end":{"line":9,"column":48}},"3":{"start":{"line":11,"column":22},"end":{"line":11,"column":49}},"4":{"start":{"line":13,"column":23},"end":{"line":13,"column":62}},"5":{"start":{"line":15,"column":39},"end":{"line":15,"column":93}},"6":{"start":{"line":17,"column":13},"end":{"line":17,"column":39}},"7":{"start":{"line":18,"column":0},"end":{"line":18,"column":48}},"8":{"start":{"line":19,"column":0},"end":{"line":19,"column":25}}},"fnMap":{"0":{"name":"_interopRequireDefault","decl":{"start":{"line":15,"column":9},"end":{"line":15,"column":31}},"loc":{"start":{"line":15,"column":37},"end":{"line":15,"column":95}},"line":15}},"branchMap":{"0":{"loc":{"start":{"line":15,"column":46},"end":{"line":15,"column":92}},"type":"cond-expr","locations":[{"start":{"line":15,"column":70},"end":{"line":15,"column":73}},{"start":{"line":15,"column":76},"end":{"line":15,"column":92}}],"line":15},"1":{"loc":{"start":{"line":15,"column":46},"end":{"line":15,"column":67}},"type":"binary-expr","locations":[{"start":{"line":15,"column":46},"end":{"line":15,"column":49}},{"start":{"line":15,"column":53},"end":{"line":15,"column":67}}],"line":15}},"s":{"0":1,"1":1,"2":1,"3":1,"4":1,"5":2,"6":1,"7":1,"8":1},"f":{"0":2},"b":{"0":[0,2],"1":[2,2]},"_coverageSchema":"332fd63041d2c1bcb487cc26dd0d5f7d97098a6c","hash":"dbccee09d982e226318dd1050e24a604017eebfe","contentHash":"ed999a2306bc5015f1bf9bd352759c31_11.2.1"},"/home/traning/Naman/Investment_Assistant/Server/routes/reset_password/reset_password.js":{"path":"/home/traning/Naman/Investment_Assistant/Server/routes/reset_password/reset_password.js","statementMap":{"0":{"start":{"line":3,"column":15},"end":{"line":3,"column":33}},"1":{"start":{"line":5,"column":16},"end":{"line":5,"column":48}},"2":{"start":{"line":7,"column":23},"end":{"line":7,"column":61}},"3":{"start":{"line":9,"column":24},"end":{"line":9,"column":64}},"4":{"start":{"line":11,"column":20},"end":{"line":11,"column":56}},"5":{"start":{"line":13,"column":21},"end":{"line":13,"column":58}},"6":{"start":{"line":15,"column":39},"end":{"line":15,"column":93}},"7":{"start":{"line":17,"column":0},"end":{"line":48,"column":2}},"8":{"start":{"line":20,"column":4},"end":{"line":47,"column":7}},"9":{"start":{"line":22,"column":8},"end":{"line":46,"column":9}},"10":{"start":{"line":23,"column":12},"end":{"line":23,"column":67}},"11":{"start":{"line":24,"column":15},"end":{"line":46,"column":9}},"12":{"start":{"line":25,"column":12},"end":{"line":25,"column":107}},"13":{"start":{"line":28,"column":12},"end":{"line":45,"column":13}},"14":{"start":{"line":29,"column":16},"end":{"line":41,"column":19}},"15":{"start":{"line":31,"column":20},"end":{"line":40,"column":21}},"16":{"start":{"line":33,"column":24},"end":{"line":33,"column":120}},"17":{"start":{"line":34,"column":27},"end":{"line":40,"column":21}},"18":{"start":{"line":35,"column":24},"end":{"line":35,"column":85}},"19":{"start":{"line":38,"column":24},"end":{"line":38,"column":43}},"20":{"start":{"line":39,"column":24},"end":{"line":39,"column":84}},"21":{"start":{"line":44,"column":16},"end":{"line":44,"column":112}}},"fnMap":{"0":{"name":"_interopRequireDefault","decl":{"start":{"line":15,"column":9},"end":{"line":15,"column":31}},"loc":{"start":{"line":15,"column":37},"end":{"line":15,"column":95}},"line":15},"1":{"name":"(anonymous_1)","decl":{"start":{"line":17,"column":17},"end":{"line":17,"column":18}},"loc":{"start":{"line":17,"column":37},"end":{"line":48,"column":1}},"line":17},"2":{"name":"(anonymous_2)","decl":{"start":{"line":20,"column":66},"end":{"line":20,"column":67}},"loc":{"start":{"line":20,"column":88},"end":{"line":47,"column":5}},"line":20},"3":{"name":"(anonymous_3)","decl":{"start":{"line":30,"column":80},"end":{"line":30,"column":81}},"loc":{"start":{"line":30,"column":102},"end":{"line":41,"column":17}},"line":30}},"branchMap":{"0":{"loc":{"start":{"line":15,"column":46},"end":{"line":15,"column":92}},"type":"cond-expr","locations":[{"start":{"line":15,"column":70},"end":{"line":15,"column":73}},{"start":{"line":15,"column":76},"end":{"line":15,"column":92}}],"line":15},"1":{"loc":{"start":{"line":15,"column":46},"end":{"line":15,"column":67}},"type":"binary-expr","locations":[{"start":{"line":15,"column":46},"end":{"line":15,"column":49}},{"start":{"line":15,"column":53},"end":{"line":15,"column":67}}],"line":15},"2":{"loc":{"start":{"line":22,"column":8},"end":{"line":46,"column":9}},"type":"if","locations":[{"start":{"line":22,"column":8},"end":{"line":46,"column":9}},{"start":{"line":22,"column":8},"end":{"line":46,"column":9}}],"line":22},"3":{"loc":{"start":{"line":24,"column":15},"end":{"line":46,"column":9}},"type":"if","locations":[{"start":{"line":24,"column":15},"end":{"line":46,"column":9}},{"start":{"line":24,"column":15},"end":{"line":46,"column":9}}],"line":24},"4":{"loc":{"start":{"line":28,"column":12},"end":{"line":45,"column":13}},"type":"if","locations":[{"start":{"line":28,"column":12},"end":{"line":45,"column":13}},{"start":{"line":28,"column":12},"end":{"line":45,"column":13}}],"line":28},"5":{"loc":{"start":{"line":31,"column":20},"end":{"line":40,"column":21}},"type":"if","locations":[{"start":{"line":31,"column":20},"end":{"line":40,"column":21}},{"start":{"line":31,"column":20},"end":{"line":40,"column":21}}],"line":31},"6":{"loc":{"start":{"line":34,"column":27},"end":{"line":40,"column":21}},"type":"if","locations":[{"start":{"line":34,"column":27},"end":{"line":40,"column":21}},{"start":{"line":34,"column":27},"end":{"line":40,"column":21}}],"line":34}},"s":{"0":1,"1":1,"2":1,"3":1,"4":1,"5":1,"6":3,"7":1,"8":4,"9":4,"10":0,"11":4,"12":2,"13":2,"14":1,"15":1,"16":0,"17":1,"18":0,"19":1,"20":1,"21":1},"f":{"0":3,"1":4,"2":4,"3":1},"b":{"0":[0,3],"1":[3,3],"2":[0,4],"3":[2,2],"4":[1,1],"5":[0,1],"6":[0,1]},"_coverageSchema":"332fd63041d2c1bcb487cc26dd0d5f7d97098a6c","hash":"7d13dec37750c1482582c857bfce987b36b779d3","contentHash":"03ecc5a787f720e793daa0e40244a222_11.2.1"},"/home/traning/Naman/Investment_Assistant/Server/routes/delete_account/index.js":{"path":"/home/traning/Naman/Investment_Assistant/Server/routes/delete_account/index.js","statementMap":{"0":{"start":{"line":3,"column":0},"end":{"line":5,"column":3}},"1":{"start":{"line":7,"column":15},"end":{"line":7,"column":33}},"2":{"start":{"line":9,"column":16},"end":{"line":9,"column":48}},"3":{"start":{"line":11,"column":22},"end":{"line":11,"column":49}},"4":{"start":{"line":13,"column":23},"end":{"line":13,"column":62}},"5":{"start":{"line":15,"column":39},"end":{"line":15,"column":93}},"6":{"start":{"line":17,"column":13},"end":{"line":17,"column":39}},"7":{"start":{"line":19,"column":0},"end":{"line":19,"column":48}},"8":{"start":{"line":21,"column":0},"end":{"line":21,"column":25}}},"fnMap":{"0":{"name":"_interopRequireDefault","decl":{"start":{"line":15,"column":9},"end":{"line":15,"column":31}},"loc":{"start":{"line":15,"column":37},"end":{"line":15,"column":95}},"line":15}},"branchMap":{"0":{"loc":{"start":{"line":15,"column":46},"end":{"line":15,"column":92}},"type":"cond-expr","locations":[{"start":{"line":15,"column":70},"end":{"line":15,"column":73}},{"start":{"line":15,"column":76},"end":{"line":15,"column":92}}],"line":15},"1":{"loc":{"start":{"line":15,"column":46},"end":{"line":15,"column":67}},"type":"binary-expr","locations":[{"start":{"line":15,"column":46},"end":{"line":15,"column":49}},{"start":{"line":15,"column":53},"end":{"line":15,"column":67}}],"line":15}},"s":{"0":1,"1":1,"2":1,"3":1,"4":1,"5":2,"6":1,"7":1,"8":1},"f":{"0":2},"b":{"0":[0,2],"1":[2,2]},"_coverageSchema":"332fd63041d2c1bcb487cc26dd0d5f7d97098a6c","hash":"6d5c6f6108d7203667aaf9d8bd4574fd415959f9","contentHash":"74e265c11f5f8008fb73fe2d4d5306f6_11.2.1"},"/home/traning/Naman/Investment_Assistant/Server/routes/delete_account/delete_account.js":{"path":"/home/traning/Naman/Investment_Assistant/Server/routes/delete_account/delete_account.js","statementMap":{"0":{"start":{"line":3,"column":15},"end":{"line":3,"column":33}},"1":{"start":{"line":5,"column":16},"end":{"line":5,"column":48}},"2":{"start":{"line":7,"column":23},"end":{"line":7,"column":63}},"3":{"start":{"line":9,"column":24},"end":{"line":9,"column":64}},"4":{"start":{"line":11,"column":20},"end":{"line":11,"column":58}},"5":{"start":{"line":13,"column":21},"end":{"line":13,"column":58}},"6":{"start":{"line":15,"column":39},"end":{"line":15,"column":93}},"7":{"start":{"line":17,"column":13},"end":{"line":17,"column":39}},"8":{"start":{"line":19,"column":0},"end":{"line":47,"column":2}},"9":{"start":{"line":21,"column":4},"end":{"line":21,"column":39}},"10":{"start":{"line":22,"column":4},"end":{"line":46,"column":7}},"11":{"start":{"line":23,"column":8},"end":{"line":45,"column":9}},"12":{"start":{"line":24,"column":12},"end":{"line":24,"column":110}},"13":{"start":{"line":27,"column":12},"end":{"line":44,"column":17}},"14":{"start":{"line":29,"column":16},"end":{"line":39,"column":19}},"15":{"start":{"line":32,"column":20},"end":{"line":38,"column":21}},"16":{"start":{"line":33,"column":24},"end":{"line":33,"column":122}},"17":{"start":{"line":34,"column":27},"end":{"line":38,"column":21}},"18":{"start":{"line":35,"column":24},"end":{"line":35,"column":122}},"19":{"start":{"line":37,"column":24},"end":{"line":37,"column":133}},"20":{"start":{"line":43,"column":20},"end":{"line":43,"column":120}}},"fnMap":{"0":{"name":"_interopRequireDefault","decl":{"start":{"line":15,"column":9},"end":{"line":15,"column":31}},"loc":{"start":{"line":15,"column":37},"end":{"line":15,"column":95}},"line":15},"1":{"name":"(anonymous_1)","decl":{"start":{"line":19,"column":17},"end":{"line":19,"column":18}},"loc":{"start":{"line":19,"column":37},"end":{"line":47,"column":1}},"line":19},"2":{"name":"(anonymous_2)","decl":{"start":{"line":22,"column":66},"end":{"line":22,"column":67}},"loc":{"start":{"line":22,"column":88},"end":{"line":46,"column":5}},"line":22},"3":{"name":"(anonymous_3)","decl":{"start":{"line":30,"column":63},"end":{"line":30,"column":64}},"loc":{"start":{"line":30,"column":85},"end":{"line":39,"column":17}},"line":30}},"branchMap":{"0":{"loc":{"start":{"line":15,"column":46},"end":{"line":15,"column":92}},"type":"cond-expr","locations":[{"start":{"line":15,"column":70},"end":{"line":15,"column":73}},{"start":{"line":15,"column":76},"end":{"line":15,"column":92}}],"line":15},"1":{"loc":{"start":{"line":15,"column":46},"end":{"line":15,"column":67}},"type":"binary-expr","locations":[{"start":{"line":15,"column":46},"end":{"line":15,"column":49}},{"start":{"line":15,"column":53},"end":{"line":15,"column":67}}],"line":15},"2":{"loc":{"start":{"line":23,"column":8},"end":{"line":45,"column":9}},"type":"if","locations":[{"start":{"line":23,"column":8},"end":{"line":45,"column":9}},{"start":{"line":23,"column":8},"end":{"line":45,"column":9}}],"line":23},"3":{"loc":{"start":{"line":27,"column":12},"end":{"line":44,"column":17}},"type":"if","locations":[{"start":{"line":27,"column":12},"end":{"line":44,"column":17}},{"start":{"line":27,"column":12},"end":{"line":44,"column":17}}],"line":27},"4":{"loc":{"start":{"line":32,"column":20},"end":{"line":38,"column":21}},"type":"if","locations":[{"start":{"line":32,"column":20},"end":{"line":38,"column":21}},{"start":{"line":32,"column":20},"end":{"line":38,"column":21}}],"line":32},"5":{"loc":{"start":{"line":34,"column":27},"end":{"line":38,"column":21}},"type":"if","locations":[{"start":{"line":34,"column":27},"end":{"line":38,"column":21}},{"start":{"line":34,"column":27},"end":{"line":38,"column":21}}],"line":34}},"s":{"0":1,"1":1,"2":1,"3":1,"4":1,"5":1,"6":3,"7":1,"8":1,"9":4,"10":4,"11":4,"12":1,"13":3,"14":2,"15":2,"16":0,"17":2,"18":1,"19":1,"20":1},"f":{"0":3,"1":4,"2":4,"3":2},"b":{"0":[0,3],"1":[3,3],"2":[1,3],"3":[2,1],"4":[0,2],"5":[1,1]},"_coverageSchema":"332fd63041d2c1bcb487cc26dd0d5f7d97098a6c","hash":"e8b6f8ce9e9e1063d3fc0b7d6db0036e0b55570d","contentHash":"1c1d516ecee6c3188d717dcca918caaa_11.2.1"},"/home/traning/Naman/Investment_Assistant/Server/routes/userstatus/index.js":{"path":"/home/traning/Naman/Investment_Assistant/Server/routes/userstatus/index.js","statementMap":{"0":{"start":{"line":3,"column":0},"end":{"line":5,"column":3}},"1":{"start":{"line":7,"column":15},"end":{"line":7,"column":33}},"2":{"start":{"line":9,"column":16},"end":{"line":9,"column":48}},"3":{"start":{"line":11,"column":21},"end":{"line":11,"column":47}},"4":{"start":{"line":13,"column":22},"end":{"line":13,"column":60}},"5":{"start":{"line":15,"column":22},"end":{"line":15,"column":49}},"6":{"start":{"line":17,"column":23},"end":{"line":17,"column":62}},"7":{"start":{"line":19,"column":39},"end":{"line":19,"column":93}},"8":{"start":{"line":21,"column":13},"end":{"line":21,"column":39}},"9":{"start":{"line":23,"column":0},"end":{"line":23,"column":45}},"10":{"start":{"line":24,"column":0},"end":{"line":24,"column":43}},"11":{"start":{"line":26,"column":0},"end":{"line":26,"column":25}}},"fnMap":{"0":{"name":"_interopRequireDefault","decl":{"start":{"line":19,"column":9},"end":{"line":19,"column":31}},"loc":{"start":{"line":19,"column":37},"end":{"line":19,"column":95}},"line":19}},"branchMap":{"0":{"loc":{"start":{"line":19,"column":46},"end":{"line":19,"column":92}},"type":"cond-expr","locations":[{"start":{"line":19,"column":70},"end":{"line":19,"column":73}},{"start":{"line":19,"column":76},"end":{"line":19,"column":92}}],"line":19},"1":{"loc":{"start":{"line":19,"column":46},"end":{"line":19,"column":67}},"type":"binary-expr","locations":[{"start":{"line":19,"column":46},"end":{"line":19,"column":49}},{"start":{"line":19,"column":53},"end":{"line":19,"column":67}}],"line":19}},"s":{"0":1,"1":1,"2":1,"3":1,"4":1,"5":1,"6":1,"7":3,"8":1,"9":1,"10":1,"11":1},"f":{"0":3},"b":{"0":[0,3],"1":[3,3]},"_coverageSchema":"332fd63041d2c1bcb487cc26dd0d5f7d97098a6c","hash":"f059b619c3619a03bcc66760e7263e0f8d430d6e","contentHash":"b94121eb06ceb933637d2db3f2694618_11.2.1"},"/home/traning/Naman/Investment_Assistant/Server/routes/userstatus/getuserstatus.js":{"path":"/home/traning/Naman/Investment_Assistant/Server/routes/userstatus/getuserstatus.js","statementMap":{"0":{"start":{"line":3,"column":15},"end":{"line":3,"column":33}},"1":{"start":{"line":5,"column":16},"end":{"line":5,"column":48}},"2":{"start":{"line":7,"column":23},"end":{"line":7,"column":61}},"3":{"start":{"line":9,"column":24},"end":{"line":9,"column":64}},"4":{"start":{"line":11,"column":20},"end":{"line":11,"column":56}},"5":{"start":{"line":13,"column":21},"end":{"line":13,"column":58}},"6":{"start":{"line":15,"column":39},"end":{"line":15,"column":93}},"7":{"start":{"line":17,"column":0},"end":{"line":28,"column":2}},"8":{"start":{"line":18,"column":2},"end":{"line":18,"column":26}},"9":{"start":{"line":19,"column":2},"end":{"line":27,"column":5}},"10":{"start":{"line":20,"column":4},"end":{"line":26,"column":5}},"11":{"start":{"line":21,"column":6},"end":{"line":21,"column":157}},"12":{"start":{"line":22,"column":11},"end":{"line":26,"column":5}},"13":{"start":{"line":23,"column":6},"end":{"line":23,"column":64}},"14":{"start":{"line":25,"column":6},"end":{"line":25,"column":163}}},"fnMap":{"0":{"name":"_interopRequireDefault","decl":{"start":{"line":15,"column":9},"end":{"line":15,"column":31}},"loc":{"start":{"line":15,"column":37},"end":{"line":15,"column":95}},"line":15},"1":{"name":"(anonymous_1)","decl":{"start":{"line":17,"column":17},"end":{"line":17,"column":18}},"loc":{"start":{"line":17,"column":37},"end":{"line":28,"column":1}},"line":17},"2":{"name":"(anonymous_2)","decl":{"start":{"line":19,"column":60},"end":{"line":19,"column":61}},"loc":{"start":{"line":19,"column":81},"end":{"line":27,"column":3}},"line":19}},"branchMap":{"0":{"loc":{"start":{"line":15,"column":46},"end":{"line":15,"column":92}},"type":"cond-expr","locations":[{"start":{"line":15,"column":70},"end":{"line":15,"column":73}},{"start":{"line":15,"column":76},"end":{"line":15,"column":92}}],"line":15},"1":{"loc":{"start":{"line":15,"column":46},"end":{"line":15,"column":67}},"type":"binary-expr","locations":[{"start":{"line":15,"column":46},"end":{"line":15,"column":49}},{"start":{"line":15,"column":53},"end":{"line":15,"column":67}}],"line":15},"2":{"loc":{"start":{"line":20,"column":4},"end":{"line":26,"column":5}},"type":"if","locations":[{"start":{"line":20,"column":4},"end":{"line":26,"column":5}},{"start":{"line":20,"column":4},"end":{"line":26,"column":5}}],"line":20},"3":{"loc":{"start":{"line":22,"column":11},"end":{"line":26,"column":5}},"type":"if","locations":[{"start":{"line":22,"column":11},"end":{"line":26,"column":5}},{"start":{"line":22,"column":11},"end":{"line":26,"column":5}}],"line":22}},"s":{"0":1,"1":1,"2":1,"3":1,"4":1,"5":1,"6":3,"7":1,"8":1,"9":1,"10":1,"11":0,"12":1,"13":1,"14":0},"f":{"0":3,"1":1,"2":1},"b":{"0":[0,3],"1":[3,3],"2":[0,1],"3":[1,0]},"_coverageSchema":"332fd63041d2c1bcb487cc26dd0d5f7d97098a6c","hash":"744b3301358e1232f2e94911e98eaedd627cea12","contentHash":"8d7bb4a5edbe66a4146f688225632488_11.2.1"},"/home/traning/Naman/Investment_Assistant/Server/routes/userstatus/postuserstatus.js":{"path":"/home/traning/Naman/Investment_Assistant/Server/routes/userstatus/postuserstatus.js","statementMap":{"0":{"start":{"line":3,"column":15},"end":{"line":3,"column":33}},"1":{"start":{"line":5,"column":16},"end":{"line":5,"column":48}},"2":{"start":{"line":7,"column":23},"end":{"line":7,"column":61}},"3":{"start":{"line":9,"column":24},"end":{"line":9,"column":64}},"4":{"start":{"line":11,"column":20},"end":{"line":11,"column":56}},"5":{"start":{"line":13,"column":21},"end":{"line":13,"column":58}},"6":{"start":{"line":15,"column":39},"end":{"line":15,"column":93}},"7":{"start":{"line":17,"column":0},"end":{"line":28,"column":2}},"8":{"start":{"line":19,"column":2},"end":{"line":27,"column":5}},"9":{"start":{"line":20,"column":4},"end":{"line":26,"column":5}},"10":{"start":{"line":21,"column":6},"end":{"line":21,"column":159}},"11":{"start":{"line":22,"column":11},"end":{"line":26,"column":5}},"12":{"start":{"line":23,"column":6},"end":{"line":23,"column":64}},"13":{"start":{"line":25,"column":6},"end":{"line":25,"column":169}}},"fnMap":{"0":{"name":"_interopRequireDefault","decl":{"start":{"line":15,"column":9},"end":{"line":15,"column":31}},"loc":{"start":{"line":15,"column":37},"end":{"line":15,"column":95}},"line":15},"1":{"name":"(anonymous_1)","decl":{"start":{"line":17,"column":17},"end":{"line":17,"column":18}},"loc":{"start":{"line":17,"column":37},"end":{"line":28,"column":1}},"line":17},"2":{"name":"(anonymous_2)","decl":{"start":{"line":19,"column":33},"end":{"line":19,"column":34}},"loc":{"start":{"line":19,"column":54},"end":{"line":27,"column":3}},"line":19}},"branchMap":{"0":{"loc":{"start":{"line":15,"column":46},"end":{"line":15,"column":92}},"type":"cond-expr","locations":[{"start":{"line":15,"column":70},"end":{"line":15,"column":73}},{"start":{"line":15,"column":76},"end":{"line":15,"column":92}}],"line":15},"1":{"loc":{"start":{"line":15,"column":46},"end":{"line":15,"column":67}},"type":"binary-expr","locations":[{"start":{"line":15,"column":46},"end":{"line":15,"column":49}},{"start":{"line":15,"column":53},"end":{"line":15,"column":67}}],"line":15},"2":{"loc":{"start":{"line":20,"column":4},"end":{"line":26,"column":5}},"type":"if","locations":[{"start":{"line":20,"column":4},"end":{"line":26,"column":5}},{"start":{"line":20,"column":4},"end":{"line":26,"column":5}}],"line":20},"3":{"loc":{"start":{"line":22,"column":11},"end":{"line":26,"column":5}},"type":"if","locations":[{"start":{"line":22,"column":11},"end":{"line":26,"column":5}},{"start":{"line":22,"column":11},"end":{"line":26,"column":5}}],"line":22}},"s":{"0":1,"1":1,"2":1,"3":1,"4":1,"5":1,"6":3,"7":1,"8":1,"9":1,"10":0,"11":1,"12":1,"13":0},"f":{"0":3,"1":1,"2":1},"b":{"0":[0,3],"1":[3,3],"2":[0,1],"3":[1,0]},"_coverageSchema":"332fd63041d2c1bcb487cc26dd0d5f7d97098a6c","hash":"edca06044865a2ebe4682e9fdd5f150801dadf46","contentHash":"14d3683bd3939a59776a56ba1e6f9a40_11.2.1"},"/home/traning/Naman/Investment_Assistant/Server/routes/viewPolicy/index.js":{"path":"/home/traning/Naman/Investment_Assistant/Server/routes/viewPolicy/index.js","statementMap":{"0":{"start":{"line":3,"column":0},"end":{"line":5,"column":3}},"1":{"start":{"line":7,"column":15},"end":{"line":7,"column":33}},"2":{"start":{"line":9,"column":16},"end":{"line":9,"column":48}},"3":{"start":{"line":11,"column":18},"end":{"line":11,"column":41}},"4":{"start":{"line":13,"column":19},"end":{"line":13,"column":54}},"5":{"start":{"line":15,"column":39},"end":{"line":15,"column":93}},"6":{"start":{"line":17,"column":13},"end":{"line":17,"column":39}},"7":{"start":{"line":19,"column":0},"end":{"line":19,"column":41}},"8":{"start":{"line":21,"column":0},"end":{"line":21,"column":25}}},"fnMap":{"0":{"name":"_interopRequireDefault","decl":{"start":{"line":15,"column":9},"end":{"line":15,"column":31}},"loc":{"start":{"line":15,"column":37},"end":{"line":15,"column":95}},"line":15}},"branchMap":{"0":{"loc":{"start":{"line":15,"column":46},"end":{"line":15,"column":92}},"type":"cond-expr","locations":[{"start":{"line":15,"column":70},"end":{"line":15,"column":73}},{"start":{"line":15,"column":76},"end":{"line":15,"column":92}}],"line":15},"1":{"loc":{"start":{"line":15,"column":46},"end":{"line":15,"column":67}},"type":"binary-expr","locations":[{"start":{"line":15,"column":46},"end":{"line":15,"column":49}},{"start":{"line":15,"column":53},"end":{"line":15,"column":67}}],"line":15}},"s":{"0":1,"1":1,"2":1,"3":1,"4":1,"5":2,"6":1,"7":1,"8":1},"f":{"0":2},"b":{"0":[0,2],"1":[2,2]},"_coverageSchema":"332fd63041d2c1bcb487cc26dd0d5f7d97098a6c","hash":"37c6f725963720a4c6d7eb9974a3158cfe57e15e","contentHash":"5c8734402152b13f2be9a95594abead1_11.2.1"},"/home/traning/Naman/Investment_Assistant/Server/routes/viewPolicy/viewPolicy.js":{"path":"/home/traning/Naman/Investment_Assistant/Server/routes/viewPolicy/viewPolicy.js","statementMap":{"0":{"start":{"line":3,"column":15},"end":{"line":3,"column":33}},"1":{"start":{"line":5,"column":16},"end":{"line":5,"column":48}},"2":{"start":{"line":7,"column":23},"end":{"line":7,"column":61}},"3":{"start":{"line":9,"column":24},"end":{"line":9,"column":64}},"4":{"start":{"line":11,"column":20},"end":{"line":11,"column":56}},"5":{"start":{"line":13,"column":21},"end":{"line":13,"column":58}},"6":{"start":{"line":15,"column":39},"end":{"line":15,"column":93}},"7":{"start":{"line":18,"column":0},"end":{"line":30,"column":2}},"8":{"start":{"line":20,"column":4},"end":{"line":29,"column":7}},"9":{"start":{"line":22,"column":8},"end":{"line":28,"column":9}},"10":{"start":{"line":24,"column":16},"end":{"line":24,"column":119}},"11":{"start":{"line":27,"column":12},"end":{"line":27,"column":116}}},"fnMap":{"0":{"name":"_interopRequireDefault","decl":{"start":{"line":15,"column":9},"end":{"line":15,"column":31}},"loc":{"start":{"line":15,"column":37},"end":{"line":15,"column":95}},"line":15},"1":{"name":"(anonymous_1)","decl":{"start":{"line":18,"column":17},"end":{"line":18,"column":18}},"loc":{"start":{"line":18,"column":37},"end":{"line":30,"column":1}},"line":18},"2":{"name":"(anonymous_2)","decl":{"start":{"line":20,"column":62},"end":{"line":20,"column":63}},"loc":{"start":{"line":20,"column":83},"end":{"line":29,"column":5}},"line":20}},"branchMap":{"0":{"loc":{"start":{"line":15,"column":46},"end":{"line":15,"column":92}},"type":"cond-expr","locations":[{"start":{"line":15,"column":70},"end":{"line":15,"column":73}},{"start":{"line":15,"column":76},"end":{"line":15,"column":92}}],"line":15},"1":{"loc":{"start":{"line":15,"column":46},"end":{"line":15,"column":67}},"type":"binary-expr","locations":[{"start":{"line":15,"column":46},"end":{"line":15,"column":49}},{"start":{"line":15,"column":53},"end":{"line":15,"column":67}}],"line":15},"2":{"loc":{"start":{"line":22,"column":8},"end":{"line":28,"column":9}},"type":"if","locations":[{"start":{"line":22,"column":8},"end":{"line":28,"column":9}},{"start":{"line":22,"column":8},"end":{"line":28,"column":9}}],"line":22}},"s":{"0":1,"1":1,"2":1,"3":1,"4":1,"5":1,"6":3,"7":1,"8":0,"9":0,"10":0,"11":0},"f":{"0":3,"1":0,"2":0},"b":{"0":[0,3],"1":[3,3],"2":[0,0]},"_coverageSchema":"332fd63041d2c1bcb487cc26dd0d5f7d97098a6c","hash":"b63df529990523cf52fd51ee9b02384e7da7beac","contentHash":"7e64fea4e77c57c56c6d71da49beb9a2_11.2.1"},"/home/traning/Naman/Investment_Assistant/Server/routes/deleteUser/index.js":{"path":"/home/traning/Naman/Investment_Assistant/Server/routes/deleteUser/index.js","statementMap":{"0":{"start":{"line":3,"column":0},"end":{"line":5,"column":3}},"1":{"start":{"line":7,"column":15},"end":{"line":7,"column":33}},"2":{"start":{"line":9,"column":16},"end":{"line":9,"column":48}},"3":{"start":{"line":11,"column":18},"end":{"line":11,"column":41}},"4":{"start":{"line":13,"column":19},"end":{"line":13,"column":54}},"5":{"start":{"line":15,"column":39},"end":{"line":15,"column":93}},"6":{"start":{"line":17,"column":13},"end":{"line":17,"column":39}},"7":{"start":{"line":18,"column":0},"end":{"line":18,"column":44}},"8":{"start":{"line":19,"column":0},"end":{"line":19,"column":25}}},"fnMap":{"0":{"name":"_interopRequireDefault","decl":{"start":{"line":15,"column":9},"end":{"line":15,"column":31}},"loc":{"start":{"line":15,"column":37},"end":{"line":15,"column":95}},"line":15}},"branchMap":{"0":{"loc":{"start":{"line":15,"column":46},"end":{"line":15,"column":92}},"type":"cond-expr","locations":[{"start":{"line":15,"column":70},"end":{"line":15,"column":73}},{"start":{"line":15,"column":76},"end":{"line":15,"column":92}}],"line":15},"1":{"loc":{"start":{"line":15,"column":46},"end":{"line":15,"column":67}},"type":"binary-expr","locations":[{"start":{"line":15,"column":46},"end":{"line":15,"column":49}},{"start":{"line":15,"column":53},"end":{"line":15,"column":67}}],"line":15}},"s":{"0":1,"1":1,"2":1,"3":1,"4":1,"5":2,"6":1,"7":1,"8":1},"f":{"0":2},"b":{"0":[0,2],"1":[2,2]},"_coverageSchema":"332fd63041d2c1bcb487cc26dd0d5f7d97098a6c","hash":"a6844a7e1802f8f778c7e596279b39eaa8e0791f","contentHash":"77d1ae7da94c84fccd564525dc6e71da_11.2.1"},"/home/traning/Naman/Investment_Assistant/Server/routes/verify_user/index.js":{"path":"/home/traning/Naman/Investment_Assistant/Server/routes/verify_user/index.js","statementMap":{"0":{"start":{"line":3,"column":0},"end":{"line":5,"column":3}},"1":{"start":{"line":7,"column":15},"end":{"line":7,"column":33}},"2":{"start":{"line":9,"column":16},"end":{"line":9,"column":48}},"3":{"start":{"line":11,"column":19},"end":{"line":11,"column":43}},"4":{"start":{"line":13,"column":20},"end":{"line":13,"column":56}},"5":{"start":{"line":15,"column":39},"end":{"line":15,"column":93}},"6":{"start":{"line":17,"column":13},"end":{"line":17,"column":39}},"7":{"start":{"line":19,"column":0},"end":{"line":19,"column":42}},"8":{"start":{"line":21,"column":0},"end":{"line":21,"column":25}}},"fnMap":{"0":{"name":"_interopRequireDefault","decl":{"start":{"line":15,"column":9},"end":{"line":15,"column":31}},"loc":{"start":{"line":15,"column":37},"end":{"line":15,"column":95}},"line":15}},"branchMap":{"0":{"loc":{"start":{"line":15,"column":46},"end":{"line":15,"column":92}},"type":"cond-expr","locations":[{"start":{"line":15,"column":70},"end":{"line":15,"column":73}},{"start":{"line":15,"column":76},"end":{"line":15,"column":92}}],"line":15},"1":{"loc":{"start":{"line":15,"column":46},"end":{"line":15,"column":67}},"type":"binary-expr","locations":[{"start":{"line":15,"column":46},"end":{"line":15,"column":49}},{"start":{"line":15,"column":53},"end":{"line":15,"column":67}}],"line":15}},"s":{"0":1,"1":1,"2":1,"3":1,"4":1,"5":2,"6":1,"7":1,"8":1},"f":{"0":2},"b":{"0":[0,2],"1":[2,2]},"_coverageSchema":"332fd63041d2c1bcb487cc26dd0d5f7d97098a6c","hash":"9816b19e6fa03e76bcf83c5d3a93b1ec8a8b90c9","contentHash":"e528ded3394e7808cd074a73d6c8dd66_11.2.1"},"/home/traning/Naman/Investment_Assistant/Server/routes/verify_user/verify_user.js":{"path":"/home/traning/Naman/Investment_Assistant/Server/routes/verify_user/verify_user.js","statementMap":{"0":{"start":{"line":3,"column":23},"end":{"line":3,"column":61}},"1":{"start":{"line":5,"column":24},"end":{"line":5,"column":64}},"2":{"start":{"line":7,"column":20},"end":{"line":7,"column":56}},"3":{"start":{"line":9,"column":21},"end":{"line":9,"column":58}},"4":{"start":{"line":11,"column":15},"end":{"line":11,"column":33}},"5":{"start":{"line":13,"column":16},"end":{"line":13,"column":48}},"6":{"start":{"line":15,"column":39},"end":{"line":15,"column":93}},"7":{"start":{"line":19,"column":0},"end":{"line":49,"column":2}},"8":{"start":{"line":21,"column":2},"end":{"line":48,"column":5}},"9":{"start":{"line":23,"column":4},"end":{"line":47,"column":7}},"10":{"start":{"line":24,"column":6},"end":{"line":24,"column":96}},"11":{"start":{"line":25,"column":11},"end":{"line":47,"column":7}},"12":{"start":{"line":27,"column":6},"end":{"line":27,"column":61}},"13":{"start":{"line":31,"column":9},"end":{"line":47,"column":7}},"14":{"start":{"line":32,"column":8},"end":{"line":44,"column":11}},"15":{"start":{"line":33,"column":10},"end":{"line":43,"column":11}},"16":{"start":{"line":34,"column":12},"end":{"line":34,"column":105}},"17":{"start":{"line":35,"column":17},"end":{"line":43,"column":11}},"18":{"start":{"line":37,"column":12},"end":{"line":37,"column":67}},"19":{"start":{"line":39,"column":12},"end":{"line":42,"column":15}},"20":{"start":{"line":41,"column":14},"end":{"line":41,"column":122}},"21":{"start":{"line":46,"column":8},"end":{"line":46,"column":108}}},"fnMap":{"0":{"name":"_interopRequireDefault","decl":{"start":{"line":15,"column":9},"end":{"line":15,"column":31}},"loc":{"start":{"line":15,"column":37},"end":{"line":15,"column":95}},"line":15},"1":{"name":"(anonymous_1)","decl":{"start":{"line":19,"column":17},"end":{"line":19,"column":18}},"loc":{"start":{"line":19,"column":37},"end":{"line":49,"column":1}},"line":19},"2":{"name":"(anonymous_2)","decl":{"start":{"line":21,"column":57},"end":{"line":21,"column":58}},"loc":{"start":{"line":21,"column":79},"end":{"line":48,"column":3}},"line":21},"3":{"name":"(anonymous_3)","decl":{"start":{"line":32,"column":113},"end":{"line":32,"column":114}},"loc":{"start":{"line":32,"column":134},"end":{"line":44,"column":9}},"line":32},"4":{"name":"(anonymous_4)","decl":{"start":{"line":39,"column":67},"end":{"line":39,"column":68}},"loc":{"start":{"line":39,"column":88},"end":{"line":42,"column":13}},"line":39}},"branchMap":{"0":{"loc":{"start":{"line":15,"column":46},"end":{"line":15,"column":92}},"type":"cond-expr","locations":[{"start":{"line":15,"column":70},"end":{"line":15,"column":73}},{"start":{"line":15,"column":76},"end":{"line":15,"column":92}}],"line":15},"1":{"loc":{"start":{"line":15,"column":46},"end":{"line":15,"column":67}},"type":"binary-expr","locations":[{"start":{"line":15,"column":46},"end":{"line":15,"column":49}},{"start":{"line":15,"column":53},"end":{"line":15,"column":67}}],"line":15},"2":{"loc":{"start":{"line":23,"column":4},"end":{"line":47,"column":7}},"type":"if","locations":[{"start":{"line":23,"column":4},"end":{"line":47,"column":7}},{"start":{"line":23,"column":4},"end":{"line":47,"column":7}}],"line":23},"3":{"loc":{"start":{"line":25,"column":11},"end":{"line":47,"column":7}},"type":"if","locations":[{"start":{"line":25,"column":11},"end":{"line":47,"column":7}},{"start":{"line":25,"column":11},"end":{"line":47,"column":7}}],"line":25},"4":{"loc":{"start":{"line":31,"column":9},"end":{"line":47,"column":7}},"type":"if","locations":[{"start":{"line":31,"column":9},"end":{"line":47,"column":7}},{"start":{"line":31,"column":9},"end":{"line":47,"column":7}}],"line":31},"5":{"loc":{"start":{"line":33,"column":10},"end":{"line":43,"column":11}},"type":"if","locations":[{"start":{"line":33,"column":10},"end":{"line":43,"column":11}},{"start":{"line":33,"column":10},"end":{"line":43,"column":11}}],"line":33},"6":{"loc":{"start":{"line":35,"column":17},"end":{"line":43,"column":11}},"type":"if","locations":[{"start":{"line":35,"column":17},"end":{"line":43,"column":11}},{"start":{"line":35,"column":17},"end":{"line":43,"column":11}}],"line":35}},"s":{"0":1,"1":1,"2":1,"3":1,"4":1,"5":1,"6":3,"7":1,"8":2,"9":2,"10":0,"11":2,"12":1,"13":1,"14":1,"15":1,"16":0,"17":1,"18":0,"19":1,"20":1,"21":0},"f":{"0":3,"1":2,"2":2,"3":1,"4":1},"b":{"0":[0,3],"1":[3,3],"2":[0,2],"3":[1,1],"4":[1,0],"5":[0,1],"6":[0,1]},"_coverageSchema":"332fd63041d2c1bcb487cc26dd0d5f7d97098a6c","hash":"ae383f09f72eee39c3cac98720d1ab58d1d2b5ff","contentHash":"ab98941270ba461945d727827c951c50_11.2.1"},"/home/traning/Naman/Investment_Assistant/Server/routes/chat/index.js":{"path":"/home/traning/Naman/Investment_Assistant/Server/routes/chat/index.js","statementMap":{"0":{"start":{"line":3,"column":0},"end":{"line":5,"column":3}},"1":{"start":{"line":7,"column":15},"end":{"line":7,"column":33}},"2":{"start":{"line":9,"column":16},"end":{"line":9,"column":48}},"3":{"start":{"line":11,"column":12},"end":{"line":11,"column":29}},"4":{"start":{"line":13,"column":13},"end":{"line":13,"column":42}},"5":{"start":{"line":15,"column":12},"end":{"line":15,"column":29}},"6":{"start":{"line":17,"column":13},"end":{"line":17,"column":42}},"7":{"start":{"line":19,"column":39},"end":{"line":19,"column":93}},"8":{"start":{"line":21,"column":13},"end":{"line":21,"column":39}},"9":{"start":{"line":24,"column":0},"end":{"line":24,"column":32}},"10":{"start":{"line":25,"column":0},"end":{"line":25,"column":36}},"11":{"start":{"line":27,"column":0},"end":{"line":27,"column":25}}},"fnMap":{"0":{"name":"_interopRequireDefault","decl":{"start":{"line":19,"column":9},"end":{"line":19,"column":31}},"loc":{"start":{"line":19,"column":37},"end":{"line":19,"column":95}},"line":19}},"branchMap":{"0":{"loc":{"start":{"line":19,"column":46},"end":{"line":19,"column":92}},"type":"cond-expr","locations":[{"start":{"line":19,"column":70},"end":{"line":19,"column":73}},{"start":{"line":19,"column":76},"end":{"line":19,"column":92}}],"line":19},"1":{"loc":{"start":{"line":19,"column":46},"end":{"line":19,"column":67}},"type":"binary-expr","locations":[{"start":{"line":19,"column":46},"end":{"line":19,"column":49}},{"start":{"line":19,"column":53},"end":{"line":19,"column":67}}],"line":19}},"s":{"0":1,"1":1,"2":1,"3":1,"4":1,"5":1,"6":1,"7":3,"8":1,"9":1,"10":1,"11":1},"f":{"0":3},"b":{"0":[2,1],"1":[3,3]},"_coverageSchema":"332fd63041d2c1bcb487cc26dd0d5f7d97098a6c","hash":"5c6b50cd709a34aa66e653cbeb50ab078e93c33a","contentHash":"45be50a4045280494b6eccef7e4954b8_11.2.1"},"/home/traning/Naman/Investment_Assistant/Server/routes/chat/chat.js":{"path":"/home/traning/Naman/Investment_Assistant/Server/routes/chat/chat.js","statementMap":{"0":{"start":{"line":3,"column":0},"end":{"line":5,"column":3}},"1":{"start":{"line":7,"column":15},"end":{"line":7,"column":33}},"2":{"start":{"line":9,"column":16},"end":{"line":9,"column":48}},"3":{"start":{"line":11,"column":20},"end":{"line":11,"column":56}},"4":{"start":{"line":13,"column":21},"end":{"line":13,"column":58}},"5":{"start":{"line":15,"column":39},"end":{"line":15,"column":93}},"6":{"start":{"line":17,"column":11},"end":{"line":17,"column":40}},"7":{"start":{"line":18,"column":13},"end":{"line":18,"column":39}},"8":{"start":{"line":19,"column":11},"end":{"line":19,"column":47}},"9":{"start":{"line":22,"column":0},"end":{"line":32,"column":2}},"10":{"start":{"line":23,"column":4},"end":{"line":31,"column":7}},"11":{"start":{"line":24,"column":8},"end":{"line":30,"column":9}},"12":{"start":{"line":25,"column":12},"end":{"line":25,"column":111}},"13":{"start":{"line":26,"column":15},"end":{"line":30,"column":9}},"14":{"start":{"line":27,"column":12},"end":{"line":27,"column":72}},"15":{"start":{"line":29,"column":12},"end":{"line":29,"column":112}}},"fnMap":{"0":{"name":"_interopRequireDefault","decl":{"start":{"line":15,"column":9},"end":{"line":15,"column":31}},"loc":{"start":{"line":15,"column":37},"end":{"line":15,"column":95}},"line":15},"1":{"name":"(anonymous_1)","decl":{"start":{"line":22,"column":18},"end":{"line":22,"column":19}},"loc":{"start":{"line":22,"column":38},"end":{"line":32,"column":1}},"line":22},"2":{"name":"(anonymous_2)","decl":{"start":{"line":23,"column":14},"end":{"line":23,"column":15}},"loc":{"start":{"line":23,"column":35},"end":{"line":31,"column":5}},"line":23}},"branchMap":{"0":{"loc":{"start":{"line":15,"column":46},"end":{"line":15,"column":92}},"type":"cond-expr","locations":[{"start":{"line":15,"column":70},"end":{"line":15,"column":73}},{"start":{"line":15,"column":76},"end":{"line":15,"column":92}}],"line":15},"1":{"loc":{"start":{"line":15,"column":46},"end":{"line":15,"column":67}},"type":"binary-expr","locations":[{"start":{"line":15,"column":46},"end":{"line":15,"column":49}},{"start":{"line":15,"column":53},"end":{"line":15,"column":67}}],"line":15},"2":{"loc":{"start":{"line":24,"column":8},"end":{"line":30
[...]
"end":{"line":23,"column":86}},"13":{"start":{"line":25,"column":3},"end":{"line":25,"column":100}}},"fnMap":{"0":{"name":"_interopRequireDefault","decl":{"start":{"line":11,"column":9},"end":{"line":11,"column":31}},"loc":{"start":{"line":11,"column":37},"end":{"line":11,"column":95}},"line":11},"1":{"name":"(anonymous_1)","decl":{"start":{"line":18,"column":17},"end":{"line":18,"column":18}},"loc":{"start":{"line":18,"column":37},"end":{"line":28,"column":1}},"line":18},"2":{"name":"(anonymous_2)","decl":{"start":{"line":19,"column":11},"end":{"line":19,"column":12}},"loc":{"start":{"line":19,"column":32},"end":{"line":27,"column":2}},"line":19}},"branchMap":{"0":{"loc":{"start":{"line":11,"column":46},"end":{"line":11,"column":92}},"type":"cond-expr","locations":[{"start":{"line":11,"column":70},"end":{"line":11,"column":73}},{"start":{"line":11,"column":76},"end":{"line":11,"column":92}}],"line":11},"1":{"loc":{"start":{"line":11,"column":46},"end":{"line":11,"column":67}},"type":"binary-expr","locations":[{"start":{"line":11,"column":46},"end":{"line":11,"column":49}},{"start":{"line":11,"column":53},"end":{"line":11,"column":67}}],"line":11},"2":{"loc":{"start":{"line":20,"column":2},"end":{"line":26,"column":3}},"type":"if","locations":[{"start":{"line":20,"column":2},"end":{"line":26,"column":3}},{"start":{"line":20,"column":2},"end":{"line":26,"column":3}}],"line":20},"3":{"loc":{"start":{"line":22,"column":9},"end":{"line":26,"column":3}},"type":"if","locations":[{"start":{"line":22,"column":9},"end":{"line":26,"column":3}},{"start":{"line":22,"column":9},"end":{"line":26,"column":3}}],"line":22}},"s":{"0":1,"1":1,"2":1,"3":1,"4":2,"5":1,"6":1,"7":1,"8":2,"9":2,"10":0,"11":2,"12":1,"13":1},"f":{"0":2,"1":2,"2":2},"b":{"0":[0,2],"1":[2,2],"2":[0,2],"3":[1,1]},"_coverageSchema":"332fd63041d2c1bcb487cc26dd0d5f7d97098a6c","hash":"adb2b9d043e716829e7ff32591c5ea7ba88a4590","contentHash":"186e279d1d4e5326288491002a64858b_11.2.1"},"/home/traning/Naman/Investment_Assistant/Server/routes/getsurvey/putsurvey.js":{"path":"/home/traning/Naman/Investment_Assistant/Server/routes/getsurvey/putsurvey.js","statementMap":{"0":{"start":{"line":3,"column":15},"end":{"line":3,"column":33}},"1":{"start":{"line":5,"column":16},"end":{"line":5,"column":48}},"2":{"start":{"line":7,"column":20},"end":{"line":7,"column":56}},"3":{"start":{"line":9,"column":21},"end":{"line":9,"column":58}},"4":{"start":{"line":11,"column":39},"end":{"line":11,"column":93}},"5":{"start":{"line":13,"column":11},"end":{"line":13,"column":45}},"6":{"start":{"line":14,"column":13},"end":{"line":14,"column":39}},"7":{"start":{"line":17,"column":0},"end":{"line":35,"column":2}},"8":{"start":{"line":18,"column":1},"end":{"line":34,"column":4}},"9":{"start":{"line":19,"column":2},"end":{"line":33,"column":3}},"10":{"start":{"line":20,"column":3},"end":{"line":20,"column":98}},"11":{"start":{"line":21,"column":9},"end":{"line":33,"column":3}},"12":{"start":{"line":22,"column":3},"end":{"line":22,"column":98}},"13":{"start":{"line":24,"column":3},"end":{"line":32,"column":6}},"14":{"start":{"line":25,"column":4},"end":{"line":31,"column":5}},"15":{"start":{"line":26,"column":5},"end":{"line":26,"column":100}},"16":{"start":{"line":27,"column":11},"end":{"line":31,"column":5}},"17":{"start":{"line":28,"column":5},"end":{"line":28,"column":100}},"18":{"start":{"line":30,"column":5},"end":{"line":30,"column":103}}},"fnMap":{"0":{"name":"_interopRequireDefault","decl":{"start":{"line":11,"column":9},"end":{"line":11,"column":31}},"loc":{"start":{"line":11,"column":37},"end":{"line":11,"column":95}},"line":11},"1":{"name":"(anonymous_1)","decl":{"start":{"line":17,"column":17},"end":{"line":17,"column":18}},"loc":{"start":{"line":17,"column":37},"end":{"line":35,"column":1}},"line":17},"2":{"name":"(anonymous_2)","decl":{"start":{"line":18,"column":71},"end":{"line":18,"column":72}},"loc":{"start":{"line":18,"column":92},"end":{"line":34,"column":2}},"line":18},"3":{"name":"(anonymous_3)","decl":{"start":{"line":24,"column":17},"end":{"line":24,"column":18}},"loc":{"start":{"line":24,"column":39},"end":{"line":32,"column":4}},"line":24}},"branchMap":{"0":{"loc":{"start":{"line":11,"column":46},"end":{"line":11,"column":92}},"type":"cond-expr","locations":[{"start":{"line":11,"column":70},"end":{"line":11,"column":73}},{"start":{"line":11,"column":76},"end":{"line":11,"column":92}}],"line":11},"1":{"loc":{"start":{"line":11,"column":46},"end":{"line":11,"column":67}},"type":"binary-expr","locations":[{"start":{"line":11,"column":46},"end":{"line":11,"column":49}},{"start":{"line":11,"column":53},"end":{"line":11,"column":67}}],"line":11},"2":{"loc":{"start":{"line":19,"column":2},"end":{"line":33,"column":3}},"type":"if","locations":[{"start":{"line":19,"column":2},"end":{"line":33,"column":3}},{"start":{"line":19,"column":2},"end":{"line":33,"column":3}}],"line":19},"3":{"loc":{"start":{"line":21,"column":9},"end":{"line":33,"column":3}},"type":"if","locations":[{"start":{"line":21,"column":9},"end":{"line":33,"column":3}},{"start":{"line":21,"column":9},"end":{"line":33,"column":3}}],"line":21},"4":{"loc":{"start":{"line":25,"column":4},"end":{"line":31,"column":5}},"type":"if","locations":[{"start":{"line":25,"column":4},"end":{"line":31,"column":5}},{"start":{"line":25,"column":4},"end":{"line":31,"column":5}}],"line":25},"5":{"loc":{"start":{"line":27,"column":11},"end":{"line":31,"column":5}},"type":"if","locations":[{"start":{"line":27,"column":11},"end":{"line":31,"column":5}},{"start":{"line":27,"column":11},"end":{"line":31,"column":5}}],"line":27}},"s":{"0":1,"1":1,"2":1,"3":1,"4":2,"5":1,"6":1,"7":1,"8":3,"9":3,"10":0,"11":3,"12":1,"13":2,"14":2,"15":0,"16":2,"17":1,"18":1},"f":{"0":2,"1":3,"2":3,"3":2},"b":{"0":[0,2],"1":[2,2],"2":[0,3],"3":[1,2],"4":[0,2],"5":[1,1]},"_coverageSchema":"332fd63041d2c1bcb487cc26dd0d5f7d97098a6c","hash":"1a89de470276d27b932b3a748df6d52dd7cf46a2","contentHash":"86d71805b538d1951c56d22df4acb0be_11.2.1"},"/home/traning/Naman/Investment_Assistant/Server/routes/getsurvey/deletesurvey.js":{"path":"/home/traning/Naman/Investment_Assistant/Server/routes/getsurvey/deletesurvey.js","statementMap":{"0":{"start":{"line":3,"column":15},"end":{"line":3,"column":33}},"1":{"start":{"line":5,"column":16},"end":{"line":5,"column":48}},"2":{"start":{"line":7,"column":20},"end":{"line":7,"column":56}},"3":{"start":{"line":9,"column":21},"end":{"line":9,"column":58}},"4":{"start":{"line":11,"column":39},"end":{"line":11,"column":93}},"5":{"start":{"line":13,"column":11},"end":{"line":13,"column":45}},"6":{"start":{"line":14,"column":13},"end":{"line":14,"column":39}},"7":{"start":{"line":17,"column":0},"end":{"line":39,"column":2}},"8":{"start":{"line":18,"column":1},"end":{"line":18,"column":25}},"9":{"start":{"line":19,"column":1},"end":{"line":38,"column":4}},"10":{"start":{"line":20,"column":2},"end":{"line":37,"column":3}},"11":{"start":{"line":21,"column":3},"end":{"line":21,"column":27}},"12":{"start":{"line":22,"column":3},"end":{"line":22,"column":83}},"13":{"start":{"line":23,"column":9},"end":{"line":37,"column":3}},"14":{"start":{"line":24,"column":3},"end":{"line":24,"column":86}},"15":{"start":{"line":26,"column":3},"end":{"line":26,"column":23}},"16":{"start":{"line":27,"column":3},"end":{"line":36,"column":6}},"17":{"start":{"line":28,"column":4},"end":{"line":35,"column":5}},"18":{"start":{"line":29,"column":5},"end":{"line":29,"column":88}},"19":{"start":{"line":30,"column":11},"end":{"line":35,"column":5}},"20":{"start":{"line":31,"column":5},"end":{"line":31,"column":88}},"21":{"start":{"line":33,"column":5},"end":{"line":33,"column":33}},"22":{"start":{"line":34,"column":5},"end":{"line":34,"column":103}}},"fnMap":{"0":{"name":"_interopRequireDefault","decl":{"start":{"line":11,"column":9},"end":{"line":11,"column":31}},"loc":{"start":{"line":11,"column":37},"end":{"line":11,"column":95}},"line":11},"1":{"name":"(anonymous_1)","decl":{"start":{"line":17,"column":17},"end":{"line":17,"column":18}},"loc":{"start":{"line":17,"column":37},"end":{"line":39,"column":1}},"line":17},"2":{"name":"(anonymous_2)","decl":{"start":{"line":19,"column":39},"end":{"line":19,"column":40}},"loc":{"start":{"line":19,"column":60},"end":{"line":38,"column":2}},"line":19},"3":{"name":"(anonymous_3)","decl":{"start":{"line":27,"column":13},"end":{"line":27,"column":14}},"loc":{"start":{"line":27,"column":35},"end":{"line":36,"column":4}},"line":27}},"branchMap":{"0":{"loc":{"start":{"line":11,"column":46},"end":{"line":11,"column":92}},"type":"cond-expr","locations":[{"start":{"line":11,"column":70},"end":{"line":11,"column":73}},{"start":{"line":11,"column":76},"end":{"line":11,"column":92}}],"line":11},"1":{"loc":{"start":{"line":11,"column":46},"end":{"line":11,"column":67}},"type":"binary-expr","locations":[{"start":{"line":11,"column":46},"end":{"line":11,"column":49}},{"start":{"line":11,"column":53},"end":{"line":11,"column":67}}],"line":11},"2":{"loc":{"start":{"line":20,"column":2},"end":{"line":37,"column":3}},"type":"if","locations":[{"start":{"line":20,"column":2},"end":{"line":37,"column":3}},{"start":{"line":20,"column":2},"end":{"line":37,"column":3}}],"line":20},"3":{"loc":{"start":{"line":23,"column":9},"end":{"line":37,"column":3}},"type":"if","locations":[{"start":{"line":23,"column":9},"end":{"line":37,"column":3}},{"start":{"line":23,"column":9},"end":{"line":37,"column":3}}],"line":23},"4":{"loc":{"start":{"line":28,"column":4},"end":{"line":35,"column":5}},"type":"if","locations":[{"start":{"line":28,"column":4},"end":{"line":35,"column":5}},{"start":{"line":28,"column":4},"end":{"line":35,"column":5}}],"line":28},"5":{"loc":{"start":{"line":30,"column":11},"end":{"line":35,"column":5}},"type":"if","locations":[{"start":{"line":30,"column":11},"end":{"line":35,"column":5}},{"start":{"line":30,"column":11},"end":{"line":35,"column":5}}],"line":30}},"s":{"0":1,"1":1,"2":1,"3":1,"4":2,"5":1,"6":1,"7":1,"8":5,"9":5,"10":5,"11":0,"12":0,"13":5,"14":1,"15":4,"16":4,"17":4,"18":0,"19":4,"20":1,"21":3,"22":3},"f":{"0":2,"1":5,"2":5,"3":4},"b":{"0":[0,2],"1":[2,2],"2":[0,5],"3":[1,4],"4":[0,4],"5":[1,3]},"_coverageSchema":"332fd63041d2c1bcb487cc26dd0d5f7d97098a6c","hash":"93af464c42497fc6ae497dbc391b785bfd88e1a6","contentHash":"e6102e0dee8be72fdea5409790913b6e_11.2.1"},"/home/traning/Naman/Investment_Assistant/Server/routes/createsurvey/index.js":{"path":"/home/traning/Naman/Investment_Assistant/Server/routes/createsurvey/index.js","statementMap":{"0":{"start":{"line":3,"column":0},"end":{"line":5,"column":3}},"1":{"start":{"line":7,"column":15},"end":{"line":7,"column":33}},"2":{"start":{"line":9,"column":16},"end":{"line":9,"column":48}},"3":{"start":{"line":11,"column":20},"end":{"line":11,"column":45}},"4":{"start":{"line":13,"column":21},"end":{"line":13,"column":58}},"5":{"start":{"line":15,"column":39},"end":{"line":15,"column":93}},"6":{"start":{"line":17,"column":13},"end":{"line":17,"column":39}},"7":{"start":{"line":18,"column":0},"end":{"line":18,"column":41}},"8":{"start":{"line":19,"column":0},"end":{"line":19,"column":25}}},"fnMap":{"0":{"name":"_interopRequireDefault","decl":{"start":{"line":15,"column":9},"end":{"line":15,"column":31}},"loc":{"start":{"line":15,"column":37},"end":{"line":15,"column":95}},"line":15}},"branchMap":{"0":{"loc":{"start":{"line":15,"column":46},"end":{"line":15,"column":92}},"type":"cond-expr","locations":[{"start":{"line":15,"column":70},"end":{"line":15,"column":73}},{"start":{"line":15,"column":76},"end":{"line":15,"column":92}}],"line":15},"1":{"loc":{"start":{"line":15,"column":46},"end":{"line":15,"column":67}},"type":"binary-expr","locations":[{"start":{"line":15,"column":46},"end":{"line":15,"column":49}},{"start":{"line":15,"column":53},"end":{"line":15,"column":67}}],"line":15}},"s":{"0":1,"1":1,"2":1,"3":1,"4":1,"5":2,"6":1,"7":1,"8":1},"f":{"0":2},"b":{"0":[0,2],"1":[2,2]},"_coverageSchema":"332fd63041d2c1bcb487cc26dd0d5f7d97098a6c","hash":"1ff587d26dc2728f7095e1ea658c8bccc64ee733","contentHash":"03b027569f83fcf28c8adc20b4fe846e_11.2.1"},"/home/traning/Naman/Investment_Assistant/Server/routes/createsurvey/createsurvey.js":{"path":"/home/traning/Naman/Investment_Assistant/Server/routes/createsurvey/createsurvey.js","statementMap":{"0":{"start":{"line":3,"column":15},"end":{"line":3,"column":33}},"1":{"start":{"line":5,"column":16},"end":{"line":5,"column":48}},"2":{"start":{"line":7,"column":20},"end":{"line":7,"column":56}},"3":{"start":{"line":9,"column":21},"end":{"line":9,"column":58}},"4":{"start":{"line":11,"column":39},"end":{"line":11,"column":93}},"5":{"start":{"line":31,"column":12},"end":{"line":31,"column":46}},"6":{"start":{"line":32,"column":0},"end":{"line":42,"column":2}},"7":{"start":{"line":33,"column":2},"end":{"line":41,"column":5}},"8":{"start":{"line":34,"column":4},"end":{"line":40,"column":5}},"9":{"start":{"line":35,"column":6},"end":{"line":35,"column":104}},"10":{"start":{"line":36,"column":11},"end":{"line":40,"column":5}},"11":{"start":{"line":37,"column":6},"end":{"line":37,"column":66}},"12":{"start":{"line":39,"column":6},"end":{"line":39,"column":103}}},"fnMap":{"0":{"name":"_interopRequireDefault","decl":{"start":{"line":11,"column":9},"end":{"line":11,"column":31}},"loc":{"start":{"line":11,"column":37},"end":{"line":11,"column":95}},"line":11},"1":{"name":"(anonymous_1)","decl":{"start":{"line":32,"column":17},"end":{"line":32,"column":18}},"loc":{"start":{"line":32,"column":37},"end":{"line":42,"column":1}},"line":32},"2":{"name":"(anonymous_2)","decl":{"start":{"line":33,"column":29},"end":{"line":33,"column":30}},"loc":{"start":{"line":33,"column":50},"end":{"line":41,"column":3}},"line":33}},"branchMap":{"0":{"loc":{"start":{"line":11,"column":46},"end":{"line":11,"column":92}},"type":"cond-expr","locations":[{"start":{"line":11,"column":70},"end":{"line":11,"column":73}},{"start":{"line":11,"column":76},"end":{"line":11,"column":92}}],"line":11},"1":{"loc":{"start":{"line":11,"column":46},"end":{"line":11,"column":67}},"type":"binary-expr","locations":[{"start":{"line":11,"column":46},"end":{"line":11,"column":49}},{"start":{"line":11,"column":53},"end":{"line":11,"column":67}}],"line":11},"2":{"loc":{"start":{"line":34,"column":4},"end":{"line":40,"column":5}},"type":"if","locations":[{"start":{"line":34,"column":4},"end":{"line":40,"column":5}},{"start":{"line":34,"column":4},"end":{"line":40,"column":5}}],"line":34},"3":{"loc":{"start":{"line":36,"column":11},"end":{"line":40,"column":5}},"type":"if","locations":[{"start":{"line":36,"column":11},"end":{"line":40,"column":5}},{"start":{"line":36,"column":11},"end":{"line":40,"column":5}}],"line":36}},"s":{"0":1,"1":1,"2":1,"3":1,"4":2,"5":1,"6":1,"7":2,"8":2,"9":0,"10":2,"11":1,"12":1},"f":{"0":2,"1":2,"2":2},"b":{"0":[0,2],"1":[2,2],"2":[0,2],"3":[1,1]},"_coverageSchema":"332fd63041d2c1bcb487cc26dd0d5f7d97098a6c","hash":"be2f042a0b6916b8d6c6529da6341a9c3676f2a6","contentHash":"49674193cb679148f8167340273e86bc_11.2.1"},"/home/traning/Naman/Investment_Assistant/Server/routes/publishsurvey/index.js":{"path":"/home/traning/Naman/Investment_Assistant/Server/routes/publishsurvey/index.js","statementMap":{"0":{"start":{"line":3,"column":0},"end":{"line":5,"column":3}},"1":{"start":{"line":7,"column":15},"end":{"line":7,"column":33}},"2":{"start":{"line":9,"column":16},"end":{"line":9,"column":48}},"3":{"start":{"line":11,"column":21},"end":{"line":11,"column":47}},"4":{"start":{"line":13,"column":22},"end":{"line":13,"column":60}},"5":{"start":{"line":15,"column":39},"end":{"line":15,"column":93}},"6":{"start":{"line":17,"column":13},"end":{"line":17,"column":39}},"7":{"start":{"line":18,"column":0},"end":{"line":18,"column":41}},"8":{"start":{"line":19,"column":0},"end":{"line":19,"column":25}}},"fnMap":{"0":{"name":"_interopRequireDefault","decl":{"start":{"line":15,"column":9},"end":{"line":15,"column":31}},"loc":{"start":{"line":15,"column":37},"end":{"line":15,"column":95}},"line":15}},"branchMap":{"0":{"loc":{"start":{"line":15,"column":46},"end":{"line":15,"column":92}},"type":"cond-expr","locations":[{"start":{"line":15,"column":70},"end":{"line":15,"column":73}},{"start":{"line":15,"column":76},"end":{"line":15,"column":92}}],"line":15},"1":{"loc":{"start":{"line":15,"column":46},"end":{"line":15,"column":67}},"type":"binary-expr","locations":[{"start":{"line":15,"column":46},"end":{"line":15,"column":49}},{"start":{"line":15,"column":53},"end":{"line":15,"column":67}}],"line":15}},"s":{"0":1,"1":1,"2":1,"3":1,"4":1,"5":2,"6":1,"7":1,"8":1},"f":{"0":2},"b":{"0":[0,2],"1":[2,2]},"_coverageSchema":"332fd63041d2c1bcb487cc26dd0d5f7d97098a6c","hash":"cd78fcbde196f8a62ce070a66c42d74046fbc706","contentHash":"0ec34c8149fdb65131b6ced8585849df_11.2.1"},"/home/traning/Naman/Investment_Assistant/Server/routes/publishsurvey/publishsurvey.js":{"path":"/home/traning/Naman/Investment_Assistant/Server/routes/publishsurvey/publishsurvey.js","statementMap":{"0":{"start":{"line":3,"column":15},"end":{"line":3,"column":33}},"1":{"start":{"line":5,"column":16},"end":{"line":5,"column":48}},"2":{"start":{"line":7,"column":20},"end":{"line":7,"column":56}},"3":{"start":{"line":9,"column":21},"end":{"line":9,"column":58}},"4":{"start":{"line":11,"column":39},"end":{"line":11,"column":93}},"5":{"start":{"line":13,"column":11},"end":{"line":13,"column":45}},"6":{"start":{"line":14,"column":0},"end":{"line":28,"column":2}},"7":{"start":{"line":16,"column":4},"end":{"line":27,"column":7}},"8":{"start":{"line":17,"column":8},"end":{"line":26,"column":9}},"9":{"start":{"line":18,"column":12},"end":{"line":18,"column":105}},"10":{"start":{"line":19,"column":15},"end":{"line":26,"column":9}},"11":{"start":{"line":20,"column":12},"end":{"line":20,"column":70}},"12":{"start":{"line":23,"column":12},"end":{"line":25,"column":15}},"13":{"start":{"line":24,"column":16},"end":{"line":24,"column":114}}},"fnMap":{"0":{"name":"_interopRequireDefault","decl":{"start":{"line":11,"column":9},"end":{"line":11,"column":31}},"loc":{"start":{"line":11,"column":37},"end":{"line":11,"column":95}},"line":11},"1":{"name":"(anonymous_1)","decl":{"start":{"line":14,"column":17},"end":{"line":14,"column":18}},"loc":{"start":{"line":14,"column":37},"end":{"line":28,"column":1}},"line":14},"2":{"name":"(anonymous_2)","decl":{"start":{"line":16,"column":68},"end":{"line":16,"column":69}},"loc":{"start":{"line":16,"column":89},"end":{"line":27,"column":5}},"line":16},"3":{"name":"(anonymous_3)","decl":{"start":{"line":23,"column":26},"end":{"line":23,"column":27}},"loc":{"start":{"line":23,"column":48},"end":{"line":25,"column":13}},"line":23}},"branchMap":{"0":{"loc":{"start":{"line":11,"column":46},"end":{"line":11,"column":92}},"type":"cond-expr","locations":[{"start":{"line":11,"column":70},"end":{"line":11,"column":73}},{"start":{"line":11,"column":76},"end":{"line":11,"column":92}}],"line":11},"1":{"loc":{"start":{"line":11,"column":46},"end":{"line":11,"column":67}},"type":"binary-expr","locations":[{"start":{"line":11,"column":46},"end":{"line":11,"column":49}},{"start":{"line":11,"column":53},"end":{"line":11,"column":67}}],"line":11},"2":{"loc":{"start":{"line":17,"column":8},"end":{"line":26,"column":9}},"type":"if","locations":[{"start":{"line":17,"column":8},"end":{"line":26,"column":9}},{"start":{"line":17,"column":8},"end":{"line":26,"column":9}}],"line":17},"3":{"loc":{"start":{"line":19,"column":15},"end":{"line":26,"column":9}},"type":"if","locations":[{"start":{"line":19,"column":15},"end":{"line":26,"column":9}},{"start":{"line":19,"column":15},"end":{"line":26,"column":9}}],"line":19}},"s":{"0":1,"1":1,"2":1,"3":1,"4":2,"5":1,"6":1,"7":2,"8":2,"9":0,"10":2,"11":1,"12":1,"13":1},"f":{"0":2,"1":2,"2":2,"3":1},"b":{"0":[0,2],"1":[2,2],"2":[0,2],"3":[1,1]},"_coverageSchema":"332fd63041d2c1bcb487cc26dd0d5f7d97098a6c","hash":"2c4f520d949702718d3837dcd2aaf547059e561c","contentHash":"7141d32efc6423f464ad0a5a29a3b7dd_11.2.1"}}